<?xml version="1.0" encoding="UTF-8"?>
<robot generator="Robot 4.1.3 (Python 3.6.5 on win32)" generated="20220427 10:26:31.381" rpa="false" schemaversion="2">
<suite id="s1" name="DigiKala Delete Product" source="C:\Users\Mi Store\Desktop\DigiKala\TestCase\DigiKala_Delete_Product.robot">
<kw name="Open Page" library="commonfunctionality" type="SETUP">
<doc>This Is Open Digikala</doc>
<kw name="Set Selenium Speed" library="SeleniumLibrary">
<arg>${Speed}</arg>
<doc>Sets the delay that is waited after each Selenium command.</doc>
<status status="PASS" starttime="20220427 10:26:31.708" endtime="20220427 10:26:31.708"/>
</kw>
<kw name="Set Selenium Timeout" library="SeleniumLibrary">
<arg>${Timeout}</arg>
<doc>Sets the timeout that is used by various keywords.</doc>
<status status="PASS" starttime="20220427 10:26:31.708" endtime="20220427 10:26:31.709"/>
</kw>
<kw name="Open Browser" library="SeleniumLibrary">
<arg>${url}</arg>
<arg>${browser}</arg>
<doc>Opens a new browser instance to the optional ``url``.</doc>
<msg timestamp="20220427 10:26:31.710" level="INFO">Opening browser 'Chrome' to base url 'https://www.digikala.com/'.</msg>
<status status="PASS" starttime="20220427 10:26:31.709" endtime="20220427 10:27:01.563"/>
</kw>
<kw name="Maximize Browser Window" library="SeleniumLibrary">
<doc>Maximizes current browser window.</doc>
<status status="PASS" starttime="20220427 10:27:01.564" endtime="20220427 10:27:02.006"/>
</kw>
<status status="PASS" starttime="20220427 10:26:31.707" endtime="20220427 10:27:02.006"/>
</kw>
<test id="s1-t1" name="This is Delete_product TestCase for digikala.com">
<kw name="Click" library="commonfunctionality">
<arg>${cartButton}</arg>
<kw name="Wait Until Element Is Enabled" library="SeleniumLibrary">
<arg>${arg}</arg>
<doc>Waits until the element ``locator`` is enabled.</doc>
<status status="PASS" starttime="20220427 10:27:02.010" endtime="20220427 10:27:02.295"/>
</kw>
<kw name="Run Keyword And Ignore Error" library="BuiltIn">
<arg>Scroll Element Into View</arg>
<arg>${arg}</arg>
<doc>Runs the given keyword with the given arguments and ignores possible error.</doc>
<kw name="Scroll Element Into View" library="SeleniumLibrary">
<arg>${arg}</arg>
<doc>Scrolls the element identified by ``locator`` into view.</doc>
<status status="PASS" starttime="20220427 10:27:02.296" endtime="20220427 10:27:02.616"/>
</kw>
<status status="PASS" starttime="20220427 10:27:02.295" endtime="20220427 10:27:02.617"/>
</kw>
<kw name="Wait Until Element Is Visible" library="SeleniumLibrary">
<arg>${arg}</arg>
<doc>Waits until the element ``locator`` is visible.</doc>
<status status="PASS" starttime="20220427 10:27:02.617" endtime="20220427 10:27:02.713"/>
</kw>
<kw name="Run Keyword And Ignore Error" library="BuiltIn">
<arg>Mouse Over</arg>
<arg>${arg}</arg>
<doc>Runs the given keyword with the given arguments and ignores possible error.</doc>
<kw name="Mouse Over" library="SeleniumLibrary">
<arg>${arg}</arg>
<doc>Simulates hovering the mouse over the element ``locator``.</doc>
<msg timestamp="20220427 10:27:02.716" level="INFO">Simulating Mouse Over on element 'xpath://a[@href="/checkout/cart/"]'.</msg>
<status status="PASS" starttime="20220427 10:27:02.715" endtime="20220427 10:27:03.050"/>
</kw>
<status status="PASS" starttime="20220427 10:27:02.714" endtime="20220427 10:27:03.051"/>
</kw>
<kw name="Wait Until Keyword Succeeds" library="BuiltIn">
<arg>2 min</arg>
<arg>5 sec</arg>
<arg>Click Element</arg>
<arg>${arg}</arg>
<doc>Runs the specified keyword and retries if it fails.</doc>
<kw name="Click Element" library="SeleniumLibrary">
<arg>${arg}</arg>
<doc>Click the element identified by ``locator``.</doc>
<msg timestamp="20220427 10:27:03.056" level="INFO">Clicking element 'xpath://a[@href="/checkout/cart/"]'.</msg>
<status status="PASS" starttime="20220427 10:27:03.054" endtime="20220427 10:27:03.621"/>
</kw>
<status status="PASS" starttime="20220427 10:27:03.052" endtime="20220427 10:27:03.621"/>
</kw>
<status status="PASS" starttime="20220427 10:27:02.009" endtime="20220427 10:27:03.621"/>
</kw>
<kw name="Run Keyword If" library="BuiltIn">
<arg>Page Should Contain</arg>
<arg>سبد خرید شما خالی است!</arg>
<arg>Add Product</arg>
<doc>Runs the given keyword with the given arguments, if ``condition`` is true.</doc>
<msg timestamp="20220427 10:27:03.626" level="FAIL">Evaluating expression 'Page Should Contain' failed: SyntaxError: invalid syntax (&lt;string&gt;, line 1)</msg>
<status status="FAIL" starttime="20220427 10:27:03.622" endtime="20220427 10:27:03.626"/>
</kw>
<kw name="Remove Product" library="Delete_Product">
<status status="NOT RUN" starttime="20220427 10:27:03.627" endtime="20220427 10:27:03.627"/>
</kw>
<kw name="Assertion Text" library="commonfunctionality">
<arg>سبد خرید شما خالی است!</arg>
<status status="NOT RUN" starttime="20220427 10:27:03.629" endtime="20220427 10:27:03.629"/>
</kw>
<tag>DigiKala_Delete_Product</tag>
<status status="FAIL" starttime="20220427 10:27:02.006" endtime="20220427 10:27:03.630">Evaluating expression 'Page Should Contain' failed: SyntaxError: invalid syntax (&lt;string&gt;, line 1)</status>
</test>
<kw name="Close Page" library="commonfunctionality" type="TEARDOWN">
<kw name="Close Browser" library="SeleniumLibrary">
<doc>Closes the current browser.</doc>
<status status="PASS" starttime="20220427 10:27:03.644" endtime="20220427 10:27:06.219"/>
</kw>
<status status="PASS" starttime="20220427 10:27:03.643" endtime="20220427 10:27:06.220"/>
</kw>
<doc>Delete Product</doc>
<status status="FAIL" starttime="20220427 10:26:31.383" endtime="20220427 10:27:06.220"/>
</suite>
<statistics>
<total>
<stat pass="0" fail="1" skip="0">All Tests</stat>
</total>
<tag>
<stat pass="0" fail="1" skip="0">DigiKala_Delete_Product</stat>
</tag>
<suite>
<stat pass="0" fail="1" skip="0" id="s1" name="DigiKala Delete Product">DigiKala Delete Product</stat>
</suite>
</statistics>
<errors>
</errors>
</robot>
