<?xml version="1.0" encoding="UTF-8"?>
<robot generator="Robot 4.1.3 (Python 3.6.5 on win32)" generated="20220425 15:26:31.125" rpa="false" schemaversion="2">
<suite id="s1" name="Digikala Buy product" source="C:\Users\Mi Store\Desktop\DigiKala\TestCase\Digikala_Buy_product.robot">
<kw name="Run Keywords" library="BuiltIn" type="SETUP">
<arg>commonfunctionality.Open Page</arg>
<arg>Login.Verify Login Page Loaded</arg>
<arg>Login.click on login</arg>
<arg>Login.Enter Username and Click</arg>
<arg>Login.Enter Password and Click</arg>
<doc>Executes all the given keywords in a sequence.</doc>
<kw name="Open Page" library="commonfunctionality">
<doc>This is test to Login digikala</doc>
<kw name="Set Selenium Speed" library="SeleniumLibrary">
<arg>${Speed}</arg>
<doc>Sets the delay that is waited after each Selenium command.</doc>
<status status="PASS" starttime="20220425 15:26:31.403" endtime="20220425 15:26:31.404"/>
</kw>
<kw name="Set Selenium Timeout" library="SeleniumLibrary">
<arg>${Timeout}</arg>
<doc>Sets the timeout that is used by various keywords.</doc>
<status status="PASS" starttime="20220425 15:26:31.404" endtime="20220425 15:26:31.405"/>
</kw>
<kw name="Open Browser" library="SeleniumLibrary">
<arg>${url}</arg>
<arg>${browser}</arg>
<doc>Opens a new browser instance to the optional ``url``.</doc>
<msg timestamp="20220425 15:26:31.406" level="INFO">Opening browser 'Chrome' to base url 'https://www.digikala.com/'.</msg>
<status status="PASS" starttime="20220425 15:26:31.405" endtime="20220425 15:27:07.351"/>
</kw>
<kw name="Maximize Browser Window" library="SeleniumLibrary">
<doc>Maximizes current browser window.</doc>
<status status="PASS" starttime="20220425 15:27:07.352" endtime="20220425 15:27:07.723"/>
</kw>
<status status="PASS" starttime="20220425 15:26:31.403" endtime="20220425 15:27:07.723"/>
</kw>
<kw name="Verify Login Page Loaded" library="Login">
<kw name="Wait Until Page Contains" library="SeleniumLibrary">
<arg>${WebsiteName}</arg>
<doc>Waits until ``text`` appears on the current page.</doc>
<status status="PASS" starttime="20220425 15:27:07.724" endtime="20220425 15:27:07.908"/>
</kw>
<status status="PASS" starttime="20220425 15:27:07.723" endtime="20220425 15:27:07.909"/>
</kw>
<kw name="click on login" library="Login">
<kw name="Click Element" library="SeleniumLibrary">
<arg>${ClickOnLogin}</arg>
<doc>Click the element identified by ``locator``.</doc>
<msg timestamp="20220425 15:27:07.912" level="INFO">Clicking element 'xpath://*[contains(text(),'ورود')]'.</msg>
<status status="PASS" starttime="20220425 15:27:07.910" endtime="20220425 15:27:08.289"/>
</kw>
<status status="PASS" starttime="20220425 15:27:07.909" endtime="20220425 15:27:08.290"/>
</kw>
<kw name="Enter Username and Click" library="Login">
<kw name="assertion Text" library="commonfunctionality">
<arg>ورود</arg>
<kw name="Wait Until Page Contains" library="SeleniumLibrary">
<arg>${text}</arg>
<doc>Waits until ``text`` appears on the current page.</doc>
<status status="PASS" starttime="20220425 15:27:08.291" endtime="20220425 15:27:08.337"/>
</kw>
<kw name="Page Should Contain" library="SeleniumLibrary">
<arg>${text}</arg>
<doc>Verifies that current page contains ``text``.</doc>
<msg timestamp="20220425 15:27:08.358" level="INFO">Current page contains text 'ورود'.</msg>
<status status="PASS" starttime="20220425 15:27:08.338" endtime="20220425 15:27:08.359"/>
</kw>
<status status="PASS" starttime="20220425 15:27:08.290" endtime="20220425 15:27:08.359"/>
</kw>
<kw name="Input Text" library="SeleniumLibrary">
<arg>${UsernameInput}</arg>
<arg>${Username}</arg>
<doc>Types the given ``text`` into the text field identified by ``locator``.</doc>
<msg timestamp="20220425 15:27:08.360" level="INFO">Typing text 'najafi.nazanin@gmail.com' into text field 'xpath://input[@name="username"]'.</msg>
<status status="PASS" starttime="20220425 15:27:08.360" endtime="20220425 15:27:08.565"/>
</kw>
<kw name="Click Element" library="SeleniumLibrary">
<arg>${UsernamePressKeys}</arg>
<doc>Click the element identified by ``locator``.</doc>
<msg timestamp="20220425 15:27:08.567" level="INFO">Clicking element 'xpath://button[@data-cro-id="login-register"]'.</msg>
<status status="PASS" starttime="20220425 15:27:08.566" endtime="20220425 15:27:08.663"/>
</kw>
<status status="PASS" starttime="20220425 15:27:08.290" endtime="20220425 15:27:08.664"/>
</kw>
<kw name="Enter Password and Click" library="Login">
<kw name="assertion Text" library="commonfunctionality">
<arg>تایید</arg>
<kw name="Wait Until Page Contains" library="SeleniumLibrary">
<arg>${text}</arg>
<doc>Waits until ``text`` appears on the current page.</doc>
<status status="PASS" starttime="20220425 15:27:08.665" endtime="20220425 15:27:08.934"/>
</kw>
<kw name="Page Should Contain" library="SeleniumLibrary">
<arg>${text}</arg>
<doc>Verifies that current page contains ``text``.</doc>
<msg timestamp="20220425 15:27:08.959" level="INFO">Current page contains text 'تایید'.</msg>
<status status="PASS" starttime="20220425 15:27:08.934" endtime="20220425 15:27:08.959"/>
</kw>
<status status="PASS" starttime="20220425 15:27:08.665" endtime="20220425 15:27:08.959"/>
</kw>
<kw name="Wait Until Element Is Enabled" library="SeleniumLibrary">
<arg>${PasswordInput}</arg>
<doc>Waits until the element ``locator`` is enabled.</doc>
<status status="PASS" starttime="20220425 15:27:08.960" endtime="20220425 15:27:09.004"/>
</kw>
<kw name="Input Password" library="SeleniumLibrary">
<arg>${PasswordInput}</arg>
<arg>${Password}</arg>
<doc>Types the given password into the text field identified by ``locator``.</doc>
<msg timestamp="20220425 15:27:09.006" level="INFO">Typing password into text field 'xpath://input[@name="password"]'.</msg>
<msg timestamp="20220425 15:27:09.051" level="INFO">Temporally setting log level to: NONE</msg>
<msg timestamp="20220425 15:27:09.105" level="INFO">Log level changed from NONE to INFO.</msg>
<status status="PASS" starttime="20220425 15:27:09.004" endtime="20220425 15:27:09.106"/>
</kw>
<kw name="Click Element" library="SeleniumLibrary">
<arg>${PasswordPressKeys}</arg>
<doc>Click the element identified by ``locator``.</doc>
<msg timestamp="20220425 15:27:09.107" level="INFO">Clicking element 'xpath://button[@type="submit"]'.</msg>
<status status="PASS" starttime="20220425 15:27:09.106" endtime="20220425 15:27:09.174"/>
</kw>
<status status="PASS" starttime="20220425 15:27:08.664" endtime="20220425 15:27:09.174"/>
</kw>
<status status="PASS" starttime="20220425 15:26:31.402" endtime="20220425 15:27:09.174"/>
</kw>
<test id="s1-t1" name="This is Buy_product TestCase for digikala.com">
<kw name="Select Category" library="Buy_product">
<kw name="Wait Until Page Contains" library="SeleniumLibrary">
<arg>دسته‌بندی کالاها</arg>
<doc>Waits until ``text`` appears on the current page.</doc>
<status status="PASS" starttime="20220425 15:27:09.179" endtime="20220425 15:27:10.752"/>
</kw>
<kw name="Wait Until Element Is Visible" library="SeleniumLibrary">
<arg>${Classification}</arg>
<doc>Waits until the element ``locator`` is visible.</doc>
<status status="PASS" starttime="20220425 15:27:10.753" endtime="20220425 15:27:10.952"/>
</kw>
<kw name="Click Element" library="SeleniumLibrary">
<arg>${Classification}</arg>
<doc>Click the element identified by ``locator``.</doc>
<msg timestamp="20220425 15:27:10.953" level="INFO">Clicking element 'xpath://span[@data-cro-id="header-main-menu"]'.</msg>
<status status="PASS" starttime="20220425 15:27:10.953" endtime="20220425 15:27:11.238"/>
</kw>
<kw name="Wait Until Page Contains" library="SeleniumLibrary">
<arg>کالای دیجیتال</arg>
<doc>Waits until ``text`` appears on the current page.</doc>
<status status="PASS" starttime="20220425 15:27:11.238" endtime="20220425 15:27:11.360"/>
</kw>
<kw name="Mouse Over" library="SeleniumLibrary">
<arg>${productClass}</arg>
<doc>Simulates hovering the mouse over the element ``locator``.</doc>
<msg timestamp="20220425 15:27:11.360" level="INFO">Simulating Mouse Over on element 'xpath://a[@href="/main/electronic-devices/"]'.</msg>
<status status="PASS" starttime="20220425 15:27:11.360" endtime="20220425 15:27:11.783"/>
</kw>
<kw name="Wait Until Page Contains" library="SeleniumLibrary">
<arg>گوشی موبایل</arg>
<doc>Waits until ``text`` appears on the current page.</doc>
<status status="PASS" starttime="20220425 15:27:11.783" endtime="20220425 15:27:11.814"/>
</kw>
<kw name="Wait Until Element Is Visible" library="SeleniumLibrary">
<arg>${productSubClass}</arg>
<doc>Waits until the element ``locator`` is visible.</doc>
<status status="PASS" starttime="20220425 15:27:11.814" endtime="20220425 15:27:11.853"/>
</kw>
<kw name="Mouse Over" library="SeleniumLibrary">
<arg>${productSubClass}</arg>
<doc>Simulates hovering the mouse over the element ``locator``.</doc>
<msg timestamp="20220425 15:27:11.853" level="INFO">Simulating Mouse Over on element 'xpath://a[@href="/search/category-mobile-phone/"]'.</msg>
<status status="PASS" starttime="20220425 15:27:11.853" endtime="20220425 15:27:12.156"/>
</kw>
<kw name="Click Element" library="SeleniumLibrary">
<arg>${productSubClass}</arg>
<doc>Click the element identified by ``locator``.</doc>
<msg timestamp="20220425 15:27:12.156" level="INFO">Clicking element 'xpath://a[@href="/search/category-mobile-phone/"]'.</msg>
<status status="PASS" starttime="20220425 15:27:12.156" endtime="20220425 15:27:12.496"/>
</kw>
<status status="PASS" starttime="20220425 15:27:09.178" endtime="20220425 15:27:12.496"/>
</kw>
<kw name="Filters" library="Buy_product">
<kw name="Add Filter" library="commonfunctionality">
<arg>برند</arg>
<arg>${Brand}</arg>
<arg>${BrandName}</arg>
<kw name="assertion Text" library="commonfunctionality">
<arg>${assertion_text}</arg>
<kw name="Wait Until Page Contains" library="SeleniumLibrary">
<arg>${text}</arg>
<doc>Waits until ``text`` appears on the current page.</doc>
<status status="PASS" starttime="20220425 15:27:12.501" endtime="20220425 15:27:12.538"/>
</kw>
<kw name="Page Should Contain" library="SeleniumLibrary">
<arg>${text}</arg>
<doc>Verifies that current page contains ``text``.</doc>
<msg timestamp="20220425 15:27:12.557" level="INFO">Current page contains text 'برند'.</msg>
<status status="PASS" starttime="20220425 15:27:12.539" endtime="20220425 15:27:12.557"/>
</kw>
<status status="PASS" starttime="20220425 15:27:12.500" endtime="20220425 15:27:12.557"/>
</kw>
<kw name="Run Keyword And Ignore Error" library="BuiltIn">
<arg>Scroll Element Into View</arg>
<arg>${filter}</arg>
<doc>Runs the given keyword with the given arguments and ignores possible error.</doc>
<kw name="Scroll Element Into View" library="SeleniumLibrary">
<arg>${filter}</arg>
<doc>Scrolls the element identified by ``locator`` into view.</doc>
<kw name="Capture Page Screenshot" library="SeleniumLibrary">
<doc>Takes a screenshot of the current page and embeds it into a log file.</doc>
<msg timestamp="20220425 15:27:13.114" level="INFO" html="true">&lt;/td&gt;&lt;/tr&gt;&lt;tr&gt;&lt;td colspan="3"&gt;&lt;a href="selenium-screenshot-62.png"&gt;&lt;img src="selenium-screenshot-62.png" width="800px"&gt;&lt;/a&gt;</msg>
<status status="PASS" starttime="20220425 15:27:12.575" endtime="20220425 15:27:13.114"/>
</kw>
<msg timestamp="20220425 15:27:13.122" level="FAIL">Element with locator 'xpath://div[contains(@class, "text-subtitle-strong d-flex ai-center") and contains(text(),'برند')]' not found.</msg>
<status status="FAIL" starttime="20220425 15:27:12.558" endtime="20220425 15:27:13.122"/>
</kw>
<status status="PASS" starttime="20220425 15:27:12.558" endtime="20220425 15:27:13.122"/>
</kw>
<kw name="Wait Until Element Is Visible" library="SeleniumLibrary">
<arg>${filter}</arg>
<doc>Waits until the element ``locator`` is visible.</doc>
<status status="PASS" starttime="20220425 15:27:13.122" endtime="20220425 15:27:13.167"/>
</kw>
<kw name="Wait Until Keyword Succeeds" library="BuiltIn">
<arg>2 min</arg>
<arg>5 sec</arg>
<arg>Click Element</arg>
<arg>${filter}</arg>
<doc>Runs the specified keyword and retries if it fails.</doc>
<kw name="Click Element" library="SeleniumLibrary">
<arg>${filter}</arg>
<doc>Click the element identified by ``locator``.</doc>
<msg timestamp="20220425 15:27:13.168" level="INFO">Clicking element 'xpath://div[contains(@class, "text-subtitle-strong d-flex ai-center") and contains(text(),'برند')]'.</msg>
<status status="PASS" starttime="20220425 15:27:13.168" endtime="20220425 15:27:13.375"/>
</kw>
<status status="PASS" starttime="20220425 15:27:13.167" endtime="20220425 15:27:13.375"/>
</kw>
<kw name="Wait Until Element Is Enabled" library="SeleniumLibrary">
<arg>${sub_filter}</arg>
<doc>Waits until the element ``locator`` is enabled.</doc>
<status status="PASS" starttime="20220425 15:27:13.376" endtime="20220425 15:27:13.450"/>
</kw>
<kw name="Run Keyword And Ignore Error" library="BuiltIn">
<arg>Scroll Element Into View</arg>
<arg>${sub_filter}</arg>
<doc>Runs the given keyword with the given arguments and ignores possible error.</doc>
<kw name="Scroll Element Into View" library="SeleniumLibrary">
<arg>${sub_filter}</arg>
<doc>Scrolls the element identified by ``locator`` into view.</doc>
<status status="PASS" starttime="20220425 15:27:13.451" endtime="20220425 15:27:13.735"/>
</kw>
<status status="PASS" starttime="20220425 15:27:13.450" endtime="20220425 15:27:13.735"/>
</kw>
<kw name="Mouse Over" library="SeleniumLibrary">
<arg>${sub_filter}</arg>
<doc>Simulates hovering the mouse over the element ``locator``.</doc>
<msg timestamp="20220425 15:27:13.737" level="INFO">Simulating Mouse Over on element 'xpath://div[contains(@class, "text-subtitle-strong") and contains(text(),'اپل')]'.</msg>
<status status="PASS" starttime="20220425 15:27:13.736" endtime="20220425 15:27:14.046"/>
</kw>
<kw name="Wait Until Keyword Succeeds" library="BuiltIn">
<arg>2 min</arg>
<arg>5 sec</arg>
<arg>Click Element</arg>
<arg>${sub_filter}</arg>
<doc>Runs the specified keyword and retries if it fails.</doc>
<kw name="Click Element" library="SeleniumLibrary">
<arg>${sub_filter}</arg>
<doc>Click the element identified by ``locator``.</doc>
<msg timestamp="20220425 15:27:14.049" level="INFO">Clicking element 'xpath://div[contains(@class, "text-subtitle-strong") and contains(text(),'اپل')]'.</msg>
<status status="PASS" starttime="20220425 15:27:14.048" endtime="20220425 15:27:14.339"/>
</kw>
<status status="PASS" starttime="20220425 15:27:14.046" endtime="20220425 15:27:14.339"/>
</kw>
<status status="PASS" starttime="20220425 15:27:12.498" endtime="20220425 15:27:14.339"/>
</kw>
<kw name="Add Filter" library="commonfunctionality">
<arg>نوع فروشنده</arg>
<arg>${SellerType}</arg>
<arg>${SellerName}</arg>
<kw name="assertion Text" library="commonfunctionality">
<arg>${assertion_text}</arg>
<kw name="Wait Until Page Contains" library="SeleniumLibrary">
<arg>${text}</arg>
<doc>Waits until ``text`` appears on the current page.</doc>
<status status="PASS" starttime="20220425 15:27:14.344" endtime="20220425 15:27:14.404"/>
</kw>
<kw name="Page Should Contain" library="SeleniumLibrary">
<arg>${text}</arg>
<doc>Verifies that current page contains ``text``.</doc>
<msg timestamp="20220425 15:27:14.442" level="INFO">Current page contains text 'نوع فروشنده'.</msg>
<status status="PASS" starttime="20220425 15:27:14.404" endtime="20220425 15:27:14.442"/>
</kw>
<status status="PASS" starttime="20220425 15:27:14.342" endtime="20220425 15:27:14.442"/>
</kw>
<kw name="Run Keyword And Ignore Error" library="BuiltIn">
<arg>Scroll Element Into View</arg>
<arg>${filter}</arg>
<doc>Runs the given keyword with the given arguments and ignores possible error.</doc>
<kw name="Scroll Element Into View" library="SeleniumLibrary">
<arg>${filter}</arg>
<doc>Scrolls the element identified by ``locator`` into view.</doc>
<kw name="Capture Page Screenshot" library="SeleniumLibrary">
<doc>Takes a screenshot of the current page and embeds it into a log file.</doc>
<msg timestamp="20220425 15:27:15.205" level="INFO" html="true">&lt;/td&gt;&lt;/tr&gt;&lt;tr&gt;&lt;td colspan="3"&gt;&lt;a href="selenium-screenshot-63.png"&gt;&lt;img src="selenium-screenshot-63.png" width="800px"&gt;&lt;/a&gt;</msg>
<status status="PASS" starttime="20220425 15:27:14.838" endtime="20220425 15:27:15.205"/>
</kw>
<msg timestamp="20220425 15:27:15.209" level="FAIL">MoveTargetOutOfBoundsException: Message: move target out of bounds
  (Session info: chrome=100.0.4896.127)
</msg>
<status status="FAIL" starttime="20220425 15:27:14.444" endtime="20220425 15:27:15.209"/>
</kw>
<status status="PASS" starttime="20220425 15:27:14.443" endtime="20220425 15:27:15.209"/>
</kw>
<kw name="Wait Until Element Is Visible" library="SeleniumLibrary">
<arg>${filter}</arg>
<doc>Waits until the element ``locator`` is visible.</doc>
<status status="PASS" starttime="20220425 15:27:15.209" endtime="20220425 15:27:15.275"/>
</kw>
<kw name="Wait Until Keyword Succeeds" library="BuiltIn">
<arg>2 min</arg>
<arg>5 sec</arg>
<arg>Click Element</arg>
<arg>${filter}</arg>
<doc>Runs the specified keyword and retries if it fails.</doc>
<kw name="Click Element" library="SeleniumLibrary">
<arg>${filter}</arg>
<doc>Click the element identified by ``locator``.</doc>
<msg timestamp="20220425 15:27:15.277" level="INFO">Clicking element 'xpath://div[contains(@class, "text-subtitle-strong d-flex ai-center") and contains(text(),'نوع فروشنده')]'.</msg>
<status status="PASS" starttime="20220425 15:27:15.276" endtime="20220425 15:27:15.426"/>
</kw>
<status status="PASS" starttime="20220425 15:27:15.276" endtime="20220425 15:27:15.426"/>
</kw>
<kw name="Wait Until Element Is Enabled" library="SeleniumLibrary">
<arg>${sub_filter}</arg>
<doc>Waits until the element ``locator`` is enabled.</doc>
<status status="PASS" starttime="20220425 15:27:15.427" endtime="20220425 15:27:15.489"/>
</kw>
<kw name="Run Keyword And Ignore Error" library="BuiltIn">
<arg>Scroll Element Into View</arg>
<arg>${sub_filter}</arg>
<doc>Runs the given keyword with the given arguments and ignores possible error.</doc>
<kw name="Scroll Element Into View" library="SeleniumLibrary">
<arg>${sub_filter}</arg>
<doc>Scrolls the element identified by ``locator`` into view.</doc>
<status status="PASS" starttime="20220425 15:27:15.490" endtime="20220425 15:27:15.883"/>
</kw>
<status status="PASS" starttime="20220425 15:27:15.489" endtime="20220425 15:27:15.884"/>
</kw>
<kw name="Mouse Over" library="SeleniumLibrary">
<arg>${sub_filter}</arg>
<doc>Simulates hovering the mouse over the element ``locator``.</doc>
<msg timestamp="20220425 15:27:15.886" level="INFO">Simulating Mouse Over on element 'xpath://div[contains(@class, "text-subtitle-strong") and contains(text(),'دیجی‌کالا')]'.</msg>
<status status="PASS" starttime="20220425 15:27:15.884" endtime="20220425 15:27:16.280"/>
</kw>
<kw name="Wait Until Keyword Succeeds" library="BuiltIn">
<arg>2 min</arg>
<arg>5 sec</arg>
<arg>Click Element</arg>
<arg>${sub_filter}</arg>
<doc>Runs the specified keyword and retries if it fails.</doc>
<kw name="Click Element" library="SeleniumLibrary">
<arg>${sub_filter}</arg>
<doc>Click the element identified by ``locator``.</doc>
<msg timestamp="20220425 15:27:16.282" level="INFO">Clicking element 'xpath://div[contains(@class, "text-subtitle-strong") and contains(text(),'دیجی‌کالا')]'.</msg>
<status status="PASS" starttime="20220425 15:27:16.281" endtime="20220425 15:27:16.599"/>
</kw>
<status status="PASS" starttime="20220425 15:27:16.280" endtime="20220425 15:27:16.599"/>
</kw>
<status status="PASS" starttime="20220425 15:27:14.340" endtime="20220425 15:27:16.599"/>
</kw>
<status status="PASS" starttime="20220425 15:27:12.497" endtime="20220425 15:27:16.600"/>
</kw>
<kw name="BestSelling Tab And Next Page And Select Product" library="Buy_product">
<kw name="Click" library="commonfunctionality">
<arg>${BestSelling}</arg>
<kw name="Wait Until Element Is Enabled" library="SeleniumLibrary">
<arg>${arg}</arg>
<doc>Waits until the element ``locator`` is enabled.</doc>
<status status="PASS" starttime="20220425 15:27:16.603" endtime="20220425 15:27:16.877"/>
</kw>
<kw name="Run Keyword And Ignore Error" library="BuiltIn">
<arg>Scroll Element Into View</arg>
<arg>${arg}</arg>
<doc>Runs the given keyword with the given arguments and ignores possible error.</doc>
<kw name="Scroll Element Into View" library="SeleniumLibrary">
<arg>${arg}</arg>
<doc>Scrolls the element identified by ``locator`` into view.</doc>
<status status="PASS" starttime="20220425 15:27:16.878" endtime="20220425 15:27:17.251"/>
</kw>
<status status="PASS" starttime="20220425 15:27:16.878" endtime="20220425 15:27:17.251"/>
</kw>
<kw name="Wait Until Element Is Visible" library="SeleniumLibrary">
<arg>${arg}</arg>
<doc>Waits until the element ``locator`` is visible.</doc>
<status status="PASS" starttime="20220425 15:27:17.252" endtime="20220425 15:27:17.278"/>
</kw>
<kw name="Run Keyword And Ignore Error" library="BuiltIn">
<arg>Mouse Over</arg>
<arg>${arg}</arg>
<doc>Runs the given keyword with the given arguments and ignores possible error.</doc>
<kw name="Mouse Over" library="SeleniumLibrary">
<arg>${arg}</arg>
<doc>Simulates hovering the mouse over the element ``locator``.</doc>
<msg timestamp="20220425 15:27:17.279" level="INFO">Simulating Mouse Over on element 'xpath://div[contains(@data-cro-id, "plp-sort-option") and contains(text(),'پرفروش‌ترین‌')]'.</msg>
<status status="PASS" starttime="20220425 15:27:17.279" endtime="20220425 15:27:17.572"/>
</kw>
<status status="PASS" starttime="20220425 15:27:17.278" endtime="20220425 15:27:17.572"/>
</kw>
<kw name="Wait Until Keyword Succeeds" library="BuiltIn">
<arg>2 min</arg>
<arg>5 sec</arg>
<arg>Click Element</arg>
<arg>${arg}</arg>
<doc>Runs the specified keyword and retries if it fails.</doc>
<kw name="Click Element" library="SeleniumLibrary">
<arg>${arg}</arg>
<doc>Click the element identified by ``locator``.</doc>
<msg timestamp="20220425 15:27:17.573" level="INFO">Clicking element 'xpath://div[contains(@data-cro-id, "plp-sort-option") and contains(text(),'پرفروش‌ترین‌')]'.</msg>
<status status="PASS" starttime="20220425 15:27:17.573" endtime="20220425 15:27:17.757"/>
</kw>
<status status="PASS" starttime="20220425 15:27:17.572" endtime="20220425 15:27:17.757"/>
</kw>
<status status="PASS" starttime="20220425 15:27:16.602" endtime="20220425 15:27:17.758"/>
</kw>
<kw name="Run Keyword And Ignore Error" library="BuiltIn">
<arg>Scroll Element Into View</arg>
<arg>${assertion}</arg>
<doc>Runs the given keyword with the given arguments and ignores possible error.</doc>
<kw name="Scroll Element Into View" library="SeleniumLibrary">
<arg>${assertion}</arg>
<doc>Scrolls the element identified by ``locator`` into view.</doc>
<kw name="Capture Page Screenshot" library="SeleniumLibrary">
<doc>Takes a screenshot of the current page and embeds it into a log file.</doc>
<msg timestamp="20220425 15:27:18.409" level="INFO" html="true">&lt;/td&gt;&lt;/tr&gt;&lt;tr&gt;&lt;td colspan="3"&gt;&lt;a href="selenium-screenshot-64.png"&gt;&lt;img src="selenium-screenshot-64.png" width="800px"&gt;&lt;/a&gt;</msg>
<status status="PASS" starttime="20220425 15:27:17.795" endtime="20220425 15:27:18.410"/>
</kw>
<msg timestamp="20220425 15:27:18.413" level="FAIL">MoveTargetOutOfBoundsException: Message: move target out of bounds
  (Session info: chrome=100.0.4896.127)
</msg>
<status status="FAIL" starttime="20220425 15:27:17.758" endtime="20220425 15:27:18.413"/>
</kw>
<status status="PASS" starttime="20220425 15:27:17.758" endtime="20220425 15:27:18.413"/>
</kw>
<kw name="Find and Select Product" library="commonfunctionality">
<arg>${Productt}</arg>
<kw name="Wait Until Element Is Enabled" library="SeleniumLibrary">
<arg>${select_product}</arg>
<doc>Waits until the element ``locator`` is enabled.</doc>
<status status="PASS" starttime="20220425 15:27:18.415" endtime="20220425 15:27:18.469"/>
</kw>
<kw name="Run Keyword And Ignore Error" library="BuiltIn">
<arg>Scroll Element Into View</arg>
<arg>${select_product}</arg>
<doc>Runs the given keyword with the given arguments and ignores possible error.</doc>
<kw name="Scroll Element Into View" library="SeleniumLibrary">
<arg>${select_product}</arg>
<doc>Scrolls the element identified by ``locator`` into view.</doc>
<kw name="Capture Page Screenshot" library="SeleniumLibrary">
<doc>Takes a screenshot of the current page and embeds it into a log file.</doc>
<msg timestamp="20220425 15:27:19.000" level="INFO" html="true">&lt;/td&gt;&lt;/tr&gt;&lt;tr&gt;&lt;td colspan="3"&gt;&lt;a href="selenium-screenshot-65.png"&gt;&lt;img src="selenium-screenshot-65.png" width="800px"&gt;&lt;/a&gt;</msg>
<status status="PASS" starttime="20220425 15:27:18.527" endtime="20220425 15:27:19.001"/>
</kw>
<msg timestamp="20220425 15:27:19.005" level="FAIL">MoveTargetOutOfBoundsException: Message: move target out of bounds
  (Session info: chrome=100.0.4896.127)
</msg>
<status status="FAIL" starttime="20220425 15:27:18.470" endtime="20220425 15:27:19.006"/>
</kw>
<status status="PASS" starttime="20220425 15:27:18.469" endtime="20220425 15:27:19.006"/>
</kw>
<kw name="Mouse Over" library="SeleniumLibrary">
<arg>${select_product}</arg>
<doc>Simulates hovering the mouse over the element ``locator``.</doc>
<msg timestamp="20220425 15:27:19.007" level="INFO">Simulating Mouse Over on element 'xpath://div[@class='d-flex flex-wrap']/div[1]'.</msg>
<status status="PASS" starttime="20220425 15:27:19.006" endtime="20220425 15:27:19.383"/>
</kw>
<kw name="Wait Until Keyword Succeeds" library="BuiltIn">
<arg>2 min</arg>
<arg>5 sec</arg>
<arg>Click Element</arg>
<arg>${select_product}</arg>
<doc>Runs the specified keyword and retries if it fails.</doc>
<kw name="Click Element" library="SeleniumLibrary">
<arg>${select_product}</arg>
<doc>Click the element identified by ``locator``.</doc>
<msg timestamp="20220425 15:27:19.389" level="INFO">Clicking element 'xpath://div[@class='d-flex flex-wrap']/div[1]'.</msg>
<status status="PASS" starttime="20220425 15:27:19.387" endtime="20220425 15:27:19.546"/>
</kw>
<status status="PASS" starttime="20220425 15:27:19.385" endtime="20220425 15:27:19.547"/>
</kw>
<kw name="Get Window Handles" library="SeleniumLibrary">
<var>${handle}</var>
<doc>Returns all child window handles of the selected browser as a list.</doc>
<msg timestamp="20220425 15:27:19.553" level="INFO">${handle} = ['CDwindow-0EC21F29351C15293485FFE56BE66D5C', 'CDwindow-67165AEF38F668A6A83D33EB83469EA0']</msg>
<status status="PASS" starttime="20220425 15:27:19.547" endtime="20220425 15:27:19.553"/>
</kw>
<kw name="Switch Window" library="SeleniumLibrary">
<arg>NEW</arg>
<doc>Switches to browser window matching ``locator``.</doc>
<status status="PASS" starttime="20220425 15:27:19.553" endtime="20220425 15:27:19.564"/>
</kw>
<status status="PASS" starttime="20220425 15:27:18.414" endtime="20220425 15:27:19.564"/>
</kw>
<status status="PASS" starttime="20220425 15:27:16.601" endtime="20220425 15:27:19.565"/>
</kw>
<kw name="Cart" library="Buy_product">
<kw name="Click" library="commonfunctionality">
<arg>${AddToCart}</arg>
<kw name="Wait Until Element Is Enabled" library="SeleniumLibrary">
<arg>${arg}</arg>
<doc>Waits until the element ``locator`` is enabled.</doc>
<status status="PASS" starttime="20220425 15:27:19.571" endtime="20220425 15:27:23.147"/>
</kw>
<kw name="Run Keyword And Ignore Error" library="BuiltIn">
<arg>Scroll Element Into View</arg>
<arg>${arg}</arg>
<doc>Runs the given keyword with the given arguments and ignores possible error.</doc>
<kw name="Scroll Element Into View" library="SeleniumLibrary">
<arg>${arg}</arg>
<doc>Scrolls the element identified by ``locator`` into view.</doc>
<kw name="Capture Page Screenshot" library="SeleniumLibrary">
<doc>Takes a screenshot of the current page and embeds it into a log file.</doc>
<msg timestamp="20220425 15:27:24.026" level="INFO" html="true">&lt;/td&gt;&lt;/tr&gt;&lt;tr&gt;&lt;td colspan="3"&gt;&lt;a href="selenium-screenshot-66.png"&gt;&lt;img src="selenium-screenshot-66.png" width="800px"&gt;&lt;/a&gt;</msg>
<status status="PASS" starttime="20220425 15:27:23.235" endtime="20220425 15:27:24.026"/>
</kw>
<msg timestamp="20220425 15:27:24.028" level="FAIL">MoveTargetOutOfBoundsException: Message: move target out of bounds
  (Session info: chrome=100.0.4896.127)
</msg>
<status status="FAIL" starttime="20220425 15:27:23.147" endtime="20220425 15:27:24.028"/>
</kw>
<status status="PASS" starttime="20220425 15:27:23.147" endtime="20220425 15:27:24.028"/>
</kw>
<kw name="Wait Until Element Is Visible" library="SeleniumLibrary">
<arg>${arg}</arg>
<doc>Waits until the element ``locator`` is visible.</doc>
<status status="PASS" starttime="20220425 15:27:24.028" endtime="20220425 15:27:24.110"/>
</kw>
<kw name="Run Keyword And Ignore Error" library="BuiltIn">
<arg>Mouse Over</arg>
<arg>${arg}</arg>
<doc>Runs the given keyword with the given arguments and ignores possible error.</doc>
<kw name="Mouse Over" library="SeleniumLibrary">
<arg>${arg}</arg>
<doc>Simulates hovering the mouse over the element ``locator``.</doc>
<msg timestamp="20220425 15:27:24.113" level="INFO">Simulating Mouse Over on element 'xpath://button[@data-cro-id="pdp-add-to-cart"]'.</msg>
<status status="PASS" starttime="20220425 15:27:24.112" endtime="20220425 15:27:24.492"/>
</kw>
<status status="PASS" starttime="20220425 15:27:24.111" endtime="20220425 15:27:24.492"/>
</kw>
<kw name="Wait Until Keyword Succeeds" library="BuiltIn">
<arg>2 min</arg>
<arg>5 sec</arg>
<arg>Click Element</arg>
<arg>${arg}</arg>
<doc>Runs the specified keyword and retries if it fails.</doc>
<kw name="Click Element" library="SeleniumLibrary">
<arg>${arg}</arg>
<doc>Click the element identified by ``locator``.</doc>
<msg timestamp="20220425 15:27:24.495" level="INFO">Clicking element 'xpath://button[@data-cro-id="pdp-add-to-cart"]'.</msg>
<status status="PASS" starttime="20220425 15:27:24.494" endtime="20220425 15:27:24.769"/>
</kw>
<status status="PASS" starttime="20220425 15:27:24.493" endtime="20220425 15:27:24.769"/>
</kw>
<status status="PASS" starttime="20220425 15:27:19.569" endtime="20220425 15:27:24.769"/>
</kw>
<kw name="Click" library="commonfunctionality">
<arg>${cartButton}</arg>
<kw name="Wait Until Element Is Enabled" library="SeleniumLibrary">
<arg>${arg}</arg>
<doc>Waits until the element ``locator`` is enabled.</doc>
<status status="PASS" starttime="20220425 15:27:24.770" endtime="20220425 15:27:25.003"/>
</kw>
<kw name="Run Keyword And Ignore Error" library="BuiltIn">
<arg>Scroll Element Into View</arg>
<arg>${arg}</arg>
<doc>Runs the given keyword with the given arguments and ignores possible error.</doc>
<kw name="Scroll Element Into View" library="SeleniumLibrary">
<arg>${arg}</arg>
<doc>Scrolls the element identified by ``locator`` into view.</doc>
<status status="PASS" starttime="20220425 15:27:25.005" endtime="20220425 15:27:25.359"/>
</kw>
<status status="PASS" starttime="20220425 15:27:25.004" endtime="20220425 15:27:25.360"/>
</kw>
<kw name="Wait Until Element Is Visible" library="SeleniumLibrary">
<arg>${arg}</arg>
<doc>Waits until the element ``locator`` is visible.</doc>
<status status="PASS" starttime="20220425 15:27:25.360" endtime="20220425 15:27:25.461"/>
</kw>
<kw name="Run Keyword And Ignore Error" library="BuiltIn">
<arg>Mouse Over</arg>
<arg>${arg}</arg>
<doc>Runs the given keyword with the given arguments and ignores possible error.</doc>
<kw name="Mouse Over" library="SeleniumLibrary">
<arg>${arg}</arg>
<doc>Simulates hovering the mouse over the element ``locator``.</doc>
<msg timestamp="20220425 15:27:25.462" level="INFO">Simulating Mouse Over on element 'xpath://a[@href="/checkout/cart/"]'.</msg>
<status status="PASS" starttime="20220425 15:27:25.462" endtime="20220425 15:27:25.777"/>
</kw>
<status status="PASS" starttime="20220425 15:27:25.461" endtime="20220425 15:27:25.777"/>
</kw>
<kw name="Wait Until Keyword Succeeds" library="BuiltIn">
<arg>2 min</arg>
<arg>5 sec</arg>
<arg>Click Element</arg>
<arg>${arg}</arg>
<doc>Runs the specified keyword and retries if it fails.</doc>
<kw name="Click Element" library="SeleniumLibrary">
<arg>${arg}</arg>
<doc>Click the element identified by ``locator``.</doc>
<msg timestamp="20220425 15:27:25.780" level="INFO">Clicking element 'xpath://a[@href="/checkout/cart/"]'.</msg>
<status status="PASS" starttime="20220425 15:27:25.779" endtime="20220425 15:27:26.125"/>
</kw>
<status status="PASS" starttime="20220425 15:27:25.778" endtime="20220425 15:27:26.125"/>
</kw>
<status status="PASS" starttime="20220425 15:27:24.769" endtime="20220425 15:27:26.126"/>
</kw>
<kw name="assertion Text" library="commonfunctionality">
<arg>سبد خرید</arg>
<kw name="Wait Until Page Contains" library="SeleniumLibrary">
<arg>${text}</arg>
<doc>Waits until ``text`` appears on the current page.</doc>
<status status="PASS" starttime="20220425 15:27:26.128" endtime="20220425 15:27:26.433"/>
</kw>
<kw name="Page Should Contain" library="SeleniumLibrary">
<arg>${text}</arg>
<doc>Verifies that current page contains ``text``.</doc>
<msg timestamp="20220425 15:27:26.654" level="INFO">Current page contains text 'سبد خرید'.</msg>
<status status="PASS" starttime="20220425 15:27:26.433" endtime="20220425 15:27:26.655"/>
</kw>
<status status="PASS" starttime="20220425 15:27:26.126" endtime="20220425 15:27:26.655"/>
</kw>
<kw name="Click" library="commonfunctionality">
<arg>${ContinueShopping}</arg>
<kw name="Wait Until Element Is Enabled" library="SeleniumLibrary">
<arg>${arg}</arg>
<doc>Waits until the element ``locator`` is enabled.</doc>
<status status="PASS" starttime="20220425 15:27:26.664" endtime="20220425 15:27:26.751"/>
</kw>
<kw name="Run Keyword And Ignore Error" library="BuiltIn">
<arg>Scroll Element Into View</arg>
<arg>${arg}</arg>
<doc>Runs the given keyword with the given arguments and ignores possible error.</doc>
<kw name="Scroll Element Into View" library="SeleniumLibrary">
<arg>${arg}</arg>
<doc>Scrolls the element identified by ``locator`` into view.</doc>
<status status="PASS" starttime="20220425 15:27:26.752" endtime="20220425 15:27:27.055"/>
</kw>
<status status="PASS" starttime="20220425 15:27:26.752" endtime="20220425 15:27:27.055"/>
</kw>
<kw name="Wait Until Element Is Visible" library="SeleniumLibrary">
<arg>${arg}</arg>
<doc>Waits until the element ``locator`` is visible.</doc>
<status status="PASS" starttime="20220425 15:27:27.055" endtime="20220425 15:27:27.089"/>
</kw>
<kw name="Run Keyword And Ignore Error" library="BuiltIn">
<arg>Mouse Over</arg>
<arg>${arg}</arg>
<doc>Runs the given keyword with the given arguments and ignores possible error.</doc>
<kw name="Mouse Over" library="SeleniumLibrary">
<arg>${arg}</arg>
<doc>Simulates hovering the mouse over the element ``locator``.</doc>
<msg timestamp="20220425 15:27:27.093" level="INFO">Simulating Mouse Over on element 'xpath://div[contains(@class, "d-flex ai-center jc-center relative grow-1") and contains(text(),'ادامه')]'.</msg>
<status status="PASS" starttime="20220425 15:27:27.092" endtime="20220425 15:27:27.388"/>
</kw>
<status status="PASS" starttime="20220425 15:27:27.091" endtime="20220425 15:27:27.388"/>
</kw>
<kw name="Wait Until Keyword Succeeds" library="BuiltIn">
<arg>2 min</arg>
<arg>5 sec</arg>
<arg>Click Element</arg>
<arg>${arg}</arg>
<doc>Runs the specified keyword and retries if it fails.</doc>
<kw name="Click Element" library="SeleniumLibrary">
<arg>${arg}</arg>
<doc>Click the element identified by ``locator``.</doc>
<msg timestamp="20220425 15:27:27.394" level="INFO">Clicking element 'xpath://div[contains(@class, "d-flex ai-center jc-center relative grow-1") and contains(text(),'ادامه')]'.</msg>
<kw name="Capture Page Screenshot" library="SeleniumLibrary">
<doc>Takes a screenshot of the current page and embeds it into a log file.</doc>
<msg timestamp="20220425 15:27:28.810" level="INFO" html="true">&lt;/td&gt;&lt;/tr&gt;&lt;tr&gt;&lt;td colspan="3"&gt;&lt;a href="selenium-screenshot-67.png"&gt;&lt;img src="selenium-screenshot-67.png" width="800px"&gt;&lt;/a&gt;</msg>
<status status="PASS" starttime="20220425 15:27:28.523" endtime="20220425 15:27:28.810"/>
</kw>
<msg timestamp="20220425 15:27:28.813" level="FAIL">ElementClickInterceptedException: Message: element click intercepted: Element &lt;div class="d-flex ai-center jc-center relative grow-1"&gt;...&lt;/div&gt; is not clickable at point (174, 454). Other element would receive the click: &lt;div class="d-flex ai-center py-2 px-3 border-t"&gt;...&lt;/div&gt;
  (Session info: chrome=100.0.4896.127)
</msg>
<status status="FAIL" starttime="20220425 15:27:27.390" endtime="20220425 15:27:28.813"/>
</kw>
<kw name="Click Element" library="SeleniumLibrary">
<arg>${arg}</arg>
<doc>Click the element identified by ``locator``.</doc>
<msg timestamp="20220425 15:27:33.827" level="INFO">Clicking element 'xpath://div[contains(@class, "d-flex ai-center jc-center relative grow-1") and contains(text(),'ادامه')]'.</msg>
<kw name="Capture Page Screenshot" library="SeleniumLibrary">
<doc>Takes a screenshot of the current page and embeds it into a log file.</doc>
<msg timestamp="20220425 15:27:35.249" level="INFO" html="true">&lt;/td&gt;&lt;/tr&gt;&lt;tr&gt;&lt;td colspan="3"&gt;&lt;a href="selenium-screenshot-68.png"&gt;&lt;img src="selenium-screenshot-68.png" width="800px"&gt;&lt;/a&gt;</msg>
<status status="PASS" starttime="20220425 15:27:34.980" endtime="20220425 15:27:35.250"/>
</kw>
<msg timestamp="20220425 15:27:35.252" level="FAIL">ElementClickInterceptedException: Message: element click intercepted: Element &lt;div class="d-flex ai-center jc-center relative grow-1"&gt;...&lt;/div&gt; is not clickable at point (174, 454). Other element would receive the click: &lt;div class="d-flex ai-center py-2 px-3 border-t"&gt;...&lt;/div&gt;
  (Session info: chrome=100.0.4896.127)
</msg>
<status status="FAIL" starttime="20220425 15:27:33.822" endtime="20220425 15:27:35.252"/>
</kw>
<kw name="Click Element" library="SeleniumLibrary">
<arg>${arg}</arg>
<doc>Click the element identified by ``locator``.</doc>
<msg timestamp="20220425 15:27:40.262" level="INFO">Clicking element 'xpath://div[contains(@class, "d-flex ai-center jc-center relative grow-1") and contains(text(),'ادامه')]'.</msg>
<status status="PASS" starttime="20220425 15:27:40.257" endtime="20220425 15:27:40.870"/>
</kw>
<status status="PASS" starttime="20220425 15:27:27.388" endtime="20220425 15:27:40.871"/>
</kw>
<status status="PASS" starttime="20220425 15:27:26.659" endtime="20220425 15:27:40.871"/>
</kw>
<kw name="assertion Text" library="commonfunctionality">
<arg>انتخاب زمان ارسال</arg>
<kw name="Wait Until Page Contains" library="SeleniumLibrary">
<arg>${text}</arg>
<doc>Waits until ``text`` appears on the current page.</doc>
<status status="PASS" starttime="20220425 15:27:40.874" endtime="20220425 15:27:41.375"/>
</kw>
<kw name="Page Should Contain" library="SeleniumLibrary">
<arg>${text}</arg>
<doc>Verifies that current page contains ``text``.</doc>
<msg timestamp="20220425 15:27:41.435" level="INFO">Current page contains text 'انتخاب زمان ارسال'.</msg>
<status status="PASS" starttime="20220425 15:27:41.375" endtime="20220425 15:27:41.435"/>
</kw>
<status status="PASS" starttime="20220425 15:27:40.872" endtime="20220425 15:27:41.436"/>
</kw>
<status status="PASS" starttime="20220425 15:27:19.567" endtime="20220425 15:27:41.437"/>
</kw>
<tag>Digikala_Buy_product</tag>
<status status="PASS" starttime="20220425 15:27:09.175" endtime="20220425 15:27:41.438"/>
</test>
<kw name="Close Page" library="commonfunctionality" type="TEARDOWN">
<kw name="Close Browser" library="SeleniumLibrary">
<doc>Closes the current browser.</doc>
<status status="PASS" starttime="20220425 15:27:41.450" endtime="20220425 15:27:44.132"/>
</kw>
<status status="PASS" starttime="20220425 15:27:41.449" endtime="20220425 15:27:44.132"/>
</kw>
<doc>Buy product</doc>
<status status="PASS" starttime="20220425 15:26:31.127" endtime="20220425 15:27:44.133"/>
</suite>
<statistics>
<total>
<stat pass="1" fail="0" skip="0">All Tests</stat>
</total>
<tag>
<stat pass="1" fail="0" skip="0">Digikala_Buy_product</stat>
</tag>
<suite>
<stat pass="1" fail="0" skip="0" id="s1" name="Digikala Buy product">Digikala Buy product</stat>
</suite>
</statistics>
<errors>
</errors>
</robot>
