<?xml version="1.0" encoding="UTF-8"?>
<robot generator="Robot 4.1.3 (Python 3.8.10 on win32)" generated="20220411 02:04:55.216" rpa="false" schemaversion="2">
<suite id="s1" name="Digikala Availability" source="C:\Users\na.najafi\Desktop\DigiKala\TestCase\Digikala_Availability.robot">
<kw name="Run Keywords" library="BuiltIn" type="SETUP">
<arg>commonfunctionality.Open Page</arg>
<arg>Login.Verify Login Page Loaded</arg>
<doc>Executes all the given keywords in a sequence.</doc>
<kw name="Open Page" library="commonfunctionality">
<doc>This is test to Login digikala</doc>
<kw name="Set Selenium Speed" library="SeleniumLibrary">
<arg>${Speed}</arg>
<doc>Sets the delay that is waited after each Selenium command.</doc>
<status status="PASS" starttime="20220411 02:04:55.462" endtime="20220411 02:04:55.463"/>
</kw>
<kw name="Set Selenium Timeout" library="SeleniumLibrary">
<arg>${Timeout}</arg>
<doc>Sets the timeout that is used by various keywords.</doc>
<status status="PASS" starttime="20220411 02:04:55.463" endtime="20220411 02:04:55.463"/>
</kw>
<kw name="Open Browser" library="SeleniumLibrary">
<arg>${url}</arg>
<arg>${browser}</arg>
<doc>Opens a new browser instance to the optional ``url``.</doc>
<msg timestamp="20220411 02:04:55.464" level="INFO">Opening browser 'Chrome' to base url 'https://www.digikala.com/'.</msg>
<status status="PASS" starttime="20220411 02:04:55.463" endtime="20220411 02:05:01.886"/>
</kw>
<kw name="Maximize Browser Window" library="SeleniumLibrary">
<doc>Maximizes current browser window.</doc>
<status status="PASS" starttime="20220411 02:05:01.887" endtime="20220411 02:05:02.122"/>
</kw>
<status status="PASS" starttime="20220411 02:04:55.462" endtime="20220411 02:05:02.123"/>
</kw>
<kw name="Verify Login Page Loaded" library="Login">
<kw name="Wait Until Page Contains" library="SeleniumLibrary">
<arg>${Website_name}</arg>
<doc>Waits until ``text`` appears on the current page.</doc>
<status status="PASS" starttime="20220411 02:05:02.123" endtime="20220411 02:05:02.201"/>
</kw>
<status status="PASS" starttime="20220411 02:05:02.123" endtime="20220411 02:05:02.201"/>
</kw>
<status status="PASS" starttime="20220411 02:04:55.462" endtime="20220411 02:05:02.201"/>
</kw>
<test id="s1-t1" name="This is Availability Test for digikala.com">
<kw name="Select Category" library="Buy_product">
<kw name="Wait Until Page Contains" library="SeleniumLibrary">
<arg>دسته‌بندی کالاها</arg>
<doc>Waits until ``text`` appears on the current page.</doc>
<status status="PASS" starttime="20220411 02:05:02.203" endtime="20220411 02:05:02.220"/>
</kw>
<kw name="Wait Until Element Is Visible" library="SeleniumLibrary">
<arg>${Classification}</arg>
<doc>Waits until the element ``locator`` is visible.</doc>
<status status="PASS" starttime="20220411 02:05:02.220" endtime="20220411 02:05:02.254"/>
</kw>
<kw name="Click Element" library="SeleniumLibrary">
<arg>${Classification}</arg>
<doc>Click the element identified by ``locator``.</doc>
<msg timestamp="20220411 02:05:02.255" level="INFO">Clicking element 'xpath://span[@data-cro-id="header-main-menu"]'.</msg>
<status status="PASS" starttime="20220411 02:05:02.254" endtime="20220411 02:05:02.472"/>
</kw>
<kw name="Wait Until Page Contains" library="SeleniumLibrary">
<arg>کالای دیجیتال</arg>
<doc>Waits until ``text`` appears on the current page.</doc>
<status status="PASS" starttime="20220411 02:05:02.473" endtime="20220411 02:05:02.650"/>
</kw>
<kw name="Mouse Over" library="SeleniumLibrary">
<arg>${product_class}</arg>
<doc>Simulates hovering the mouse over the element ``locator``.</doc>
<msg timestamp="20220411 02:05:02.651" level="INFO">Simulating Mouse Over on element 'xpath://a[@href="/main/electronic-devices/"]'.</msg>
<status status="PASS" starttime="20220411 02:05:02.650" endtime="20220411 02:05:02.972"/>
</kw>
<kw name="Wait Until Page Contains" library="SeleniumLibrary">
<arg>گوشی موبایل</arg>
<doc>Waits until ``text`` appears on the current page.</doc>
<status status="PASS" starttime="20220411 02:05:02.973" endtime="20220411 02:05:02.994"/>
</kw>
<kw name="Wait Until Element Is Visible" library="SeleniumLibrary">
<arg>${product_sub_class}</arg>
<doc>Waits until the element ``locator`` is visible.</doc>
<status status="PASS" starttime="20220411 02:05:02.994" endtime="20220411 02:05:03.021"/>
</kw>
<kw name="Mouse Over" library="SeleniumLibrary">
<arg>${product_sub_class}</arg>
<doc>Simulates hovering the mouse over the element ``locator``.</doc>
<msg timestamp="20220411 02:05:03.022" level="INFO">Simulating Mouse Over on element 'xpath://a[@href="/search/category-mobile-phone/"]'.</msg>
<status status="PASS" starttime="20220411 02:05:03.021" endtime="20220411 02:05:03.296"/>
</kw>
<kw name="Click Element" library="SeleniumLibrary">
<arg>${product_sub_class}</arg>
<doc>Click the element identified by ``locator``.</doc>
<msg timestamp="20220411 02:05:03.297" level="INFO">Clicking element 'xpath://a[@href="/search/category-mobile-phone/"]'.</msg>
<status status="PASS" starttime="20220411 02:05:03.296" endtime="20220411 02:05:03.619"/>
</kw>
<status status="PASS" starttime="20220411 02:05:02.202" endtime="20220411 02:05:03.619"/>
</kw>
<kw name="Click" library="commonfunctionality">
<arg>${Best_selling}</arg>
<kw name="Wait Until Element Is Enabled" library="SeleniumLibrary">
<arg>${arg}</arg>
<doc>Waits until the element ``locator`` is enabled.</doc>
<status status="PASS" starttime="20220411 02:05:03.624" endtime="20220411 02:05:04.150"/>
</kw>
<kw name="Run Keyword And Ignore Error" library="BuiltIn">
<arg>Scroll Element Into View</arg>
<arg>${arg}</arg>
<doc>Runs the given keyword with the given arguments and ignores possible error.</doc>
<kw name="Scroll Element Into View" library="SeleniumLibrary">
<arg>${arg}</arg>
<doc>Scrolls the element identified by ``locator`` into view.</doc>
<status status="PASS" starttime="20220411 02:05:04.151" endtime="20220411 02:05:04.438"/>
</kw>
<status status="PASS" starttime="20220411 02:05:04.151" endtime="20220411 02:05:04.438"/>
</kw>
<kw name="Wait Until Element Is Visible" library="SeleniumLibrary">
<arg>${arg}</arg>
<doc>Waits until the element ``locator`` is visible.</doc>
<status status="PASS" starttime="20220411 02:05:04.438" endtime="20220411 02:05:04.477"/>
</kw>
<kw name="Mouse Over" library="SeleniumLibrary">
<arg>${arg}</arg>
<doc>Simulates hovering the mouse over the element ``locator``.</doc>
<msg timestamp="20220411 02:05:04.478" level="INFO">Simulating Mouse Over on element 'xpath://div[contains(@data-cro-id, "plp-sort-option") and contains(text(),'پرفروش‌ترین‌')]'.</msg>
<status status="PASS" starttime="20220411 02:05:04.477" endtime="20220411 02:05:04.953"/>
</kw>
<kw name="Wait Until Keyword Succeeds" library="BuiltIn">
<arg>2 min</arg>
<arg>5 sec</arg>
<arg>Click Element</arg>
<arg>${arg}</arg>
<doc>Runs the specified keyword and retries if it fails.</doc>
<kw name="Click Element" library="SeleniumLibrary">
<arg>${arg}</arg>
<doc>Click the element identified by ``locator``.</doc>
<msg timestamp="20220411 02:05:04.954" level="INFO">Clicking element 'xpath://div[contains(@data-cro-id, "plp-sort-option") and contains(text(),'پرفروش‌ترین‌')]'.</msg>
<status status="PASS" starttime="20220411 02:05:04.954" endtime="20220411 02:05:05.253"/>
</kw>
<status status="PASS" starttime="20220411 02:05:04.953" endtime="20220411 02:05:05.253"/>
</kw>
<status status="PASS" starttime="20220411 02:05:03.624" endtime="20220411 02:05:05.253"/>
</kw>
<kw name="Add Filter" library="commonfunctionality">
<arg>برند</arg>
<arg>${Brand}</arg>
<arg>${Brand_name}</arg>
<kw name="assertion Text" library="commonfunctionality">
<arg>${assertion_text}</arg>
<kw name="Wait Until Page Contains" library="SeleniumLibrary">
<arg>${text}</arg>
<doc>Waits until ``text`` appears on the current page.</doc>
<status status="PASS" starttime="20220411 02:05:05.276" endtime="20220411 02:05:05.638"/>
</kw>
<kw name="Page Should Contain" library="SeleniumLibrary">
<arg>${text}</arg>
<doc>Verifies that current page contains ``text``.</doc>
<msg timestamp="20220411 02:05:05.709" level="INFO">Current page contains text 'برند'.</msg>
<status status="PASS" starttime="20220411 02:05:05.638" endtime="20220411 02:05:05.709"/>
</kw>
<status status="PASS" starttime="20220411 02:05:05.276" endtime="20220411 02:05:05.709"/>
</kw>
<kw name="Run Keyword And Ignore Error" library="BuiltIn">
<arg>Scroll Element Into View</arg>
<arg>${filter}</arg>
<doc>Runs the given keyword with the given arguments and ignores possible error.</doc>
<kw name="Scroll Element Into View" library="SeleniumLibrary">
<arg>${filter}</arg>
<doc>Scrolls the element identified by ``locator`` into view.</doc>
<status status="PASS" starttime="20220411 02:05:05.710" endtime="20220411 02:05:06.030"/>
</kw>
<status status="PASS" starttime="20220411 02:05:05.709" endtime="20220411 02:05:06.030"/>
</kw>
<kw name="Wait Until Element Is Visible" library="SeleniumLibrary">
<arg>${filter}</arg>
<doc>Waits until the element ``locator`` is visible.</doc>
<status status="PASS" starttime="20220411 02:05:06.030" endtime="20220411 02:05:06.053"/>
</kw>
<kw name="Wait Until Keyword Succeeds" library="BuiltIn">
<arg>2 min</arg>
<arg>5 sec</arg>
<arg>Click Element</arg>
<arg>${filter}</arg>
<doc>Runs the specified keyword and retries if it fails.</doc>
<kw name="Click Element" library="SeleniumLibrary">
<arg>${filter}</arg>
<doc>Click the element identified by ``locator``.</doc>
<msg timestamp="20220411 02:05:06.054" level="INFO">Clicking element 'xpath://div[contains(@class, "text-subtitle-strong d-flex ai-center") and contains(text(),'برند')]'.</msg>
<status status="PASS" starttime="20220411 02:05:06.053" endtime="20220411 02:05:06.189"/>
</kw>
<status status="PASS" starttime="20220411 02:05:06.053" endtime="20220411 02:05:06.189"/>
</kw>
<kw name="Wait Until Element Is Enabled" library="SeleniumLibrary">
<arg>${sub_filter}</arg>
<doc>Waits until the element ``locator`` is enabled.</doc>
<status status="PASS" starttime="20220411 02:05:06.189" endtime="20220411 02:05:06.241"/>
</kw>
<kw name="Run Keyword And Ignore Error" library="BuiltIn">
<arg>Scroll Element Into View</arg>
<arg>${sub_filter}</arg>
<doc>Runs the given keyword with the given arguments and ignores possible error.</doc>
<kw name="Scroll Element Into View" library="SeleniumLibrary">
<arg>${sub_filter}</arg>
<doc>Scrolls the element identified by ``locator`` into view.</doc>
<status status="PASS" starttime="20220411 02:05:06.242" endtime="20220411 02:05:06.528"/>
</kw>
<status status="PASS" starttime="20220411 02:05:06.242" endtime="20220411 02:05:06.528"/>
</kw>
<kw name="Mouse Over" library="SeleniumLibrary">
<arg>${sub_filter}</arg>
<doc>Simulates hovering the mouse over the element ``locator``.</doc>
<msg timestamp="20220411 02:05:06.529" level="INFO">Simulating Mouse Over on element 'xpath://div[contains(@class, "text-subtitle-strong") and contains(text(),'اپل')]'.</msg>
<status status="PASS" starttime="20220411 02:05:06.529" endtime="20220411 02:05:06.809"/>
</kw>
<kw name="Wait Until Keyword Succeeds" library="BuiltIn">
<arg>2 min</arg>
<arg>5 sec</arg>
<arg>Click Element</arg>
<arg>${sub_filter}</arg>
<doc>Runs the specified keyword and retries if it fails.</doc>
<kw name="Click Element" library="SeleniumLibrary">
<arg>${sub_filter}</arg>
<doc>Click the element identified by ``locator``.</doc>
<msg timestamp="20220411 02:05:06.810" level="INFO">Clicking element 'xpath://div[contains(@class, "text-subtitle-strong") and contains(text(),'اپل')]'.</msg>
<status status="PASS" starttime="20220411 02:05:06.810" endtime="20220411 02:05:07.012"/>
</kw>
<status status="PASS" starttime="20220411 02:05:06.810" endtime="20220411 02:05:07.012"/>
</kw>
<status status="PASS" starttime="20220411 02:05:05.275" endtime="20220411 02:05:07.013"/>
</kw>
<kw name="Next Page" library="Availability">
<for flavor="IN RANGE">
<var>${i}</var>
<value>8</value>
<iter>
<var name="${i}">0</var>
<kw name="Scroll Element Into View" library="SeleniumLibrary">
<arg>${assertion}</arg>
<doc>Scrolls the element identified by ``locator`` into view.</doc>
<status status="PASS" starttime="20220411 02:05:07.014" endtime="20220411 02:05:07.489"/>
</kw>
<status status="PASS" starttime="20220411 02:05:07.014" endtime="20220411 02:05:07.489"/>
</iter>
<iter>
<var name="${i}">1</var>
<kw name="Scroll Element Into View" library="SeleniumLibrary">
<arg>${assertion}</arg>
<doc>Scrolls the element identified by ``locator`` into view.</doc>
<status status="PASS" starttime="20220411 02:05:07.490" endtime="20220411 02:05:07.990"/>
</kw>
<status status="PASS" starttime="20220411 02:05:07.490" endtime="20220411 02:05:07.991"/>
</iter>
<iter>
<var name="${i}">2</var>
<kw name="Scroll Element Into View" library="SeleniumLibrary">
<arg>${assertion}</arg>
<doc>Scrolls the element identified by ``locator`` into view.</doc>
<status status="PASS" starttime="20220411 02:05:07.991" endtime="20220411 02:05:08.408"/>
</kw>
<status status="PASS" starttime="20220411 02:05:07.991" endtime="20220411 02:05:08.409"/>
</iter>
<iter>
<var name="${i}">3</var>
<kw name="Scroll Element Into View" library="SeleniumLibrary">
<arg>${assertion}</arg>
<doc>Scrolls the element identified by ``locator`` into view.</doc>
<status status="PASS" starttime="20220411 02:05:08.409" endtime="20220411 02:05:09.029"/>
</kw>
<status status="PASS" starttime="20220411 02:05:08.409" endtime="20220411 02:05:09.029"/>
</iter>
<iter>
<var name="${i}">4</var>
<kw name="Scroll Element Into View" library="SeleniumLibrary">
<arg>${assertion}</arg>
<doc>Scrolls the element identified by ``locator`` into view.</doc>
<status status="PASS" starttime="20220411 02:05:09.030" endtime="20220411 02:05:09.593"/>
</kw>
<status status="PASS" starttime="20220411 02:05:09.029" endtime="20220411 02:05:09.593"/>
</iter>
<iter>
<var name="${i}">5</var>
<kw name="Scroll Element Into View" library="SeleniumLibrary">
<arg>${assertion}</arg>
<doc>Scrolls the element identified by ``locator`` into view.</doc>
<status status="PASS" starttime="20220411 02:05:09.593" endtime="20220411 02:05:09.872"/>
</kw>
<status status="PASS" starttime="20220411 02:05:09.593" endtime="20220411 02:05:09.872"/>
</iter>
<iter>
<var name="${i}">6</var>
<kw name="Scroll Element Into View" library="SeleniumLibrary">
<arg>${assertion}</arg>
<doc>Scrolls the element identified by ``locator`` into view.</doc>
<status status="PASS" starttime="20220411 02:05:09.872" endtime="20220411 02:05:10.154"/>
</kw>
<status status="PASS" starttime="20220411 02:05:09.872" endtime="20220411 02:05:10.154"/>
</iter>
<iter>
<var name="${i}">7</var>
<kw name="Scroll Element Into View" library="SeleniumLibrary">
<arg>${assertion}</arg>
<doc>Scrolls the element identified by ``locator`` into view.</doc>
<status status="PASS" starttime="20220411 02:05:10.155" endtime="20220411 02:05:10.435"/>
</kw>
<status status="PASS" starttime="20220411 02:05:10.155" endtime="20220411 02:05:10.435"/>
</iter>
<status status="PASS" starttime="20220411 02:05:07.014" endtime="20220411 02:05:10.435"/>
</for>
<kw name="Click" library="commonfunctionality">
<arg>${Next_Page}</arg>
<kw name="Wait Until Element Is Enabled" library="SeleniumLibrary">
<arg>${arg}</arg>
<doc>Waits until the element ``locator`` is enabled.</doc>
<status status="PASS" starttime="20220411 02:05:10.436" endtime="20220411 02:05:10.473"/>
</kw>
<kw name="Run Keyword And Ignore Error" library="BuiltIn">
<arg>Scroll Element Into View</arg>
<arg>${arg}</arg>
<doc>Runs the given keyword with the given arguments and ignores possible error.</doc>
<kw name="Scroll Element Into View" library="SeleniumLibrary">
<arg>${arg}</arg>
<doc>Scrolls the element identified by ``locator`` into view.</doc>
<status status="PASS" starttime="20220411 02:05:10.473" endtime="20220411 02:05:10.769"/>
</kw>
<status status="PASS" starttime="20220411 02:05:10.473" endtime="20220411 02:05:10.770"/>
</kw>
