<?xml version="1.0" encoding="UTF-8"?>
<robot generator="Robot 4.1.3 (Python 3.6.5 on win32)" generated="20220427 16:58:19.451" rpa="false" schemaversion="2">
<suite id="s1" name="Digikala Availability" source="C:\Users\Mi Store\Desktop\DigiKala\TestCase\Digikala_Availability.robot">
<kw name="Open And Login" library="commonfunctionality" type="SETUP">
<kw name="Open Page" library="commonfunctionality">
<doc>This Is Open Digikala</doc>
<kw name="Set Selenium Speed" library="SeleniumLibrary">
<arg>${Speed}</arg>
<doc>Sets the delay that is waited after each Selenium command.</doc>
<status status="PASS" starttime="20220427 16:58:19.751" endtime="20220427 16:58:19.751"/>
</kw>
<kw name="Set Selenium Timeout" library="SeleniumLibrary">
<arg>${Timeout}</arg>
<doc>Sets the timeout that is used by various keywords.</doc>
<status status="PASS" starttime="20220427 16:58:19.752" endtime="20220427 16:58:19.752"/>
</kw>
<kw name="Open Browser" library="SeleniumLibrary">
<arg>${url}</arg>
<arg>${browser}</arg>
<doc>Opens a new browser instance to the optional ``url``.</doc>
<msg timestamp="20220427 16:58:19.753" level="INFO">Opening browser 'Chrome' to base url 'https://www.digikala.com/'.</msg>
<status status="PASS" starttime="20220427 16:58:19.752" endtime="20220427 16:59:04.842"/>
</kw>
<kw name="Maximize Browser Window" library="SeleniumLibrary">
<doc>Maximizes current browser window.</doc>
<status status="PASS" starttime="20220427 16:59:04.842" endtime="20220427 16:59:05.594"/>
</kw>
<status status="PASS" starttime="20220427 16:58:19.750" endtime="20220427 16:59:05.594"/>
</kw>
<kw name="Verify Login Page Loaded" library="Login">
<kw name="Wait Until Page Contains" library="SeleniumLibrary">
<arg>${WebsiteName}</arg>
<doc>Waits until ``text`` appears on the current page.</doc>
<status status="PASS" starttime="20220427 16:59:05.596" endtime="20220427 16:59:06.023"/>
</kw>
<status status="PASS" starttime="20220427 16:59:05.594" endtime="20220427 16:59:06.024"/>
</kw>
<kw name="Click on login" library="Login">
<kw name="Click Element" library="SeleniumLibrary">
<arg>${ClickOnLogin}</arg>
<doc>Click the element identified by ``locator``.</doc>
<msg timestamp="20220427 16:59:06.027" level="INFO">Clicking element 'xpath://*[contains(text(),'ورود')]'.</msg>
<status status="PASS" starttime="20220427 16:59:06.025" endtime="20220427 16:59:06.580"/>
</kw>
<status status="PASS" starttime="20220427 16:59:06.024" endtime="20220427 16:59:06.581"/>
</kw>
<kw name="Enter Username and Click" library="Login">
<kw name="Assertion Text" library="commonfunctionality">
<arg>ورود</arg>
<kw name="Wait Until Page Contains" library="SeleniumLibrary">
<arg>${text}</arg>
<doc>Waits until ``text`` appears on the current page.</doc>
<status status="PASS" starttime="20220427 16:59:06.585" endtime="20220427 16:59:06.658"/>
</kw>
<kw name="Page Should Contain" library="SeleniumLibrary">
<arg>${text}</arg>
<doc>Verifies that current page contains ``text``.</doc>
<msg timestamp="20220427 16:59:06.711" level="INFO">Current page contains text 'ورود'.</msg>
<status status="PASS" starttime="20220427 16:59:06.659" endtime="20220427 16:59:06.712"/>
</kw>
<status status="PASS" starttime="20220427 16:59:06.583" endtime="20220427 16:59:06.712"/>
</kw>
<kw name="Input Text" library="SeleniumLibrary">
<arg>${UsernameInput}</arg>
<arg>${Username}</arg>
<doc>Types the given ``text`` into the text field identified by ``locator``.</doc>
<msg timestamp="20220427 16:59:06.716" level="INFO">Typing text 'najafi.nazanin@gmail.com' into text field 'xpath://input[@name="username"]'.</msg>
<status status="PASS" starttime="20220427 16:59:06.713" endtime="20220427 16:59:07.062"/>
</kw>
<kw name="Click Element" library="SeleniumLibrary">
<arg>${UsernamePressKeys}</arg>
<doc>Click the element identified by ``locator``.</doc>
<msg timestamp="20220427 16:59:07.064" level="INFO">Clicking element 'xpath://button[@data-cro-id="login-register"]'.</msg>
<status status="PASS" starttime="20220427 16:59:07.062" endtime="20220427 16:59:07.243"/>
</kw>
<status status="PASS" starttime="20220427 16:59:06.582" endtime="20220427 16:59:07.244"/>
</kw>
<kw name="Enter Password and Click" library="Login">
<kw name="Assertion Text" library="commonfunctionality">
<arg>تایید</arg>
<kw name="Wait Until Page Contains" library="SeleniumLibrary">
<arg>${text}</arg>
<doc>Waits until ``text`` appears on the current page.</doc>
<kw name="Capture Page Screenshot" library="SeleniumLibrary">
<doc>Takes a screenshot of the current page and embeds it into a log file.</doc>
<msg timestamp="20220427 17:00:07.561" level="INFO" html="true">&lt;/td&gt;&lt;/tr&gt;&lt;tr&gt;&lt;td colspan="3"&gt;&lt;a href="selenium-screenshot-8.png"&gt;&lt;img src="selenium-screenshot-8.png" width="800px"&gt;&lt;/a&gt;</msg>
<status status="PASS" starttime="20220427 17:00:07.377" endtime="20220427 17:00:07.561"/>
</kw>
<msg timestamp="20220427 17:00:07.564" level="FAIL">Text 'تایید' did not appear in 1 minute.</msg>
<status status="FAIL" starttime="20220427 16:59:07.245" endtime="20220427 17:00:07.564"/>
</kw>
<kw name="Page Should Contain" library="SeleniumLibrary">
<arg>${text}</arg>
<doc>Verifies that current page contains ``text``.</doc>
<status status="NOT RUN" starttime="20220427 17:00:07.565" endtime="20220427 17:00:07.565"/>
</kw>
<status status="FAIL" starttime="20220427 16:59:07.244" endtime="20220427 17:00:07.566"/>
</kw>
<kw name="Wait Until Element Is Enabled" library="SeleniumLibrary">
<arg>${PasswordInput}</arg>
<doc>Waits until the element ``locator`` is enabled.</doc>
<status status="NOT RUN" starttime="20220427 17:00:07.566" endtime="20220427 17:00:07.566"/>
</kw>
<kw name="Input Password" library="SeleniumLibrary">
<arg>${PasswordInput}</arg>
<arg>${Password}</arg>
<doc>Types the given password into the text field identified by ``locator``.</doc>
<status status="NOT RUN" starttime="20220427 17:00:07.567" endtime="20220427 17:00:07.567"/>
</kw>
<kw name="Click Element" library="SeleniumLibrary">
<arg>${PasswordPressKeys}</arg>
<doc>Click the element identified by ``locator``.</doc>
<status status="NOT RUN" starttime="20220427 17:00:07.567" endtime="20220427 17:00:07.567"/>
</kw>
<status status="FAIL" starttime="20220427 16:59:07.244" endtime="20220427 17:00:07.567"/>
</kw>
<status status="FAIL" starttime="20220427 16:58:19.750" endtime="20220427 17:00:07.568"/>
</kw>
<test id="s1-t1" name="This is Availability Test for digikala.com">
<status status="FAIL" starttime="20220427 17:00:07.568" endtime="20220427 17:00:07.571">Parent suite setup failed:
Text 'تایید' did not appear in 1 minute.</status>
</test>
<kw name="Close Page" library="commonfunctionality" type="TEARDOWN">
<kw name="Close Browser" library="SeleniumLibrary">
<doc>Closes the current browser.</doc>
<status status="PASS" starttime="20220427 17:00:07.576" endtime="20220427 17:00:09.788"/>
</kw>
<status status="PASS" starttime="20220427 17:00:07.575" endtime="20220427 17:00:09.789"/>
</kw>
<doc>Availability</doc>
<status status="FAIL" starttime="20220427 16:58:19.453" endtime="20220427 17:00:09.789">Suite setup failed:
Text 'تایید' did not appear in 1 minute.</status>
</suite>
<statistics>
<total>
<stat pass="0" fail="1" skip="0">All Tests</stat>
</total>
<tag>
</tag>
<suite>
<stat pass="0" fail="1" skip="0" id="s1" name="Digikala Availability">Digikala Availability</stat>
</suite>
</statistics>
<errors>
</errors>
</robot>
