<?xml version="1.0" encoding="UTF-8"?>
<robot generator="Robot 4.1.3 (Python 3.6.5 on win32)" generated="20220425 15:47:11.844" rpa="false" schemaversion="2">
<suite id="s1" name="Digikala Availability" source="C:\Users\Mi Store\Desktop\DigiKala\TestCase\Digikala_Availability.robot">
<kw name="Run Keywords" library="BuiltIn" type="SETUP">
<arg>commonfunctionality.Open Page</arg>
<arg>Login.Verify Login Page Loaded</arg>
<arg>Login.click on login</arg>
<arg>Login.Enter Username and Click</arg>
<arg>Login.Enter Password and Click</arg>
<doc>Executes all the given keywords in a sequence.</doc>
<kw name="Open Page" library="commonfunctionality">
<doc>This is test to Login digikala</doc>
<kw name="Set Selenium Speed" library="SeleniumLibrary">
<arg>${Speed}</arg>
<doc>Sets the delay that is waited after each Selenium command.</doc>
<status status="PASS" starttime="20220425 15:47:12.127" endtime="20220425 15:47:12.128"/>
</kw>
<kw name="Set Selenium Timeout" library="SeleniumLibrary">
<arg>${Timeout}</arg>
<doc>Sets the timeout that is used by various keywords.</doc>
<status status="PASS" starttime="20220425 15:47:12.128" endtime="20220425 15:47:12.129"/>
</kw>
<kw name="Open Browser" library="SeleniumLibrary">
<arg>${url}</arg>
<arg>${browser}</arg>
<doc>Opens a new browser instance to the optional ``url``.</doc>
<msg timestamp="20220425 15:47:12.131" level="INFO">Opening browser 'Chrome' to base url 'https://www.digikala.com/'.</msg>
<status status="PASS" starttime="20220425 15:47:12.130" endtime="20220425 15:48:06.419"/>
</kw>
<kw name="Maximize Browser Window" library="SeleniumLibrary">
<doc>Maximizes current browser window.</doc>
<status status="PASS" starttime="20220425 15:48:06.420" endtime="20220425 15:48:06.889"/>
</kw>
<status status="PASS" starttime="20220425 15:47:12.126" endtime="20220425 15:48:06.889"/>
</kw>
<kw name="Verify Login Page Loaded" library="Login">
<kw name="Wait Until Page Contains" library="SeleniumLibrary">
<arg>${WebsiteName}</arg>
<doc>Waits until ``text`` appears on the current page.</doc>
<status status="PASS" starttime="20220425 15:48:06.891" endtime="20220425 15:48:07.036"/>
</kw>
<status status="PASS" starttime="20220425 15:48:06.890" endtime="20220425 15:48:07.036"/>
</kw>
<kw name="click on login" library="Login">
<kw name="Click Element" library="SeleniumLibrary">
<arg>${ClickOnLogin}</arg>
<doc>Click the element identified by ``locator``.</doc>
<msg timestamp="20220425 15:48:07.040" level="INFO">Clicking element 'xpath://*[contains(text(),'ورود')]'.</msg>
<status status="PASS" starttime="20220425 15:48:07.038" endtime="20220425 15:48:07.477"/>
</kw>
<status status="PASS" starttime="20220425 15:48:07.037" endtime="20220425 15:48:07.478"/>
</kw>
<kw name="Enter Username and Click" library="Login">
<kw name="assertion Text" library="commonfunctionality">
<arg>ورود</arg>
<kw name="Wait Until Page Contains" library="SeleniumLibrary">
<arg>${text}</arg>
<doc>Waits until ``text`` appears on the current page.</doc>
<status status="PASS" starttime="20220425 15:48:07.479" endtime="20220425 15:48:07.731"/>
</kw>
<kw name="Page Should Contain" library="SeleniumLibrary">
<arg>${text}</arg>
<doc>Verifies that current page contains ``text``.</doc>
<msg timestamp="20220425 15:48:07.768" level="INFO">Current page contains text 'ورود'.</msg>
<status status="PASS" starttime="20220425 15:48:07.732" endtime="20220425 15:48:07.768"/>
</kw>
<status status="PASS" starttime="20220425 15:48:07.478" endtime="20220425 15:48:07.769"/>
</kw>
<kw name="Input Text" library="SeleniumLibrary">
<arg>${UsernameInput}</arg>
<arg>${Username}</arg>
<doc>Types the given ``text`` into the text field identified by ``locator``.</doc>
<msg timestamp="20220425 15:48:07.771" level="INFO">Typing text 'najafi.nazanin@gmail.com' into text field 'xpath://input[@name="username"]'.</msg>
<status status="PASS" starttime="20220425 15:48:07.769" endtime="20220425 15:48:07.981"/>
</kw>
<kw name="Click Element" library="SeleniumLibrary">
<arg>${UsernamePressKeys}</arg>
<doc>Click the element identified by ``locator``.</doc>
<msg timestamp="20220425 15:48:07.982" level="INFO">Clicking element 'xpath://button[@data-cro-id="login-register"]'.</msg>
<status status="PASS" starttime="20220425 15:48:07.982" endtime="20220425 15:48:08.084"/>
</kw>
<status status="PASS" starttime="20220425 15:48:07.478" endtime="20220425 15:48:08.085"/>
</kw>
<kw name="Enter Password and Click" library="Login">
<kw name="assertion Text" library="commonfunctionality">
<arg>تایید</arg>
<kw name="Wait Until Page Contains" library="SeleniumLibrary">
<arg>${text}</arg>
<doc>Waits until ``text`` appears on the current page.</doc>
<status status="PASS" starttime="20220425 15:48:08.086" endtime="20220425 15:48:08.371"/>
</kw>
<kw name="Page Should Contain" library="SeleniumLibrary">
<arg>${text}</arg>
<doc>Verifies that current page contains ``text``.</doc>
<msg timestamp="20220425 15:48:08.411" level="INFO">Current page contains text 'تایید'.</msg>
<status status="PASS" starttime="20220425 15:48:08.372" endtime="20220425 15:48:08.412"/>
</kw>
<status status="PASS" starttime="20220425 15:48:08.086" endtime="20220425 15:48:08.412"/>
</kw>
<kw name="Wait Until Element Is Enabled" library="SeleniumLibrary">
<arg>${PasswordInput}</arg>
<doc>Waits until the element ``locator`` is enabled.</doc>
<status status="PASS" starttime="20220425 15:48:08.413" endtime="20220425 15:48:08.481"/>
</kw>
<kw name="Input Password" library="SeleniumLibrary">
<arg>${PasswordInput}</arg>
<arg>${Password}</arg>
<doc>Types the given password into the text field identified by ``locator``.</doc>
<msg timestamp="20220425 15:48:08.482" level="INFO">Typing password into text field 'xpath://input[@name="password"]'.</msg>
<msg timestamp="20220425 15:48:08.549" level="INFO">Temporally setting log level to: NONE</msg>
<msg timestamp="20220425 15:48:08.607" level="INFO">Log level changed from NONE to INFO.</msg>
<status status="PASS" starttime="20220425 15:48:08.481" endtime="20220425 15:48:08.607"/>
</kw>
<kw name="Click Element" library="SeleniumLibrary">
<arg>${PasswordPressKeys}</arg>
<doc>Click the element identified by ``locator``.</doc>
<msg timestamp="20220425 15:48:08.607" level="INFO">Clicking element 'xpath://button[@type="submit"]'.</msg>
<status status="PASS" starttime="20220425 15:48:08.607" endtime="20220425 15:48:08.673"/>
</kw>
<status status="PASS" starttime="20220425 15:48:08.085" endtime="20220425 15:48:08.673"/>
</kw>
<status status="PASS" starttime="20220425 15:47:12.126" endtime="20220425 15:48:08.673"/>
</kw>
<test id="s1-t1" name="This is Availability Test for digikala.com">
<kw name="Select Category" library="Buy_product">
<kw name="Wait Until Page Contains" library="SeleniumLibrary">
<arg>دسته‌بندی کالاها</arg>
<doc>Waits until ``text`` appears on the current page.</doc>
<status status="PASS" starttime="20220425 15:48:08.678" endtime="20220425 15:48:10.422"/>
</kw>
<kw name="Wait Until Element Is Visible" library="SeleniumLibrary">
<arg>${Classification}</arg>
<doc>Waits until the element ``locator`` is visible.</doc>
<status status="PASS" starttime="20220425 15:48:10.422" endtime="20220425 15:48:10.601"/>
</kw>
<kw name="Click Element" library="SeleniumLibrary">
<arg>${Classification}</arg>
<doc>Click the element identified by ``locator``.</doc>
<msg timestamp="20220425 15:48:10.602" level="INFO">Clicking element 'xpath://span[@data-cro-id="header-main-menu"]'.</msg>
<status status="PASS" starttime="20220425 15:48:10.602" endtime="20220425 15:48:10.826"/>
</kw>
<kw name="Wait Until Page Contains" library="SeleniumLibrary">
<arg>کالای دیجیتال</arg>
<doc>Waits until ``text`` appears on the current page.</doc>
<status status="PASS" starttime="20220425 15:48:10.826" endtime="20220425 15:48:10.948"/>
</kw>
<kw name="Mouse Over" library="SeleniumLibrary">
<arg>${productClass}</arg>
<doc>Simulates hovering the mouse over the element ``locator``.</doc>
<msg timestamp="20220425 15:48:10.949" level="INFO">Simulating Mouse Over on element 'xpath://a[@href="/main/electronic-devices/"]'.</msg>
<status status="PASS" starttime="20220425 15:48:10.948" endtime="20220425 15:48:11.358"/>
</kw>
<kw name="Wait Until Page Contains" library="SeleniumLibrary">
<arg>گوشی موبایل</arg>
<doc>Waits until ``text`` appears on the current page.</doc>
<status status="PASS" starttime="20220425 15:48:11.358" endtime="20220425 15:48:11.393"/>
</kw>
<kw name="Wait Until Element Is Visible" library="SeleniumLibrary">
<arg>${productSubClass}</arg>
<doc>Waits until the element ``locator`` is visible.</doc>
<status status="PASS" starttime="20220425 15:48:11.393" endtime="20220425 15:48:11.501"/>
</kw>
<kw name="Mouse Over" library="SeleniumLibrary">
<arg>${productSubClass}</arg>
<doc>Simulates hovering the mouse over the element ``locator``.</doc>
<msg timestamp="20220425 15:48:11.502" level="INFO">Simulating Mouse Over on element 'xpath://a[@href="/search/category-mobile-phone/"]'.</msg>
<status status="PASS" starttime="20220425 15:48:11.502" endtime="20220425 15:48:11.817"/>
</kw>
<kw name="Click Element" library="SeleniumLibrary">
<arg>${productSubClass}</arg>
<doc>Click the element identified by ``locator``.</doc>
<msg timestamp="20220425 15:48:11.818" level="INFO">Clicking element 'xpath://a[@href="/search/category-mobile-phone/"]'.</msg>
<status status="PASS" starttime="20220425 15:48:11.817" endtime="20220425 15:48:12.208"/>
</kw>
<status status="PASS" starttime="20220425 15:48:08.676" endtime="20220425 15:48:12.209"/>
</kw>
<kw name="Click" library="commonfunctionality">
<arg>${BestSelling}</arg>
<kw name="Wait Until Element Is Enabled" library="SeleniumLibrary">
<arg>${arg}</arg>
<doc>Waits until the element ``locator`` is enabled.</doc>
<status status="PASS" starttime="20220425 15:48:12.211" endtime="20220425 15:48:12.657"/>
</kw>
<kw name="Run Keyword And Ignore Error" library="BuiltIn">
<arg>Scroll Element Into View</arg>
<arg>${arg}</arg>
<doc>Runs the given keyword with the given arguments and ignores possible error.</doc>
<kw name="Scroll Element Into View" library="SeleniumLibrary">
<arg>${arg}</arg>
<doc>Scrolls the element identified by ``locator`` into view.</doc>
<status status="PASS" starttime="20220425 15:48:12.658" endtime="20220425 15:48:12.972"/>
</kw>
<status status="PASS" starttime="20220425 15:48:12.658" endtime="20220425 15:48:12.972"/>
</kw>
<kw name="Wait Until Element Is Visible" library="SeleniumLibrary">
<arg>${arg}</arg>
<doc>Waits until the element ``locator`` is visible.</doc>
<status status="PASS" starttime="20220425 15:48:12.972" endtime="20220425 15:48:13.004"/>
</kw>
<kw name="Run Keyword And Ignore Error" library="BuiltIn">
<arg>Mouse Over</arg>
<arg>${arg}</arg>
<doc>Runs the given keyword with the given arguments and ignores possible error.</doc>
<kw name="Mouse Over" library="SeleniumLibrary">
<arg>${arg}</arg>
<doc>Simulates hovering the mouse over the element ``locator``.</doc>
<msg timestamp="20220425 15:48:13.005" level="INFO">Simulating Mouse Over on element 'xpath://div[contains(@data-cro-id, "plp-sort-option") and contains(text(),'پرفروش‌ترین‌')]'.</msg>
<status status="PASS" starttime="20220425 15:48:13.004" endtime="20220425 15:48:13.297"/>
</kw>
<status status="PASS" starttime="20220425 15:48:13.004" endtime="20220425 15:48:13.297"/>
</kw>
<kw name="Wait Until Keyword Succeeds" library="BuiltIn">
<arg>2 min</arg>
<arg>5 sec</arg>
<arg>Click Element</arg>
<arg>${arg}</arg>
<doc>Runs the specified keyword and retries if it fails.</doc>
<kw name="Click Element" library="SeleniumLibrary">
<arg>${arg}</arg>
<doc>Click the element identified by ``locator``.</doc>
<msg timestamp="20220425 15:48:13.300" level="INFO">Clicking element 'xpath://div[contains(@data-cro-id, "plp-sort-option") and contains(text(),'پرفروش‌ترین‌')]'.</msg>
<status status="PASS" starttime="20220425 15:48:13.299" endtime="20220425 15:48:13.524"/>
</kw>
<status status="PASS" starttime="20220425 15:48:13.298" endtime="20220425 15:48:13.524"/>
</kw>
<status status="PASS" starttime="20220425 15:48:12.210" endtime="20220425 15:48:13.524"/>
</kw>
<kw name="Add Filter" library="commonfunctionality">
<arg>برند</arg>
<arg>${Brand}</arg>
<arg>${BrandName}</arg>
<kw name="assertion Text" library="commonfunctionality">
<arg>${assertion_text}</arg>
<kw name="Wait Until Page Contains" library="SeleniumLibrary">
<arg>${text}</arg>
<doc>Waits until ``text`` appears on the current page.</doc>
<status status="PASS" starttime="20220425 15:48:13.527" endtime="20220425 15:48:13.578"/>
</kw>
<kw name="Page Should Contain" library="SeleniumLibrary">
<arg>${text}</arg>
<doc>Verifies that current page contains ``text``.</doc>
<msg timestamp="20220425 15:48:13.682" level="INFO">Current page contains text 'برند'.</msg>
<status status="PASS" starttime="20220425 15:48:13.579" endtime="20220425 15:48:13.683"/>
</kw>
<status status="PASS" starttime="20220425 15:48:13.527" endtime="20220425 15:48:13.684"/>
</kw>
<kw name="Run Keyword And Ignore Error" library="BuiltIn">
<arg>Scroll Element Into View</arg>
<arg>${filter}</arg>
<doc>Runs the given keyword with the given arguments and ignores possible error.</doc>
<kw name="Scroll Element Into View" library="SeleniumLibrary">
<arg>${filter}</arg>
<doc>Scrolls the element identified by ``locator`` into view.</doc>
<status status="PASS" starttime="20220425 15:48:13.686" endtime="20220425 15:48:14.273"/>
</kw>
<status status="PASS" starttime="20220425 15:48:13.685" endtime="20220425 15:48:14.273"/>
</kw>
<kw name="Wait Until Element Is Visible" library="SeleniumLibrary">
<arg>${filter}</arg>
<doc>Waits until the element ``locator`` is visible.</doc>
<status status="PASS" starttime="20220425 15:48:14.274" endtime="20220425 15:48:14.308"/>
</kw>
<kw name="Wait Until Keyword Succeeds" library="BuiltIn">
<arg>2 min</arg>
<arg>5 sec</arg>
<arg>Click Element</arg>
<arg>${filter}</arg>
<doc>Runs the specified keyword and retries if it fails.</doc>
<kw name="Click Element" library="SeleniumLibrary">
<arg>${filter}</arg>
<doc>Click the element identified by ``locator``.</doc>
<msg timestamp="20220425 15:48:14.309" level="INFO">Clicking element 'xpath://div[contains(@class, "text-subtitle-strong d-flex ai-center") and contains(text(),'برند')]'.</msg>
<status status="PASS" starttime="20220425 15:48:14.309" endtime="20220425 15:48:14.463"/>
</kw>
<status status="PASS" starttime="20220425 15:48:14.308" endtime="20220425 15:48:14.463"/>
</kw>
<kw name="Wait Until Element Is Enabled" library="SeleniumLibrary">
<arg>${sub_filter}</arg>
<doc>Waits until the element ``locator`` is enabled.</doc>
<status status="PASS" starttime="20220425 15:48:14.463" endtime="20220425 15:48:14.520"/>
</kw>
<kw name="Run Keyword And Ignore Error" library="BuiltIn">
<arg>Scroll Element Into View</arg>
<arg>${sub_filter}</arg>
<doc>Runs the given keyword with the given arguments and ignores possible error.</doc>
<kw name="Scroll Element Into View" library="SeleniumLibrary">
<arg>${sub_filter}</arg>
<doc>Scrolls the element identified by ``locator`` into view.</doc>
<status status="PASS" starttime="20220425 15:48:14.521" endtime="20220425 15:48:14.806"/>
</kw>
<status status="PASS" starttime="20220425 15:48:14.520" endtime="20220425 15:48:14.806"/>
</kw>
<kw name="Mouse Over" library="SeleniumLibrary">
<arg>${sub_filter}</arg>
<doc>Simulates hovering the mouse over the element ``locator``.</doc>
<msg timestamp="20220425 15:48:14.807" level="INFO">Simulating Mouse Over on element 'xpath://div[contains(@class, "text-subtitle-strong") and contains(text(),'اپل')]'.</msg>
<status status="PASS" starttime="20220425 15:48:14.806" endtime="20220425 15:48:15.116"/>
</kw>
<kw name="Wait Until Keyword Succeeds" library="BuiltIn">
<arg>2 min</arg>
<arg>5 sec</arg>
<arg>Click Element</arg>
<arg>${sub_filter}</arg>
<doc>Runs the specified keyword and retries if it fails.</doc>
<kw name="Click Element" library="SeleniumLibrary">
<arg>${sub_filter}</arg>
<doc>Click the element identified by ``locator``.</doc>
<msg timestamp="20220425 15:48:15.120" level="INFO">Clicking element 'xpath://div[contains(@class, "text-subtitle-strong") and contains(text(),'اپل')]'.</msg>
<status status="PASS" starttime="20220425 15:48:15.119" endtime="20220425 15:48:15.357"/>
</kw>
<status status="PASS" starttime="20220425 15:48:15.117" endtime="20220425 15:48:15.357"/>
</kw>
<status status="PASS" starttime="20220425 15:48:13.525" endtime="20220425 15:48:15.358"/>
</kw>
<kw name="Next Page" library="Availability">
<kw name="Set Focus To Element" library="SeleniumLibrary">
<arg>${NextPage}</arg>
<doc>Sets the focus to the element identified by ``locator``.</doc>
<status status="PASS" starttime="20220425 15:48:15.360" endtime="20220425 15:48:15.415"/>
</kw>
<kw name="Wait Until Page Contains Element" library="SeleniumLibrary">
<arg>${NextPage}</arg>
<doc>Waits until the element ``locator`` appears on the current page.</doc>
<status status="PASS" starttime="20220425 15:48:15.415" endtime="20220425 15:48:15.445"/>
</kw>
<for flavor="IN RANGE">
<var>${i}</var>
<value>8</value>
<iter>
<var name="${i}">0</var>
<kw name="Run Keyword And Ignore Error" library="BuiltIn">
<arg>Scroll Element Into View</arg>
<arg>${assertion}</arg>
<doc>Runs the given keyword with the given arguments and ignores possible error.</doc>
<kw name="Scroll Element Into View" library="SeleniumLibrary">
<arg>${assertion}</arg>
<doc>Scrolls the element identified by ``locator`` into view.</doc>
<kw name="Capture Page Screenshot" library="SeleniumLibrary">
<doc>Takes a screenshot of the current page and embeds it into a log file.</doc>
<msg timestamp="20220425 15:48:16.085" level="INFO" html="true">&lt;/td&gt;&lt;/tr&gt;&lt;tr&gt;&lt;td colspan="3"&gt;&lt;a href="selenium-screenshot-13.png"&gt;&lt;img src="selenium-screenshot-13.png" width="800px"&gt;&lt;/a&gt;</msg>
<status status="PASS" starttime="20220425 15:48:15.704" endtime="20220425 15:48:16.086"/>
</kw>
<msg timestamp="20220425 15:48:16.097" level="FAIL">MoveTargetOutOfBoundsException: Message: move target out of bounds
  (Session info: chrome=100.0.4896.127)
</msg>
<status status="FAIL" starttime="20220425 15:48:15.447" endtime="20220425 15:48:16.098"/>
</kw>
<status status="PASS" starttime="20220425 15:48:15.446" endtime="20220425 15:48:16.098"/>
</kw>
<status status="PASS" starttime="20220425 15:48:15.446" endtime="20220425 15:48:16.098"/>
</iter>
<iter>
<var name="${i}">1</var>
<kw name="Run Keyword And Ignore Error" library="BuiltIn">
<arg>Scroll Element Into View</arg>
<arg>${assertion}</arg>
<doc>Runs the given keyword with the given arguments and ignores possible error.</doc>
<kw name="Scroll Element Into View" library="SeleniumLibrary">
<arg>${assertion}</arg>
<doc>Scrolls the element identified by ``locator`` into view.</doc>
<kw name="Capture Page Screenshot" library="SeleniumLibrary">
<doc>Takes a screenshot of the current page and embeds it into a log file.</doc>
<msg timestamp="20220425 15:48:16.554" level="INFO" html="true">&lt;/td&gt;&lt;/tr&gt;&lt;tr&gt;&lt;td colspan="3"&gt;&lt;a href="selenium-screenshot-14.png"&gt;&lt;img src="selenium-screenshot-14.png" width="800px"&gt;&lt;/a&gt;</msg>
<status status="PASS" starttime="20220425 15:48:16.246" endtime="20220425 15:48:16.555"/>
</kw>
<msg timestamp="20220425 15:48:16.556" level="FAIL">MoveTargetOutOfBoundsException: Message: move target out of bounds
  (Session info: chrome=100.0.4896.127)
</msg>
<status status="FAIL" starttime="20220425 15:48:16.099" endtime="20220425 15:48:16.556"/>
</kw>
<status status="PASS" starttime="20220425 15:48:16.098" endtime="20220425 15:48:16.557"/>
</kw>
<status status="PASS" starttime="20220425 15:48:16.098" endtime="20220425 15:48:16.557"/>
</iter>
<iter>
<var name="${i}">2</var>
<kw name="Run Keyword And Ignore Error" library="BuiltIn">
<arg>Scroll Element Into View</arg>
<arg>${assertion}</arg>
<doc>Runs the given keyword with the given arguments and ignores possible error.</doc>
<kw name="Scroll Element Into View" library="SeleniumLibrary">
<arg>${assertion}</arg>
<doc>Scrolls the element identified by ``locator`` into view.</doc>
<status status="PASS" starttime="20220425 15:48:16.557" endtime="20220425 15:48:16.895"/>
</kw>
<status status="PASS" starttime="20220425 15:48:16.557" endtime="20220425 15:48:16.895"/>
</kw>
<status status="PASS" starttime="20220425 15:48:16.557" endtime="20220425 15:48:16.895"/>
</iter>
<iter>
<var name="${i}">3</var>
<kw name="Run Keyword And Ignore Error" library="BuiltIn">
<arg>Scroll Element Into View</arg>
<arg>${assertion}</arg>
<doc>Runs the given keyword with the given arguments and ignores possible error.</doc>
<kw name="Scroll Element Into View" library="SeleniumLibrary">
<arg>${assertion}</arg>
<doc>Scrolls the element identified by ``locator`` into view.</doc>
<kw name="Capture Page Screenshot" library="SeleniumLibrary">
<doc>Takes a screenshot of the current page and embeds it into a log file.</doc>
<msg timestamp="20220425 15:48:17.510" level="INFO" html="true">&lt;/td&gt;&lt;/tr&gt;&lt;tr&gt;&lt;td colspan="3"&gt;&lt;a href="selenium-screenshot-15.png"&gt;&lt;img src="selenium-screenshot-15.png" width="800px"&gt;&lt;/a&gt;</msg>
<status status="PASS" starttime="20220425 15:48:17.042" endtime="20220425 15:48:17.510"/>
</kw>
<msg timestamp="20220425 15:48:17.512" level="FAIL">MoveTargetOutOfBoundsException: Message: move target out of bounds
  (Session info: chrome=100.0.4896.127)
</msg>
<status status="FAIL" starttime="20220425 15:48:16.897" endtime="20220425 15:48:17.512"/>
</kw>
<status status="PASS" starttime="20220425 15:48:16.896" endtime="20220425 15:48:17.512"/>
</kw>
<status status="PASS" starttime="20220425 15:48:16.896" endtime="20220425 15:48:17.512"/>
</iter>
<iter>
<var name="${i}">4</var>
<kw name="Run Keyword And Ignore Error" library="BuiltIn">
<arg>Scroll Element Into View</arg>
<arg>${assertion}</arg>
<doc>Runs the given keyword with the given arguments and ignores possible error.</doc>
<kw name="Scroll Element Into View" library="SeleniumLibrary">
<arg>${assertion}</arg>
<doc>Scrolls the element identified by ``locator`` into view.</doc>
<kw name="Capture Page Screenshot" library="SeleniumLibrary">
<doc>Takes a screenshot of the current page and embeds it into a log file.</doc>
<msg timestamp="20220425 15:48:18.003" level="INFO" html="true">&lt;/td&gt;&lt;/tr&gt;&lt;tr&gt;&lt;td colspan="3"&gt;&lt;a href="selenium-screenshot-16.png"&gt;&lt;img src="selenium-screenshot-16.png" width="800px"&gt;&lt;/a&gt;</msg>
<status status="PASS" starttime="20220425 15:48:17.642" endtime="20220425 15:48:18.003"/>
</kw>
<msg timestamp="20220425 15:48:18.006" level="FAIL">MoveTargetOutOfBoundsException: Message: move target out of bounds
  (Session info: chrome=100.0.4896.127)
</msg>
<status status="FAIL" starttime="20220425 15:48:17.513" endtime="20220425 15:48:18.007"/>
</kw>
<status status="PASS" starttime="20220425 15:48:17.512" endtime="20220425 15:48:18.007"/>
</kw>
<status status="PASS" starttime="20220425 15:48:17.512" endtime="20220425 15:48:18.007"/>
</iter>
<iter>
<var name="${i}">5</var>
<kw name="Run Keyword And Ignore Error" library="BuiltIn">
<arg>Scroll Element Into View</arg>
<arg>${assertion}</arg>
<doc>Runs the given keyword with the given arguments and ignores possible error.</doc>
<kw name="Scroll Element Into View" library="SeleniumLibrary">
<arg>${assertion}</arg>
<doc>Scrolls the element identified by ``locator`` into view.</doc>
<kw name="Capture Page Screenshot" library="SeleniumLibrary">
<doc>Takes a screenshot of the current page and embeds it into a log file.</doc>
<msg timestamp="20220425 15:48:18.463" level="INFO" html="true">&lt;/td&gt;&lt;/tr&gt;&lt;tr&gt;&lt;td colspan="3"&gt;&lt;a href="selenium-screenshot-17.png"&gt;&lt;img src="selenium-screenshot-17.png" width="800px"&gt;&lt;/a&gt;</msg>
<status status="PASS" starttime="20220425 15:48:18.035" endtime="20220425 15:48:18.464"/>
</kw>
<msg timestamp="20220425 15:48:18.466" level="FAIL">MoveTargetOutOfBoundsException: Message: move target out of bounds
  (Session info: chrome=100.0.4896.127)
</msg>
<status status="FAIL" starttime="20220425 15:48:18.008" endtime="20220425 15:48:18.466"/>
</kw>
<status status="PASS" starttime="20220425 15:48:18.007" endtime="20220425 15:48:18.466"/>
</kw>
<status status="PASS" starttime="20220425 15:48:18.007" endtime="20220425 15:48:18.466"/>
</iter>
<iter>
<var name="${i}">6</var>
<kw name="Run Keyword And Ignore Error" library="BuiltIn">
<arg>Scroll Element Into View</arg>
<arg>${assertion}</arg>
<doc>Runs the given keyword with the given arguments and ignores possible error.</doc>
<kw name="Scroll Element Into View" library="SeleniumLibrary">
<arg>${assertion}</arg>
<doc>Scrolls the element identified by ``locator`` into view.</doc>
<status status="PASS" starttime="20220425 15:48:18.467" endtime="20220425 15:48:18.784"/>
</kw>
<status status="PASS" starttime="20220425 15:48:18.467" endtime="20220425 15:48:18.784"/>
</kw>
<status status="PASS" starttime="20220425 15:48:18.467" endtime="20220425 15:48:18.784"/>
</iter>
<iter>
<var name="${i}">7</var>
<kw name="Run Keyword And Ignore Error" library="BuiltIn">
<arg>Scroll Element Into View</arg>
<arg>${assertion}</arg>
<doc>Runs the given keyword with the given arguments and ignores possible error.</doc>
<kw name="Scroll Element Into View" library="SeleniumLibrary">
<arg>${assertion}</arg>
<doc>Scrolls the element identified by ``locator`` into view.</doc>
<kw name="Capture Page Screenshot" library="SeleniumLibrary">
<doc>Takes a screenshot of the current page and embeds it into a log file.</doc>
<msg timestamp="20220425 15:48:19.402" level="INFO" html="true">&lt;/td&gt;&lt;/tr&gt;&lt;tr&gt;&lt;td colspan="3"&gt;&lt;a href="selenium-screenshot-18.png"&gt;&lt;img src="selenium-screenshot-18.png" width="800px"&gt;&lt;/a&gt;</msg>
<status status="PASS" starttime="20220425 15:48:18.964" endtime="20220425 15:48:19.403"/>
</kw>
<msg timestamp="20220425 15:48:19.410" level="FAIL">MoveTargetOutOfBoundsException: Message: move target out of bounds
  (Session info: chrome=100.0.4896.127)
</msg>
<status status="FAIL" starttime="20220425 15:48:18.785" endtime="20220425 15:48:19.410"/>
</kw>
<status status="PASS" starttime="20220425 15:48:18.785" endtime="20220425 15:48:19.410"/>
</kw>
<status status="PASS" starttime="20220425 15:48:18.784" endtime="20220425 15:48:19.410"/>
</iter>
<status status="PASS" starttime="20220425 15:48:15.445" endtime="20220425 15:48:19.410"/>
</for>
<kw name="Sleep" library="BuiltIn">
<arg>2s</arg>
<doc>Pauses the test executed for the given time.</doc>
<msg timestamp="20220425 15:48:21.413" level="INFO">Slept 2 seconds</msg>
<status status="PASS" starttime="20220425 15:48:19.411" endtime="20220425 15:48:21.415"/>
</kw>
<kw name="Click" library="commonfunctionality">
<arg>${NextPage}</arg>
<kw name="Wait Until Element Is Enabled" library="SeleniumLibrary">
<arg>${arg}</arg>
<doc>Waits until the element ``locator`` is enabled.</doc>
<status status="PASS" starttime="20220425 15:48:21.419" endtime="20220425 15:48:21.487"/>
</kw>
<kw name="Run Keyword And Ignore Error" library="BuiltIn">
<arg>Scroll Element Into View</arg>
<arg>${arg}</arg>
<doc>Runs the given keyword with the given arguments and ignores possible error.</doc>
<kw name="Scroll Element Into View" library="SeleniumLibrary">
<arg>${arg}</arg>
<doc>Scrolls the element identified by ``locator`` into view.</doc>
<kw name="Capture Page Screenshot" library="SeleniumLibrary">
<doc>Takes a screenshot of the current page and embeds it into a log file.</doc>
<msg timestamp="20220425 15:48:21.896" level="INFO" html="true">&lt;/td&gt;&lt;/tr&gt;&lt;tr&gt;&lt;td colspan="3"&gt;&lt;a href="selenium-screenshot-19.png"&gt;&lt;img src="selenium-screenshot-19.png" width="800px"&gt;&lt;/a&gt;</msg>
<status status="PASS" starttime="20220425 15:48:21.514" endtime="20220425 15:48:21.897"/>
</kw>
<msg timestamp="20220425 15:48:21.901" level="FAIL">MoveTargetOutOfBoundsException: Message: move target out of bounds
  (Session info: chrome=100.0.4896.127)
</msg>
<status status="FAIL" starttime="20220425 15:48:21.488" endtime="20220425 15:48:21.901"/>
</kw>
<status status="PASS" starttime="20220425 15:48:21.487" endtime="20220425 15:48:21.901"/>
</kw>
<kw name="Wait Until Element Is Visible" library="SeleniumLibrary">
<arg>${arg}</arg>
<doc>Waits until the element ``locator`` is visible.</doc>
<status status="PASS" starttime="20220425 15:48:21.901" endtime="20220425 15:48:21.983"/>
</kw>
<kw name="Run Keyword And Ignore Error" library="BuiltIn">
<arg>Mouse Over</arg>
<arg>${arg}</arg>
<doc>Runs the given keyword with the given arguments and ignores possible error.</doc>
<kw name="Mouse Over" library="SeleniumLibrary">
<arg>${arg}</arg>
<doc>Simulates hovering the mouse over the element ``locator``.</doc>
<msg timestamp="20220425 15:48:21.984" level="INFO">Simulating Mouse Over on element 'xpath://span[contains(text(),'بعدی')]'.</msg>
<kw name="Capture Page Screenshot" library="SeleniumLibrary">
<doc>Takes a screenshot of the current page and embeds it into a log file.</doc>
<msg timestamp="20220425 15:48:22.371" level="INFO" html="true">&lt;/td&gt;&lt;/tr&gt;&lt;tr&gt;&lt;td colspan="3"&gt;&lt;a href="selenium-screenshot-20.png"&gt;&lt;img src="selenium-screenshot-20.png" width="800px"&gt;&lt;/a&gt;</msg>
<status status="PASS" starttime="20220425 15:48:22.101" endtime="20220425 15:48:22.371"/>
</kw>
<msg timestamp="20220425 15:48:22.373" level="FAIL">MoveTargetOutOfBoundsException: Message: move target out of bounds
  (Session info: chrome=100.0.4896.127)
</msg>
<status status="FAIL" starttime="20220425 15:48:21.984" endtime="20220425 15:48:22.373"/>
</kw>
<status status="PASS" starttime="20220425 15:48:21.983" endtime="20220425 15:48:22.374"/>
</kw>
<kw name="Wait Until Keyword Succeeds" library="BuiltIn">
<arg>2 min</arg>
<arg>5 sec</arg>
<arg>Click Element</arg>
<arg>${arg}</arg>
<doc>Runs the specified keyword and retries if it fails.</doc>
<kw name="Click Element" library="SeleniumLibrary">
<arg>${arg}</arg>
<doc>Click the element identified by ``locator``.</doc>
<msg timestamp="20220425 15:48:22.378" level="INFO">Clicking element 'xpath://span[contains(text(),'بعدی')]'.</msg>
<status status="PASS" starttime="20220425 15:48:22.377" endtime="20220425 15:48:22.696"/>
</kw>
<status status="PASS" starttime="20220425 15:48:22.374" endtime="20220425 15:48:22.696"/>
</kw>
<status status="PASS" starttime="20220425 15:48:21.416" endtime="20220425 15:48:22.697"/>
</kw>
<status status="PASS" starttime="20220425 15:48:15.359" endtime="20220425 15:48:22.697"/>
</kw>
<kw name="Find and Select Product" library="commonfunctionality">
<arg>${PProduct}</arg>
<kw name="Wait Until Element Is Enabled" library="SeleniumLibrary">
<arg>${select_product}</arg>
<doc>Waits until the element ``locator`` is enabled.</doc>
<status status="PASS" starttime="20220425 15:48:22.699" endtime="20220425 15:48:23.232"/>
</kw>
<kw name="Run Keyword And Ignore Error" library="BuiltIn">
<arg>Scroll Element Into View</arg>
<arg>${select_product}</arg>
<doc>Runs the given keyword with the given arguments and ignores possible error.</doc>
<kw name="Scroll Element Into View" library="SeleniumLibrary">
<arg>${select_product}</arg>
<doc>Scrolls the element identified by ``locator`` into view.</doc>
<kw name="Capture Page Screenshot" library="SeleniumLibrary">
<doc>Takes a screenshot of the current page and embeds it into a log file.</doc>
<msg timestamp="20220425 15:48:23.980" level="INFO" html="true">&lt;/td&gt;&lt;/tr&gt;&lt;tr&gt;&lt;td colspan="3"&gt;&lt;a href="selenium-screenshot-21.png"&gt;&lt;img src="selenium-screenshot-21.png" width="800px"&gt;&lt;/a&gt;</msg>
<status status="PASS" starttime="20220425 15:48:23.506" endtime="20220425 15:48:23.981"/>
</kw>
<msg timestamp="20220425 15:48:23.984" level="FAIL">MoveTargetOutOfBoundsException: Message: move target out of bounds
  (Session info: chrome=100.0.4896.127)
</msg>
<status status="FAIL" starttime="20220425 15:48:23.234" endtime="20220425 15:48:23.984"/>
</kw>
<status status="PASS" starttime="20220425 15:48:23.233" endtime="20220425 15:48:23.984"/>
</kw>
<kw name="Mouse Over" library="SeleniumLibrary">
<arg>${select_product}</arg>
<doc>Simulates hovering the mouse over the element ``locator``.</doc>
<msg timestamp="20220425 15:48:23.984" level="INFO">Simulating Mouse Over on element 'xpath://div[@class='d-flex flex-wrap']//span[contains(text(),'ناموجود')]'.</msg>
<status status="PASS" starttime="20220425 15:48:23.984" endtime="20220425 15:48:24.276"/>
</kw>
<kw name="Wait Until Keyword Succeeds" library="BuiltIn">
<arg>2 min</arg>
<arg>5 sec</arg>
<arg>Click Element</arg>
<arg>${select_product}</arg>
<doc>Runs the specified keyword and retries if it fails.</doc>
<kw name="Click Element" library="SeleniumLibrary">
<arg>${select_product}</arg>
<doc>Click the element identified by ``locator``.</doc>
<msg timestamp="20220425 15:48:24.281" level="INFO">Clicking element 'xpath://div[@class='d-flex flex-wrap']//span[contains(text(),'ناموجود')]'.</msg>
<status status="PASS" starttime="20220425 15:48:24.279" endtime="20220425 15:48:24.465"/>
</kw>
<status status="PASS" starttime="20220425 15:48:24.277" endtime="20220425 15:48:24.466"/>
</kw>
<kw name="Get Window Handles" library="SeleniumLibrary">
<var>${handle}</var>
<doc>Returns all child window handles of the selected browser as a list.</doc>
<msg timestamp="20220425 15:48:24.470" level="INFO">${handle} = ['CDwindow-79E0C93BE71697A6CE22947FDF7380FD', 'CDwindow-4049A6EA52E4B6A28EEB49A51777577E']</msg>
<status status="PASS" starttime="20220425 15:48:24.466" endtime="20220425 15:48:24.470"/>
</kw>
<kw name="Switch Window" library="SeleniumLibrary">
<arg>NEW</arg>
<doc>Switches to browser window matching ``locator``.</doc>
<status status="PASS" starttime="20220425 15:48:24.470" endtime="20220425 15:48:24.483"/>
</kw>
<status status="PASS" starttime="20220425 15:48:22.698" endtime="20220425 15:48:24.484"/>
</kw>
<kw name="Know Me" library="Availability">
<kw name="assertion Text" library="commonfunctionality">
<arg>ناموجود</arg>
<kw name="Wait Until Page Contains" library="SeleniumLibrary">
<arg>${text}</arg>
<doc>Waits until ``text`` appears on the current page.</doc>
<status status="PASS" starttime="20220425 15:48:24.486" endtime="20220425 15:48:28.054"/>
</kw>
<kw name="Page Should Contain" library="SeleniumLibrary">
<arg>${text}</arg>
<doc>Verifies that current page contains ``text``.</doc>
<msg timestamp="20220425 15:48:28.131" level="INFO">Current page contains text 'ناموجود'.</msg>
<status status="PASS" starttime="20220425 15:48:28.055" endtime="20220425 15:48:28.132"/>
</kw>
<status status="PASS" starttime="20220425 15:48:24.485" endtime="20220425 15:48:28.135"/>
</kw>
<kw name="Click" library="commonfunctionality">
<arg>${knowMe}</arg>
<kw name="Wait Until Element Is Enabled" library="SeleniumLibrary">
<arg>${arg}</arg>
<doc>Waits until the element ``locator`` is enabled.</doc>
<status status="PASS" starttime="20220425 15:48:28.137" endtime="20220425 15:48:28.270"/>
</kw>
<kw name="Run Keyword And Ignore Error" library="BuiltIn">
<arg>Scroll Element Into View</arg>
<arg>${arg}</arg>
<doc>Runs the given keyword with the given arguments and ignores possible error.</doc>
<kw name="Scroll Element Into View" library="SeleniumLibrary">
<arg>${arg}</arg>
<doc>Scrolls the element identified by ``locator`` into view.</doc>
<status status="PASS" starttime="20220425 15:48:28.271" endtime="20220425 15:48:28.667"/>
</kw>
<status status="PASS" starttime="20220425 15:48:28.270" endtime="20220425 15:48:28.668"/>
</kw>
<kw name="Wait Until Element Is Visible" library="SeleniumLibrary">
<arg>${arg}</arg>
<doc>Waits until the element ``locator`` is visible.</doc>
<status status="PASS" starttime="20220425 15:48:28.668" endtime="20220425 15:48:28.768"/>
</kw>
<kw name="Run Keyword And Ignore Error" library="BuiltIn">
<arg>Mouse Over</arg>
<arg>${arg}</arg>
<doc>Runs the given keyword with the given arguments and ignores possible error.</doc>
<kw name="Mouse Over" library="SeleniumLibrary">
<arg>${arg}</arg>
<doc>Simulates hovering the mouse over the element ``locator``.</doc>
<msg timestamp="20220425 15:48:28.769" level="INFO">Simulating Mouse Over on element 'xpath://button[@data-cro-id="pdp-not-found-cta"]'.</msg>
<status status="PASS" starttime="20220425 15:48:28.769" endtime="20220425 15:48:29.067"/>
</kw>
<status status="PASS" starttime="20220425 15:48:28.768" endtime="20220425 15:48:29.067"/>
</kw>
<kw name="Wait Until Keyword Succeeds" library="BuiltIn">
<arg>2 min</arg>
<arg>5 sec</arg>
<arg>Click Element</arg>
<arg>${arg}</arg>
<doc>Runs the specified keyword and retries if it fails.</doc>
<kw name="Click Element" library="SeleniumLibrary">
<arg>${arg}</arg>
<doc>Click the element identified by ``locator``.</doc>
<msg timestamp="20220425 15:48:29.069" level="INFO">Clicking element 'xpath://button[@data-cro-id="pdp-not-found-cta"]'.</msg>
<status status="PASS" starttime="20220425 15:48:29.068" endtime="20220425 15:48:29.331"/>
</kw>
<status status="PASS" starttime="20220425 15:48:29.067" endtime="20220425 15:48:29.331"/>
</kw>
<status status="PASS" starttime="20220425 15:48:28.136" endtime="20220425 15:48:29.332"/>
</kw>
<kw name="assertion Text" library="commonfunctionality">
<arg>اگر کالا موجود شد، چطور به شما اطلاع دهیم؟</arg>
<kw name="Wait Until Page Contains" library="SeleniumLibrary">
<arg>${text}</arg>
<doc>Waits until ``text`` appears on the current page.</doc>
<status status="PASS" starttime="20220425 15:48:29.334" endtime="20220425 15:48:29.474"/>
</kw>
<kw name="Page Should Contain" library="SeleniumLibrary">
<arg>${text}</arg>
<doc>Verifies that current page contains ``text``.</doc>
<msg timestamp="20220425 15:48:29.531" level="INFO">Current page contains text 'اگر کالا موجود شد، چطور به شما اطلاع دهیم؟'.</msg>
<status status="PASS" starttime="20220425 15:48:29.474" endtime="20220425 15:48:29.531"/>
</kw>
<status status="PASS" starttime="20220425 15:48:29.332" endtime="20220425 15:48:29.532"/>
</kw>
<kw name="Click" library="commonfunctionality">
<arg>${messege}</arg>
<kw name="Wait Until Element Is Enabled" library="SeleniumLibrary">
<arg>${arg}</arg>
<doc>Waits until the element ``locator`` is enabled.</doc>
<status status="PASS" starttime="20220425 15:48:29.539" endtime="20220425 15:48:29.637"/>
</kw>
<kw name="Run Keyword And Ignore Error" library="BuiltIn">
<arg>Scroll Element Into View</arg>
<arg>${arg}</arg>
<doc>Runs the given keyword with the given arguments and ignores possible error.</doc>
<kw name="Scroll Element Into View" library="SeleniumLibrary">
<arg>${arg}</arg>
<doc>Scrolls the element identified by ``locator`` into view.</doc>
<status status="PASS" starttime="20220425 15:48:29.641" endtime="20220425 15:48:30.022"/>
</kw>
<status status="PASS" starttime="20220425 15:48:29.639" endtime="20220425 15:48:30.023"/>
</kw>
<kw name="Wait Until Element Is Visible" library="SeleniumLibrary">
<arg>${arg}</arg>
<doc>Waits until the element ``locator`` is visible.</doc>
<status status="PASS" starttime="20220425 15:48:30.023" endtime="20220425 15:48:30.083"/>
</kw>
<kw name="Run Keyword And Ignore Error" library="BuiltIn">
<arg>Mouse Over</arg>
<arg>${arg}</arg>
<doc>Runs the given keyword with the given arguments and ignores possible error.</doc>
<kw name="Mouse Over" library="SeleniumLibrary">
<arg>${arg}</arg>
<doc>Simulates hovering the mouse over the element ``locator``.</doc>
<msg timestamp="20220425 15:48:30.086" level="INFO">Simulating Mouse Over on element 'xpath://*[@id="modal-root"]/div[16]/div/div/div/div[2]/div/form/label[3]'.</msg>
<status status="PASS" starttime="20220425 15:48:30.085" endtime="20220425 15:48:30.437"/>
</kw>
<status status="PASS" starttime="20220425 15:48:30.084" endtime="20220425 15:48:30.437"/>
</kw>
<kw name="Wait Until Keyword Succeeds" library="BuiltIn">
<arg>2 min</arg>
<arg>5 sec</arg>
<arg>Click Element</arg>
<arg>${arg}</arg>
<doc>Runs the specified keyword and retries if it fails.</doc>
<kw name="Click Element" library="SeleniumLibrary">
<arg>${arg}</arg>
<doc>Click the element identified by ``locator``.</doc>
<msg timestamp="20220425 15:48:30.441" level="INFO">Clicking element 'xpath://*[@id="modal-root"]/div[16]/div/div/div/div[2]/div/form/label[3]'.</msg>
<status status="PASS" starttime="20220425 15:48:30.440" endtime="20220425 15:48:30.720"/>
</kw>
<status status="PASS" starttime="20220425 15:48:30.438" endtime="20220425 15:48:30.720"/>
</kw>
<status status="PASS" starttime="20220425 15:48:29.534" endtime="20220425 15:48:30.721"/>
</kw>
<kw name="assertion Text" library="commonfunctionality">
<arg>ثبت</arg>
<kw name="Wait Until Page Contains" library="SeleniumLibrary">
<arg>${text}</arg>
<doc>Waits until ``text`` appears on the current page.</doc>
<status status="PASS" starttime="20220425 15:48:30.722" endtime="20220425 15:48:30.776"/>
</kw>
<kw name="Page Should Contain" library="SeleniumLibrary">
<arg>${text}</arg>
<doc>Verifies that current page contains ``text``.</doc>
<msg timestamp="20220425 15:48:30.821" level="INFO">Current page contains text 'ثبت'.</msg>
<status status="PASS" starttime="20220425 15:48:30.776" endtime="20220425 15:48:30.821"/>
</kw>
<status status="PASS" starttime="20220425 15:48:30.721" endtime="20220425 15:48:30.822"/>
</kw>
<kw name="Click" library="commonfunctionality">
<arg>${submit}</arg>
<kw name="Wait Until Element Is Enabled" library="SeleniumLibrary">
<arg>${arg}</arg>
<doc>Waits until the element ``locator`` is enabled.</doc>
<status status="PASS" starttime="20220425 15:48:30.822" endtime="20220425 15:48:30.985"/>
</kw>
<kw name="Run Keyword And Ignore Error" library="BuiltIn">
<arg>Scroll Element Into View</arg>
<arg>${arg}</arg>
<doc>Runs the given keyword with the given arguments and ignores possible error.</doc>
<kw name="Scroll Element Into View" library="SeleniumLibrary">
<arg>${arg}</arg>
<doc>Scrolls the element identified by ``locator`` into view.</doc>
<status status="PASS" starttime="20220425 15:48:30.986" endtime="20220425 15:48:31.370"/>
</kw>
<status status="PASS" starttime="20220425 15:48:30.985" endtime="20220425 15:48:31.370"/>
</kw>
<kw name="Wait Until Element Is Visible" library="SeleniumLibrary">
<arg>${arg}</arg>
<doc>Waits until the element ``locator`` is visible.</doc>
<status status="PASS" starttime="20220425 15:48:31.370" endtime="20220425 15:48:31.471"/>
</kw>
<kw name="Run Keyword And Ignore Error" library="BuiltIn">
<arg>Mouse Over</arg>
<arg>${arg}</arg>
<doc>Runs the given keyword with the given arguments and ignores possible error.</doc>
<kw name="Mouse Over" library="SeleniumLibrary">
<arg>${arg}</arg>
<doc>Simulates hovering the mouse over the element ``locator``.</doc>
<msg timestamp="20220425 15:48:31.473" level="INFO">Simulating Mouse Over on element 'xpath://div[contains(@class,"Content--after-open")]//div[text()="ثبت"]'.</msg>
<status status="PASS" starttime="20220425 15:48:31.472" endtime="20220425 15:48:31.853"/>
</kw>
<status status="PASS" starttime="20220425 15:48:31.471" endtime="20220425 15:48:31.853"/>
</kw>
<kw name="Wait Until Keyword Succeeds" library="BuiltIn">
<arg>2 min</arg>
<arg>5 sec</arg>
<arg>Click Element</arg>
<arg>${arg}</arg>
<doc>Runs the specified keyword and retries if it fails.</doc>
<kw name="Click Element" library="SeleniumLibrary">
<arg>${arg}</arg>
<doc>Click the element identified by ``locator``.</doc>
<msg timestamp="20220425 15:48:31.855" level="INFO">Clicking element 'xpath://div[contains(@class,"Content--after-open")]//div[text()="ثبت"]'.</msg>
<status status="PASS" starttime="20220425 15:48:31.854" endtime="20220425 15:48:32.124"/>
</kw>
<status status="PASS" starttime="20220425 15:48:31.853" endtime="20220425 15:48:32.124"/>
</kw>
<status status="PASS" starttime="20220425 15:48:30.822" endtime="20220425 15:48:32.125"/>
</kw>
<kw name="assertion Text" library="commonfunctionality">
<arg>دیگر لازم نیست خبرم کنید</arg>
<kw name="Wait Until Page Contains" library="SeleniumLibrary">
<arg>${text}</arg>
<doc>Waits until ``text`` appears on the current page.</doc>
<status status="PASS" starttime="20220425 15:48:32.126" endtime="20220425 15:48:32.414"/>
</kw>
<kw name="Page Should Contain" library="SeleniumLibrary">
<arg>${text}</arg>
<doc>Verifies that current page contains ``text``.</doc>
<msg timestamp="20220425 15:48:32.446" level="INFO">Current page contains text 'دیگر لازم نیست خبرم کنید'.</msg>
<status status="PASS" starttime="20220425 15:48:32.414" endtime="20220425 15:48:32.446"/>
</kw>
<status status="PASS" starttime="20220425 15:48:32.125" endtime="20220425 15:48:32.446"/>
</kw>
<status status="PASS" starttime="20220425 15:48:24.484" endtime="20220425 15:48:32.447"/>
</kw>
<status status="PASS" starttime="20220425 15:48:08.673" endtime="20220425 15:48:32.447"/>
</test>
<kw name="Close Page" library="commonfunctionality" type="TEARDOWN">
<kw name="Close Browser" library="SeleniumLibrary">
<doc>Closes the current browser.</doc>
<status status="PASS" starttime="20220425 15:48:32.451" endtime="20220425 15:48:35.119"/>
</kw>
<status status="PASS" starttime="20220425 15:48:32.451" endtime="20220425 15:48:35.119"/>
</kw>
<doc>Availability</doc>
<status status="PASS" starttime="20220425 15:47:11.846" endtime="20220425 15:48:35.120"/>
</suite>
<statistics>
<total>
<stat pass="1" fail="0" skip="0">All Tests</stat>
</total>
<tag>
</tag>
<suite>
<stat pass="1" fail="0" skip="0" id="s1" name="Digikala Availability">Digikala Availability</stat>
</suite>
</statistics>
<errors>
</errors>
</robot>
