<?xml version="1.0" encoding="UTF-8"?>
<robot generator="Robot 4.1.3 (Python 3.6.5 on win32)" generated="20220427 11:52:37.529" rpa="false" schemaversion="2">
<suite id="s1" name="Digikala Availability" source="C:\Users\Mi Store\Desktop\DigiKala\TestCase\Digikala_Availability.robot">
<kw name="Open Page" library="commonfunctionality" type="SETUP">
<doc>This Is Open Digikala</doc>
<kw name="Set Selenium Speed" library="SeleniumLibrary">
<arg>${Speed}</arg>
<doc>Sets the delay that is waited after each Selenium command.</doc>
<status status="PASS" starttime="20220427 11:52:37.818" endtime="20220427 11:52:37.818"/>
</kw>
<kw name="Set Selenium Timeout" library="SeleniumLibrary">
<arg>${Timeout}</arg>
<doc>Sets the timeout that is used by various keywords.</doc>
<status status="PASS" starttime="20220427 11:52:37.818" endtime="20220427 11:52:37.819"/>
</kw>
<kw name="Open Browser" library="SeleniumLibrary">
<arg>${url}</arg>
<arg>${browser}</arg>
<doc>Opens a new browser instance to the optional ``url``.</doc>
<msg timestamp="20220427 11:52:37.820" level="INFO">Opening browser 'Chrome' to base url 'https://www.digikala.com/'.</msg>
<status status="PASS" starttime="20220427 11:52:37.819" endtime="20220427 11:53:03.127"/>
</kw>
<kw name="Maximize Browser Window" library="SeleniumLibrary">
<doc>Maximizes current browser window.</doc>
<status status="PASS" starttime="20220427 11:53:03.127" endtime="20220427 11:53:03.616"/>
</kw>
<status status="PASS" starttime="20220427 11:52:37.817" endtime="20220427 11:53:03.617"/>
</kw>
<test id="s1-t1" name="This is Availability Test for digikala.com">
<kw name="Select Category" library="Buy_product">
<kw name="Wait Until Page Contains" library="SeleniumLibrary">
<arg>دسته‌بندی کالاها</arg>
<doc>Waits until ``text`` appears on the current page.</doc>
<status status="PASS" starttime="20220427 11:53:03.627" endtime="20220427 11:53:03.804"/>
</kw>
<kw name="Wait Until Element Is Visible" library="SeleniumLibrary">
<arg>${Classification}</arg>
<doc>Waits until the element ``locator`` is visible.</doc>
<status status="PASS" starttime="20220427 11:53:03.804" endtime="20220427 11:53:03.985"/>
</kw>
<kw name="Click Element" library="SeleniumLibrary">
<arg>${Classification}</arg>
<doc>Click the element identified by ``locator``.</doc>
<msg timestamp="20220427 11:53:03.985" level="INFO">Clicking element 'xpath://span[@data-cro-id="header-main-menu"]'.</msg>
<status status="PASS" starttime="20220427 11:53:03.985" endtime="20220427 11:53:04.308"/>
</kw>
<kw name="Wait Until Page Contains" library="SeleniumLibrary">
<arg>کالای دیجیتال</arg>
<doc>Waits until ``text`` appears on the current page.</doc>
<status status="PASS" starttime="20220427 11:53:04.309" endtime="20220427 11:53:04.338"/>
</kw>
<kw name="Mouse Over" library="SeleniumLibrary">
<arg>${productClass}</arg>
<doc>Simulates hovering the mouse over the element ``locator``.</doc>
<msg timestamp="20220427 11:53:04.338" level="INFO">Simulating Mouse Over on element 'xpath://a[@href="/main/electronic-devices/"]'.</msg>
<status status="PASS" starttime="20220427 11:53:04.338" endtime="20220427 11:53:04.782"/>
</kw>
<kw name="Wait Until Page Contains" library="SeleniumLibrary">
<arg>گوشی موبایل</arg>
<doc>Waits until ``text`` appears on the current page.</doc>
<status status="PASS" starttime="20220427 11:53:04.782" endtime="20220427 11:53:04.810"/>
</kw>
<kw name="Wait Until Element Is Visible" library="SeleniumLibrary">
<arg>${productSubClass}</arg>
<doc>Waits until the element ``locator`` is visible.</doc>
<status status="PASS" starttime="20220427 11:53:04.811" endtime="20220427 11:53:04.842"/>
</kw>
<kw name="Mouse Over" library="SeleniumLibrary">
<arg>${productSubClass}</arg>
<doc>Simulates hovering the mouse over the element ``locator``.</doc>
<msg timestamp="20220427 11:53:04.844" level="INFO">Simulating Mouse Over on element 'xpath://a[@href="/search/category-mobile-phone/"]'.</msg>
<status status="PASS" starttime="20220427 11:53:04.843" endtime="20220427 11:53:05.143"/>
</kw>
<kw name="Click Element" library="SeleniumLibrary">
<arg>${productSubClass}</arg>
<doc>Click the element identified by ``locator``.</doc>
<msg timestamp="20220427 11:53:05.147" level="INFO">Clicking element 'xpath://a[@href="/search/category-mobile-phone/"]'.</msg>
<status status="PASS" starttime="20220427 11:53:05.144" endtime="20220427 11:53:05.511"/>
</kw>
<status status="PASS" starttime="20220427 11:53:03.624" endtime="20220427 11:53:05.511"/>
</kw>
<kw name="Click" library="commonfunctionality">
<arg>${BestSelling}</arg>
<kw name="Wait Until Element Is Enabled" library="SeleniumLibrary">
<arg>${arg}</arg>
<doc>Waits until the element ``locator`` is enabled.</doc>
<status status="PASS" starttime="20220427 11:53:05.514" endtime="20220427 11:53:05.974"/>
</kw>
<kw name="Run Keyword And Ignore Error" library="BuiltIn">
<arg>Scroll Element Into View</arg>
<arg>${arg}</arg>
<doc>Runs the given keyword with the given arguments and ignores possible error.</doc>
<kw name="Scroll Element Into View" library="SeleniumLibrary">
<arg>${arg}</arg>
<doc>Scrolls the element identified by ``locator`` into view.</doc>
<status status="PASS" starttime="20220427 11:53:05.975" endtime="20220427 11:53:06.269"/>
</kw>
<status status="PASS" starttime="20220427 11:53:05.975" endtime="20220427 11:53:06.270"/>
</kw>
<kw name="Wait Until Element Is Visible" library="SeleniumLibrary">
<arg>${arg}</arg>
<doc>Waits until the element ``locator`` is visible.</doc>
<status status="PASS" starttime="20220427 11:53:06.270" endtime="20220427 11:53:06.305"/>
</kw>
<kw name="Run Keyword And Ignore Error" library="BuiltIn">
<arg>Mouse Over</arg>
<arg>${arg}</arg>
<doc>Runs the given keyword with the given arguments and ignores possible error.</doc>
<kw name="Mouse Over" library="SeleniumLibrary">
<arg>${arg}</arg>
<doc>Simulates hovering the mouse over the element ``locator``.</doc>
<msg timestamp="20220427 11:53:06.306" level="INFO">Simulating Mouse Over on element 'xpath://div[contains(@data-cro-id, "plp-sort-option") and contains(text(),'پرفروش‌ترین‌')]'.</msg>
<status status="PASS" starttime="20220427 11:53:06.306" endtime="20220427 11:53:06.602"/>
</kw>
<status status="PASS" starttime="20220427 11:53:06.305" endtime="20220427 11:53:06.603"/>
</kw>
<kw name="Wait Until Keyword Succeeds" library="BuiltIn">
<arg>2 min</arg>
<arg>5 sec</arg>
<arg>Click Element</arg>
<arg>${arg}</arg>
<doc>Runs the specified keyword and retries if it fails.</doc>
<kw name="Click Element" library="SeleniumLibrary">
<arg>${arg}</arg>
<doc>Click the element identified by ``locator``.</doc>
<msg timestamp="20220427 11:53:06.605" level="INFO">Clicking element 'xpath://div[contains(@data-cro-id, "plp-sort-option") and contains(text(),'پرفروش‌ترین‌')]'.</msg>
<status status="PASS" starttime="20220427 11:53:06.604" endtime="20220427 11:53:06.872"/>
</kw>
<status status="PASS" starttime="20220427 11:53:06.603" endtime="20220427 11:53:06.872"/>
</kw>
<status status="PASS" starttime="20220427 11:53:05.512" endtime="20220427 11:53:06.872"/>
</kw>
<kw name="Add Filter" library="commonfunctionality">
<arg>برند</arg>
<arg>${Brand}</arg>
<arg>${BrandName}</arg>
<kw name="Assertion Text" library="commonfunctionality">
<arg>${assertionText}</arg>
<kw name="Wait Until Page Contains" library="SeleniumLibrary">
<arg>${text}</arg>
<doc>Waits until ``text`` appears on the current page.</doc>
<status status="PASS" starttime="20220427 11:53:06.876" endtime="20220427 11:53:06.918"/>
</kw>
<kw name="Page Should Contain" library="SeleniumLibrary">
<arg>${text}</arg>
<doc>Verifies that current page contains ``text``.</doc>
<msg timestamp="20220427 11:53:06.951" level="INFO">Current page contains text 'برند'.</msg>
<status status="PASS" starttime="20220427 11:53:06.918" endtime="20220427 11:53:06.951"/>
</kw>
<status status="PASS" starttime="20220427 11:53:06.875" endtime="20220427 11:53:06.952"/>
</kw>
<kw name="Run Keyword And Ignore Error" library="BuiltIn">
<arg>Scroll Element Into View</arg>
<arg>${filter}</arg>
<doc>Runs the given keyword with the given arguments and ignores possible error.</doc>
<kw name="Scroll Element Into View" library="SeleniumLibrary">
<arg>${filter}</arg>
<doc>Scrolls the element identified by ``locator`` into view.</doc>
<status status="PASS" starttime="20220427 11:53:06.953" endtime="20220427 11:53:07.521"/>
</kw>
<status status="PASS" starttime="20220427 11:53:06.952" endtime="20220427 11:53:07.521"/>
</kw>
<kw name="Wait Until Element Is Visible" library="SeleniumLibrary">
<arg>${filter}</arg>
<doc>Waits until the element ``locator`` is visible.</doc>
<status status="PASS" starttime="20220427 11:53:07.522" endtime="20220427 11:53:07.571"/>
</kw>
<kw name="Wait Until Keyword Succeeds" library="BuiltIn">
<arg>2 min</arg>
<arg>5 sec</arg>
<arg>Click Element</arg>
<arg>${filter}</arg>
<doc>Runs the specified keyword and retries if it fails.</doc>
<kw name="Click Element" library="SeleniumLibrary">
<arg>${filter}</arg>
<doc>Click the element identified by ``locator``.</doc>
<msg timestamp="20220427 11:53:07.573" level="INFO">Clicking element 'xpath://div[contains(@class, "text-subtitle-strong d-flex ai-center") and contains(text(),'برند')]'.</msg>
<status status="PASS" starttime="20220427 11:53:07.572" endtime="20220427 11:53:07.742"/>
</kw>
<status status="PASS" starttime="20220427 11:53:07.572" endtime="20220427 11:53:07.742"/>
</kw>
<kw name="Wait Until Element Is Enabled" library="SeleniumLibrary">
<arg>${subFilter}</arg>
<doc>Waits until the element ``locator`` is enabled.</doc>
<status status="PASS" starttime="20220427 11:53:07.743" endtime="20220427 11:53:07.802"/>
</kw>
<kw name="Run Keyword And Ignore Error" library="BuiltIn">
<arg>Scroll Element Into View</arg>
<arg>${subFilter}</arg>
<doc>Runs the given keyword with the given arguments and ignores possible error.</doc>
<kw name="Scroll Element Into View" library="SeleniumLibrary">
<arg>${subFilter}</arg>
<doc>Scrolls the element identified by ``locator`` into view.</doc>
<status status="PASS" starttime="20220427 11:53:07.802" endtime="20220427 11:53:08.088"/>
</kw>
<status status="PASS" starttime="20220427 11:53:07.802" endtime="20220427 11:53:08.089"/>
</kw>
<kw name="Mouse Over" library="SeleniumLibrary">
<arg>${subFilter}</arg>
<doc>Simulates hovering the mouse over the element ``locator``.</doc>
<msg timestamp="20220427 11:53:08.090" level="INFO">Simulating Mouse Over on element 'xpath://div[contains(@class, "text-subtitle-strong") and contains(text(),'اپل')]'.</msg>
<status status="PASS" starttime="20220427 11:53:08.089" endtime="20220427 11:53:08.391"/>
</kw>
<kw name="Wait Until Keyword Succeeds" library="BuiltIn">
<arg>2 min</arg>
<arg>5 sec</arg>
<arg>Click Element</arg>
<arg>${subFilter}</arg>
<doc>Runs the specified keyword and retries if it fails.</doc>
<kw name="Click Element" library="SeleniumLibrary">
<arg>${subFilter}</arg>
<doc>Click the element identified by ``locator``.</doc>
<msg timestamp="20220427 11:53:08.395" level="INFO">Clicking element 'xpath://div[contains(@class, "text-subtitle-strong") and contains(text(),'اپل')]'.</msg>
<status status="PASS" starttime="20220427 11:53:08.394" endtime="20220427 11:53:08.679"/>
</kw>
<status status="PASS" starttime="20220427 11:53:08.392" endtime="20220427 11:53:08.679"/>
</kw>
<status status="PASS" starttime="20220427 11:53:06.873" endtime="20220427 11:53:08.679"/>
</kw>
<kw name="Next Page" library="Availability">
<for flavor="IN RANGE">
<var>${i}</var>
<value>10</value>
<iter>
<var name="${i}">0</var>
<kw name="Run Keyword And Ignore Error" library="BuiltIn">
<arg>Scroll Element Into View</arg>
<arg>${assertion}</arg>
<doc>Runs the given keyword with the given arguments and ignores possible error.</doc>
<kw name="Scroll Element Into View" library="SeleniumLibrary">
<arg>${assertion}</arg>
<doc>Scrolls the element identified by ``locator`` into view.</doc>
<kw name="Capture Page Screenshot" library="SeleniumLibrary">
<doc>Takes a screenshot of the current page and embeds it into a log file.</doc>
<msg timestamp="20220427 11:53:09.520" level="INFO" html="true">&lt;/td&gt;&lt;/tr&gt;&lt;tr&gt;&lt;td colspan="3"&gt;&lt;a href="selenium-screenshot-1.png"&gt;&lt;img src="selenium-screenshot-1.png" width="800px"&gt;&lt;/a&gt;</msg>
<status status="PASS" starttime="20220427 11:53:08.818" endtime="20220427 11:53:09.520"/>
</kw>
<msg timestamp="20220427 11:53:09.525" level="FAIL">MoveTargetOutOfBoundsException: Message: move target out of bounds
  (Session info: chrome=100.0.4896.127)
</msg>
<status status="FAIL" starttime="20220427 11:53:08.684" endtime="20220427 11:53:09.526"/>
</kw>
<status status="PASS" starttime="20220427 11:53:08.683" endtime="20220427 11:53:09.526"/>
</kw>
<status status="PASS" starttime="20220427 11:53:08.683" endtime="20220427 11:53:09.526"/>
</iter>
<iter>
<var name="${i}">1</var>
<kw name="Run Keyword And Ignore Error" library="BuiltIn">
<arg>Scroll Element Into View</arg>
<arg>${assertion}</arg>
<doc>Runs the given keyword with the given arguments and ignores possible error.</doc>
<kw name="Scroll Element Into View" library="SeleniumLibrary">
<arg>${assertion}</arg>
<doc>Scrolls the element identified by ``locator`` into view.</doc>
<kw name="Capture Page Screenshot" library="SeleniumLibrary">
<doc>Takes a screenshot of the current page and embeds it into a log file.</doc>
<msg timestamp="20220427 11:53:09.991" level="INFO" html="true">&lt;/td&gt;&lt;/tr&gt;&lt;tr&gt;&lt;td colspan="3"&gt;&lt;a href="selenium-screenshot-2.png"&gt;&lt;img src="selenium-screenshot-2.png" width="800px"&gt;&lt;/a&gt;</msg>
<status status="PASS" starttime="20220427 11:53:09.668" endtime="20220427 11:53:09.992"/>
</kw>
<msg timestamp="20220427 11:53:09.994" level="FAIL">MoveTargetOutOfBoundsException: Message: move target out of bounds
  (Session info: chrome=100.0.4896.127)
</msg>
<status status="FAIL" starttime="20220427 11:53:09.526" endtime="20220427 11:53:09.994"/>
</kw>
<status status="PASS" starttime="20220427 11:53:09.526" endtime="20220427 11:53:09.994"/>
</kw>
<status status="PASS" starttime="20220427 11:53:09.526" endtime="20220427 11:53:09.994"/>
</iter>
<iter>
<var name="${i}">2</var>
<kw name="Run Keyword And Ignore Error" library="BuiltIn">
<arg>Scroll Element Into View</arg>
<arg>${assertion}</arg>
<doc>Runs the given keyword with the given arguments and ignores possible error.</doc>
<kw name="Scroll Element Into View" library="SeleniumLibrary">
<arg>${assertion}</arg>
<doc>Scrolls the element identified by ``locator`` into view.</doc>
<kw name="Capture Page Screenshot" library="SeleniumLibrary">
<doc>Takes a screenshot of the current page and embeds it into a log file.</doc>
<msg timestamp="20220427 11:53:10.429" level="INFO" html="true">&lt;/td&gt;&lt;/tr&gt;&lt;tr&gt;&lt;td colspan="3"&gt;&lt;a href="selenium-screenshot-3.png"&gt;&lt;img src="selenium-screenshot-3.png" width="800px"&gt;&lt;/a&gt;</msg>
<status status="PASS" starttime="20220427 11:53:10.085" endtime="20220427 11:53:10.429"/>
</kw>
<msg timestamp="20220427 11:53:10.433" level="FAIL">MoveTargetOutOfBoundsException: Message: move target out of bounds
  (Session info: chrome=100.0.4896.127)
</msg>
<status status="FAIL" starttime="20220427 11:53:09.995" endtime="20220427 11:53:10.433"/>
</kw>
<status status="PASS" starttime="20220427 11:53:09.995" endtime="20220427 11:53:10.433"/>
</kw>
<status status="PASS" starttime="20220427 11:53:09.995" endtime="20220427 11:53:10.433"/>
</iter>
<iter>
<var name="${i}">3</var>
<kw name="Run Keyword And Ignore Error" library="BuiltIn">
<arg>Scroll Element Into View</arg>
<arg>${assertion}</arg>
<doc>Runs the given keyword with the given arguments and ignores possible error.</doc>
<kw name="Scroll Element Into View" library="SeleniumLibrary">
<arg>${assertion}</arg>
<doc>Scrolls the element identified by ``locator`` into view.</doc>
<status status="PASS" starttime="20220427 11:53:10.434" endtime="20220427 11:53:10.917"/>
</kw>
<status status="PASS" starttime="20220427 11:53:10.434" endtime="20220427 11:53:10.917"/>
</kw>
<status status="PASS" starttime="20220427 11:53:10.433" endtime="20220427 11:53:10.918"/>
</iter>
<iter>
<var name="${i}">4</var>
<kw name="Run Keyword And Ignore Error" library="BuiltIn">
<arg>Scroll Element Into View</arg>
<arg>${assertion}</arg>
<doc>Runs the given keyword with the given arguments and ignores possible error.</doc>
<kw name="Scroll Element Into View" library="SeleniumLibrary">
<arg>${assertion}</arg>
<doc>Scrolls the element identified by ``locator`` into view.</doc>
<kw name="Capture Page Screenshot" library="SeleniumLibrary">
<doc>Takes a screenshot of the current page and embeds it into a log file.</doc>
<msg timestamp="20220427 11:53:11.572" level="INFO" html="true">&lt;/td&gt;&lt;/tr&gt;&lt;tr&gt;&lt;td colspan="3"&gt;&lt;a href="selenium-screenshot-4.png"&gt;&lt;img src="selenium-screenshot-4.png" width="800px"&gt;&lt;/a&gt;</msg>
<status status="PASS" starttime="20220427 11:53:11.104" endtime="20220427 11:53:11.572"/>
</kw>
<msg timestamp="20220427 11:53:11.575" level="FAIL">MoveTargetOutOfBoundsException: Message: move target out of bounds
  (Session info: chrome=100.0.4896.127)
</msg>
<status status="FAIL" starttime="20220427 11:53:10.919" endtime="20220427 11:53:11.576"/>
</kw>
<status status="PASS" starttime="20220427 11:53:10.919" endtime="20220427 11:53:11.576"/>
</kw>
<status status="PASS" starttime="20220427 11:53:10.918" endtime="20220427 11:53:11.576"/>
</iter>
<iter>
<var name="${i}">5</var>
<kw name="Run Keyword And Ignore Error" library="BuiltIn">
<arg>Scroll Element Into View</arg>
<arg>${assertion}</arg>
<doc>Runs the given keyword with the given arguments and ignores possible error.</doc>
<kw name="Scroll Element Into View" library="SeleniumLibrary">
<arg>${assertion}</arg>
<doc>Scrolls the element identified by ``locator`` into view.</doc>
<kw name="Capture Page Screenshot" library="SeleniumLibrary">
<doc>Takes a screenshot of the current page and embeds it into a log file.</doc>
<msg timestamp="20220427 11:53:12.048" level="INFO" html="true">&lt;/td&gt;&lt;/tr&gt;&lt;tr&gt;&lt;td colspan="3"&gt;&lt;a href="selenium-screenshot-5.png"&gt;&lt;img src="selenium-screenshot-5.png" width="800px"&gt;&lt;/a&gt;</msg>
<status status="PASS" starttime="20220427 11:53:11.690" endtime="20220427 11:53:12.048"/>
</kw>
<msg timestamp="20220427 11:53:12.050" level="FAIL">MoveTargetOutOfBoundsException: Message: move target out of bounds
  (Session info: chrome=100.0.4896.127)
</msg>
<status status="FAIL" starttime="20220427 11:53:11.578" endtime="20220427 11:53:12.051"/>
</kw>
<status status="PASS" starttime="20220427 11:53:11.577" endtime="20220427 11:53:12.052"/>
</kw>
<status status="PASS" starttime="20220427 11:53:11.576" endtime="20220427 11:53:12.052"/>
</iter>
<iter>
<var name="${i}">6</var>
<kw name="Run Keyword And Ignore Error" library="BuiltIn">
<arg>Scroll Element Into View</arg>
<arg>${assertion}</arg>
<doc>Runs the given keyword with the given arguments and ignores possible error.</doc>
<kw name="Scroll Element Into View" library="SeleniumLibrary">
<arg>${assertion}</arg>
<doc>Scrolls the element identified by ``locator`` into view.</doc>
<status status="PASS" starttime="20220427 11:53:12.053" endtime="20220427 11:53:12.384"/>
</kw>
<status status="PASS" starttime="20220427 11:53:12.052" endtime="20220427 11:53:12.384"/>
</kw>
<status status="PASS" starttime="20220427 11:53:12.052" endtime="20220427 11:53:12.384"/>
</iter>
<iter>
<var name="${i}">7</var>
<kw name="Run Keyword And Ignore Error" library="BuiltIn">
<arg>Scroll Element Into View</arg>
<arg>${assertion}</arg>
<doc>Runs the given keyword with the given arguments and ignores possible error.</doc>
<kw name="Scroll Element Into View" library="SeleniumLibrary">
<arg>${assertion}</arg>
<doc>Scrolls the element identified by ``locator`` into view.</doc>
<kw name="Capture Page Screenshot" library="SeleniumLibrary">
<doc>Takes a screenshot of the current page and embeds it into a log file.</doc>
<msg timestamp="20220427 11:53:12.999" level="INFO" html="true">&lt;/td&gt;&lt;/tr&gt;&lt;tr&gt;&lt;td colspan="3"&gt;&lt;a href="selenium-screenshot-6.png"&gt;&lt;img src="selenium-screenshot-6.png" width="800px"&gt;&lt;/a&gt;</msg>
<status status="PASS" starttime="20220427 11:53:12.505" endtime="20220427 11:53:12.999"/>
</kw>
<msg timestamp="20220427 11:53:13.006" level="FAIL">MoveTargetOutOfBoundsException: Message: move target out of bounds
  (Session info: chrome=100.0.4896.127)
</msg>
<status status="FAIL" starttime="20220427 11:53:12.385" endtime="20220427 11:53:13.006"/>
</kw>
<status status="PASS" starttime="20220427 11:53:12.385" endtime="20220427 11:53:13.006"/>
</kw>
<status status="PASS" starttime="20220427 11:53:12.384" endtime="20220427 11:53:13.006"/>
</iter>
<iter>
<var name="${i}">8</var>
<kw name="Run Keyword And Ignore Error" library="BuiltIn">
<arg>Scroll Element Into View</arg>
<arg>${assertion}</arg>
<doc>Runs the given keyword with the given arguments and ignores possible error.</doc>
<kw name="Scroll Element Into View" library="SeleniumLibrary">
<arg>${assertion}</arg>
<doc>Scrolls the element identified by ``locator`` into view.</doc>
<kw name="Capture Page Screenshot" library="SeleniumLibrary">
<doc>Takes a screenshot of the current page and embeds it into a log file.</doc>
<msg timestamp="20220427 11:53:13.692" level="INFO" html="true">&lt;/td&gt;&lt;/tr&gt;&lt;tr&gt;&lt;td colspan="3"&gt;&lt;a href="selenium-screenshot-7.png"&gt;&lt;img src="selenium-screenshot-7.png" width="800px"&gt;&lt;/a&gt;</msg>
<status status="PASS" starttime="20220427 11:53:13.146" endtime="20220427 11:53:13.692"/>
</kw>
<msg timestamp="20220427 11:53:13.694" level="FAIL">MoveTargetOutOfBoundsException: Message: move target out of bounds
  (Session info: chrome=100.0.4896.127)
</msg>
<status status="FAIL" starttime="20220427 11:53:13.007" endtime="20220427 11:53:13.694"/>
</kw>
<status status="PASS" starttime="20220427 11:53:13.007" endtime="20220427 11:53:13.694"/>
</kw>
<status status="PASS" starttime="20220427 11:53:13.006" endtime="20220427 11:53:13.694"/>
</iter>
<iter>
<var name="${i}">9</var>
<kw name="Run Keyword And Ignore Error" library="BuiltIn">
<arg>Scroll Element Into View</arg>
<arg>${assertion}</arg>
<doc>Runs the given keyword with the given arguments and ignores possible error.</doc>
<kw name="Scroll Element Into View" library="SeleniumLibrary">
<arg>${assertion}</arg>
<doc>Scrolls the element identified by ``locator`` into view.</doc>
<kw name="Capture Page Screenshot" library="SeleniumLibrary">
<doc>Takes a screenshot of the current page and embeds it into a log file.</doc>
<msg timestamp="20220427 11:53:14.436" level="INFO" html="true">&lt;/td&gt;&lt;/tr&gt;&lt;tr&gt;&lt;td colspan="3"&gt;&lt;a href="selenium-screenshot-8.png"&gt;&lt;img src="selenium-screenshot-8.png" width="800px"&gt;&lt;/a&gt;</msg>
<status status="PASS" starttime="20220427 11:53:13.917" endtime="20220427 11:53:14.437"/>
</kw>
<msg timestamp="20220427 11:53:14.442" level="FAIL">MoveTargetOutOfBoundsException: Message: move target out of bounds
  (Session info: chrome=100.0.4896.127)
</msg>
<status status="FAIL" starttime="20220427 11:53:13.695" endtime="20220427 11:53:14.442"/>
</kw>
<status status="PASS" starttime="20220427 11:53:13.694" endtime="20220427 11:53:14.444"/>
</kw>
<status status="PASS" starttime="20220427 11:53:13.694" endtime="20220427 11:53:14.444"/>
</iter>
<status status="PASS" starttime="20220427 11:53:08.682" endtime="20220427 11:53:14.444"/>
</for>
<kw name="Run Keyword And Ignore Error" library="BuiltIn">
<arg>Scroll Element Into View</arg>
<arg>${assertion}</arg>
<doc>Runs the given keyword with the given arguments and ignores possible error.</doc>
<kw name="Scroll Element Into View" library="SeleniumLibrary">
<arg>${assertion}</arg>
<doc>Scrolls the element identified by ``locator`` into view.</doc>
<kw name="Capture Page Screenshot" library="SeleniumLibrary">
<doc>Takes a screenshot of the current page and embeds it into a log file.</doc>
<msg timestamp="20220427 11:53:14.840" level="INFO" html="true">&lt;/td&gt;&lt;/tr&gt;&lt;tr&gt;&lt;td colspan="3"&gt;&lt;a href="selenium-screenshot-9.png"&gt;&lt;img src="selenium-screenshot-9.png" width="800px"&gt;&lt;/a&gt;</msg>
<status status="PASS" starttime="20220427 11:53:14.531" endtime="20220427 11:53:14.840"/>
</kw>
<msg timestamp="20220427 11:53:14.845" level="FAIL">MoveTargetOutOfBoundsException: Message: move target out of bounds
  (Session info: chrome=100.0.4896.127)
</msg>
<status status="FAIL" starttime="20220427 11:53:14.446" endtime="20220427 11:53:14.845"/>
</kw>
<status status="PASS" starttime="20220427 11:53:14.445" endtime="20220427 11:53:14.845"/>
</kw>
<kw name="Sleep" library="BuiltIn">
<arg>2s</arg>
<doc>Pauses the test executed for the given time.</doc>
<msg timestamp="20220427 11:53:16.859" level="INFO">Slept 2 seconds</msg>
<status status="PASS" starttime="20220427 11:53:14.845" endtime="20220427 11:53:16.860"/>
</kw>
<kw name="Set Focus To Element" library="SeleniumLibrary">
<arg>${NextPage}</arg>
<doc>Sets the focus to the element identified by ``locator``.</doc>
<status status="PASS" starttime="20220427 11:53:16.861" endtime="20220427 11:53:16.921"/>
</kw>
<kw name="Wait Until Page Contains Element" library="SeleniumLibrary">
<arg>${NextPage}</arg>
<doc>Waits until the element ``locator`` appears on the current page.</doc>
<status status="PASS" starttime="20220427 11:53:16.922" endtime="20220427 11:53:16.940"/>
</kw>
<kw name="Click" library="commonfunctionality">
<arg>${NextPage}</arg>
<kw name="Wait Until Element Is Enabled" library="SeleniumLibrary">
<arg>${arg}</arg>
<doc>Waits until the element ``locator`` is enabled.</doc>
<status status="PASS" starttime="20220427 11:53:16.942" endtime="20220427 11:53:16.978"/>
</kw>
<kw name="Run Keyword And Ignore Error" library="BuiltIn">
<arg>Scroll Element Into View</arg>
<arg>${arg}</arg>
<doc>Runs the given keyword with the given arguments and ignores possible error.</doc>
<kw name="Scroll Element Into View" library="SeleniumLibrary">
<arg>${arg}</arg>
<doc>Scrolls the element identified by ``locator`` into view.</doc>
<status status="PASS" starttime="20220427 11:53:16.979" endtime="20220427 11:53:17.278"/>
</kw>
<status status="PASS" starttime="20220427 11:53:16.978" endtime="20220427 11:53:17.279"/>
</kw>
<kw name="Wait Until Element Is Visible" library="SeleniumLibrary">
<arg>${arg}</arg>
<doc>Waits until the element ``locator`` is visible.</doc>
<status status="PASS" starttime="20220427 11:53:17.279" endtime="20220427 11:53:17.330"/>
</kw>
<kw name="Run Keyword And Ignore Error" library="BuiltIn">
<arg>Mouse Over</arg>
<arg>${arg}</arg>
<doc>Runs the given keyword with the given arguments and ignores possible error.</doc>
<kw name="Mouse Over" library="SeleniumLibrary">
<arg>${arg}</arg>
<doc>Simulates hovering the mouse over the element ``locator``.</doc>
<msg timestamp="20220427 11:53:17.332" level="INFO">Simulating Mouse Over on element 'xpath://span[contains(text(),'بعدی')]'.</msg>
<status status="PASS" starttime="20220427 11:53:17.331" endtime="20220427 11:53:17.637"/>
</kw>
<status status="PASS" starttime="20220427 11:53:17.330" endtime="20220427 11:53:17.637"/>
</kw>
<kw name="Wait Until Keyword Succeeds" library="BuiltIn">
<arg>2 min</arg>
<arg>5 sec</arg>
<arg>Click Element</arg>
<arg>${arg}</arg>
<doc>Runs the specified keyword and retries if it fails.</doc>
<kw name="Click Element" library="SeleniumLibrary">
<arg>${arg}</arg>
<doc>Click the element identified by ``locator``.</doc>
<msg timestamp="20220427 11:53:17.641" level="INFO">Clicking element 'xpath://span[contains(text(),'بعدی')]'.</msg>
<kw name="Capture Page Screenshot" library="SeleniumLibrary">
<doc>Takes a screenshot of the current page and embeds it into a log file.</doc>
<msg timestamp="20220427 11:53:19.113" level="INFO" html="true">&lt;/td&gt;&lt;/tr&gt;&lt;tr&gt;&lt;td colspan="3"&gt;&lt;a href="selenium-screenshot-10.png"&gt;&lt;img src="selenium-screenshot-10.png" width="800px"&gt;&lt;/a&gt;</msg>
<status status="PASS" starttime="20220427 11:53:18.837" endtime="20220427 11:53:19.113"/>
</kw>
<msg timestamp="20220427 11:53:19.115" level="FAIL">ElementClickInterceptedException: Message: element click intercepted: Element &lt;span class="ml-2 text-body2-strong d-none d-inline-block-md"&gt;...&lt;/span&gt; is not clickable at point (81, 409). Other element would receive the click: &lt;div class="mb-1 Seo_Seo__content__Qi07a"&gt;...&lt;/div&gt;
  (Session info: chrome=100.0.4896.127)
</msg>
<status status="FAIL" starttime="20220427 11:53:17.639" endtime="20220427 11:53:19.115"/>
</kw>
<kw name="Click Element" library="SeleniumLibrary">
<arg>${arg}</arg>
<doc>Click the element identified by ``locator``.</doc>
<msg timestamp="20220427 11:53:24.121" level="INFO">Clicking element 'xpath://span[contains(text(),'بعدی')]'.</msg>
<kw name="Capture Page Screenshot" library="SeleniumLibrary">
<doc>Takes a screenshot of the current page and embeds it into a log file.</doc>
<msg timestamp="20220427 11:53:25.505" level="INFO" html="true">&lt;/td&gt;&lt;/tr&gt;&lt;tr&gt;&lt;td colspan="3"&gt;&lt;a href="selenium-screenshot-11.png"&gt;&lt;img src="selenium-screenshot-11.png" width="800px"&gt;&lt;/a&gt;</msg>
<status status="PASS" starttime="20220427 11:53:25.232" endtime="20220427 11:53:25.505"/>
</kw>
<msg timestamp="20220427 11:53:25.507" level="FAIL">ElementClickInterceptedException: Message: element click intercepted: Element &lt;span class="ml-2 text-body2-strong d-none d-inline-block-md"&gt;...&lt;/span&gt; is not clickable at point (81, 409). Other element would receive the click: &lt;div class="mb-1 Seo_Seo__content__Qi07a"&gt;...&lt;/div&gt;
  (Session info: chrome=100.0.4896.127)
</msg>
<status status="FAIL" starttime="20220427 11:53:24.118" endtime="20220427 11:53:25.507"/>
</kw>
<kw name="Click Element" library="SeleniumLibrary">
<arg>${arg}</arg>
<doc>Click the element identified by ``locator``.</doc>
<msg timestamp="20220427 11:53:30.526" level="INFO">Clicking element 'xpath://span[contains(text(),'بعدی')]'.</msg>
<kw name="Capture Page Screenshot" library="SeleniumLibrary">
<doc>Takes a screenshot of the current page and embeds it into a log file.</doc>
<msg timestamp="20220427 11:53:31.846" level="INFO" html="true">&lt;/td&gt;&lt;/tr&gt;&lt;tr&gt;&lt;td colspan="3"&gt;&lt;a href="selenium-screenshot-12.png"&gt;&lt;img src="selenium-screenshot-12.png" width="800px"&gt;&lt;/a&gt;</msg>
<status status="PASS" starttime="20220427 11:53:31.623" endtime="20220427 11:53:31.846"/>
</kw>
<msg timestamp="20220427 11:53:31.848" level="FAIL">ElementClickInterceptedException: Message: element click intercepted: Element &lt;span class="ml-2 text-body2-strong d-none d-inline-block-md"&gt;...&lt;/span&gt; is not clickable at point (81, 409). Other element would receive the click: &lt;div class="mb-1 Seo_Seo__content__Qi07a"&gt;...&lt;/div&gt;
  (Session info: chrome=100.0.4896.127)
</msg>
<status status="FAIL" starttime="20220427 11:53:30.523" endtime="20220427 11:53:31.848"/>
</kw>
<kw name="Click Element" library="SeleniumLibrary">
<arg>${arg}</arg>
<doc>Click the element identified by ``locator``.</doc>
<msg timestamp="20220427 11:53:36.864" level="INFO">Clicking element 'xpath://span[contains(text(),'بعدی')]'.</msg>
<kw name="Capture Page Screenshot" library="SeleniumLibrary">
<doc>Takes a screenshot of the current page and embeds it into a log file.</doc>
<msg timestamp="20220427 11:53:38.343" level="INFO" html="true">&lt;/td&gt;&lt;/tr&gt;&lt;tr&gt;&lt;td colspan="3"&gt;&lt;a href="selenium-screenshot-13.png"&gt;&lt;img src="selenium-screenshot-13.png" width="800px"&gt;&lt;/a&gt;</msg>
<status status="PASS" starttime="20220427 11:53:38.058" endtime="20220427 11:53:38.343"/>
</kw>
<msg timestamp="20220427 11:53:38.344" level="FAIL">ElementClickInterceptedException: Message: element click intercepted: Element &lt;span class="ml-2 text-body2-strong d-none d-inline-block-md"&gt;...&lt;/span&gt; is not clickable at point (81, 409). Other element would receive the click: &lt;div class="mb-1 Seo_Seo__content__Qi07a"&gt;...&lt;/div&gt;
  (Session info: chrome=100.0.4896.127)
</msg>
<status status="FAIL" starttime="20220427 11:53:36.862" endtime="20220427 11:53:38.344"/>
</kw>
<kw name="Click Element" library="SeleniumLibrary">
<arg>${arg}</arg>
<doc>Click the element identified by ``locator``.</doc>
<msg timestamp="20220427 11:53:43.349" level="INFO">Clicking element 'xpath://span[contains(text(),'بعدی')]'.</msg>
<kw name="Capture Page Screenshot" library="SeleniumLibrary">
<doc>Takes a screenshot of the current page and embeds it into a log file.</doc>
<msg timestamp="20220427 11:53:44.705" level="INFO" html="true">&lt;/td&gt;&lt;/tr&gt;&lt;tr&gt;&lt;td colspan="3"&gt;&lt;a href="selenium-screenshot-14.png"&gt;&lt;img src="selenium-screenshot-14.png" width="800px"&gt;&lt;/a&gt;</msg>
<status status="PASS" starttime="20220427 11:53:44.445" endtime="20220427 11:53:44.705"/>
</kw>
<msg timestamp="20220427 11:53:44.707" level="FAIL">ElementClickInterceptedException: Message: element click intercepted: Element &lt;span class="ml-2 text-body2-strong d-none d-inline-block-md"&gt;...&lt;/span&gt; is not clickable at point (81, 409). Other element would receive the click: &lt;div class="mb-1 Seo_Seo__content__Qi07a"&gt;...&lt;/div&gt;
  (Session info: chrome=100.0.4896.127)
</msg>
<status status="FAIL" starttime="20220427 11:53:43.347" endtime="20220427 11:53:44.707"/>
</kw>
<kw name="Click Element" library="SeleniumLibrary">
<arg>${arg}</arg>
<doc>Click the element identified by ``locator``.</doc>
<msg timestamp="20220427 11:53:49.724" level="INFO">Clicking element 'xpath://span[contains(text(),'بعدی')]'.</msg>
<kw name="Capture Page Screenshot" library="SeleniumLibrary">
<doc>Takes a screenshot of the current page and embeds it into a log file.</doc>
<msg timestamp="20220427 11:53:51.166" level="INFO" html="true">&lt;/td&gt;&lt;/tr&gt;&lt;tr&gt;&lt;td colspan="3"&gt;&lt;a href="selenium-screenshot-15.png"&gt;&lt;img src="selenium-screenshot-15.png" width="800px"&gt;&lt;/a&gt;</msg>
<status status="PASS" starttime="20220427 11:53:50.906" endtime="20220427 11:53:51.167"/>
</kw>
<msg timestamp="20220427 11:53:51.168" level="FAIL">ElementClickInterceptedException: Message: element click intercepted: Element &lt;span class="ml-2 text-body2-strong d-none d-inline-block-md"&gt;...&lt;/span&gt; is not clickable at point (81, 409). Other element would receive the click: &lt;div class="mb-1 Seo_Seo__content__Qi07a"&gt;...&lt;/div&gt;
  (Session info: chrome=100.0.4896.127)
</msg>
<status status="FAIL" starttime="20220427 11:53:49.721" endtime="20220427 11:53:51.168"/>
</kw>
<kw name="Click Element" library="SeleniumLibrary">
<arg>${arg}</arg>
<doc>Click the element identified by ``locator``.</doc>
<msg timestamp="20220427 11:53:56.176" level="INFO">Clicking element 'xpath://span[contains(text(),'بعدی')]'.</msg>
<kw name="Capture Page Screenshot" library="SeleniumLibrary">
<doc>Takes a screenshot of the current page and embeds it into a log file.</doc>
<msg timestamp="20220427 11:53:57.591" level="INFO" html="true">&lt;/td&gt;&lt;/tr&gt;&lt;tr&gt;&lt;td colspan="3"&gt;&lt;a href="selenium-screenshot-16.png"&gt;&lt;img src="selenium-screenshot-16.png" width="800px"&gt;&lt;/a&gt;</msg>
<status status="PASS" starttime="20220427 11:53:57.317" endtime="20220427 11:53:57.591"/>
</kw>
<msg timestamp="20220427 11:53:57.593" level="FAIL">ElementClickInterceptedException: Message: element click intercepted: Element &lt;span class="ml-2 text-body2-strong d-none d-inline-block-md"&gt;...&lt;/span&gt; is not clickable at point (81, 409). Other element would receive the click: &lt;div class="mb-1 Seo_Seo__content__Qi07a"&gt;...&lt;/div&gt;
  (Session info: chrome=100.0.4896.127)
</msg>
<status status="FAIL" starttime="20220427 11:53:56.173" endtime="20220427 11:53:57.593"/>
</kw>
<kw name="Click Element" library="SeleniumLibrary">
<arg>${arg}</arg>
<doc>Click the element identified by ``locator``.</doc>
<msg timestamp="20220427 11:54:02.606" level="INFO">Clicking element 'xpath://span[contains(text(),'بعدی')]'.</msg>
<kw name="Capture Page Screenshot" library="SeleniumLibrary">
<doc>Takes a screenshot of the current page and embeds it into a log file.</doc>
<msg timestamp="20220427 11:54:03.967" level="INFO" html="true">&lt;/td&gt;&lt;/tr&gt;&lt;tr&gt;&lt;td colspan="3"&gt;&lt;a href="selenium-screenshot-17.png"&gt;&lt;img src="selenium-screenshot-17.png" width="800px"&gt;&lt;/a&gt;</msg>
<status status="PASS" starttime="20220427 11:54:03.728" endtime="20220427 11:54:03.967"/>
</kw>
<msg timestamp="20220427 11:54:03.970" level="FAIL">ElementClickInterceptedException: Message: element click intercepted: Element &lt;span class="ml-2 text-body2-strong d-none d-inline-block-md"&gt;...&lt;/span&gt; is not clickable at point (81, 409). Other element would receive the click: &lt;div class="mb-1 Seo_Seo__content__Qi07a"&gt;...&lt;/div&gt;
  (Session info: chrome=100.0.4896.127)
</msg>
<status status="FAIL" starttime="20220427 11:54:02.603" endtime="20220427 11:54:03.970"/>
</kw>
<kw name="Click Element" library="SeleniumLibrary">
<arg>${arg}</arg>
<doc>Click the element identified by ``locator``.</doc>
<msg timestamp="20220427 11:54:08.978" level="INFO">Clicking element 'xpath://span[contains(text(),'بعدی')]'.</msg>
<kw name="Capture Page Screenshot" library="SeleniumLibrary">
<doc>Takes a screenshot of the current page and embeds it into a log file.</doc>
<msg timestamp="20220427 11:54:10.303" level="INFO" html="true">&lt;/td&gt;&lt;/tr&gt;&lt;tr&gt;&lt;td colspan="3"&gt;&lt;a href="selenium-screenshot-18.png"&gt;&lt;img src="selenium-screenshot-18.png" width="800px"&gt;&lt;/a&gt;</msg>
<status status="PASS" starttime="20220427 11:54:10.041" endtime="20220427 11:54:10.303"/>
</kw>
<msg timestamp="20220427 11:54:10.305" level="FAIL">ElementClickInterceptedException: Message: element click intercepted: Element &lt;span class="ml-2 text-body2-strong d-none d-inline-block-md"&gt;...&lt;/span&gt; is not clickable at point (81, 409). Other element would receive the click: &lt;div class="mb-1 Seo_Seo__content__Qi07a"&gt;...&lt;/div&gt;
  (Session info: chrome=100.0.4896.127)
</msg>
<status status="FAIL" starttime="20220427 11:54:08.977" endtime="20220427 11:54:10.305"/>
</kw>
<kw name="Click Element" library="SeleniumLibrary">
<arg>${arg}</arg>
<doc>Click the element identified by ``locator``.</doc>
<msg timestamp="20220427 11:54:15.309" level="INFO">Clicking element 'xpath://span[contains(text(),'بعدی')]'.</msg>
<kw name="Capture Page Screenshot" library="SeleniumLibrary">
<doc>Takes a screenshot of the current page and embeds it into a log file.</doc>
<msg timestamp="20220427 11:54:16.615" level="INFO" html="true">&lt;/td&gt;&lt;/tr&gt;&lt;tr&gt;&lt;td colspan="3"&gt;&lt;a href="selenium-screenshot-19.png"&gt;&lt;img src="selenium-screenshot-19.png" width="800px"&gt;&lt;/a&gt;</msg>
<status status="PASS" starttime="20220427 11:54:16.404" endtime="20220427 11:54:16.616"/>
</kw>
<msg timestamp="20220427 11:54:16.617" level="FAIL">ElementClickInterceptedException: Message: element click intercepted: Element &lt;span class="ml-2 text-body2-strong d-none d-inline-block-md"&gt;...&lt;/span&gt; is not clickable at point (81, 409). Other element would receive the click: &lt;div class="mb-1 Seo_Seo__content__Qi07a"&gt;...&lt;/div&gt;
  (Session info: chrome=100.0.4896.127)
</msg>
<status status="FAIL" starttime="20220427 11:54:15.308" endtime="20220427 11:54:16.617"/>
</kw>
<kw name="Click Element" library="SeleniumLibrary">
<arg>${arg}</arg>
<doc>Click the element identified by ``locator``.</doc>
<msg timestamp="20220427 11:54:21.623" level="INFO">Clicking element 'xpath://span[contains(text(),'بعدی')]'.</msg>
<kw name="Capture Page Screenshot" library="SeleniumLibrary">
<doc>Takes a screenshot of the current page and embeds it into a log file.</doc>
<msg timestamp="20220427 11:54:23.016" level="INFO" html="true">&lt;/td&gt;&lt;/tr&gt;&lt;tr&gt;&lt;td colspan="3"&gt;&lt;a href="selenium-screenshot-20.png"&gt;&lt;img src="selenium-screenshot-20.png" width="800px"&gt;&lt;/a&gt;</msg>
<status status="PASS" starttime="20220427 11:54:22.763" endtime="20220427 11:54:23.016"/>
</kw>
<msg timestamp="20220427 11:54:23.018" level="FAIL">ElementClickInterceptedException: Message: element click intercepted: Element &lt;span class="ml-2 text-body2-strong d-none d-inline-block-md"&gt;...&lt;/span&gt; is not clickable at point (81, 409). Other element would receive the click: &lt;div class="mb-1 Seo_Seo__content__Qi07a"&gt;...&lt;/div&gt;
  (Session info: chrome=100.0.4896.127)
</msg>
<status status="FAIL" starttime="20220427 11:54:21.621" endtime="20220427 11:54:23.018"/>
</kw>
<kw name="Click Element" library="SeleniumLibrary">
<arg>${arg}</arg>
<doc>Click the element identified by ``locator``.</doc>
<msg timestamp="20220427 11:54:28.026" level="INFO">Clicking element 'xpath://span[contains(text(),'بعدی')]'.</msg>
<kw name="Capture Page Screenshot" library="SeleniumLibrary">
<doc>Takes a screenshot of the current page and embeds it into a log file.</doc>
<msg timestamp="20220427 11:54:29.444" level="INFO" html="true">&lt;/td&gt;&lt;/tr&gt;&lt;tr&gt;&lt;td colspan="3"&gt;&lt;a href="selenium-screenshot-21.png"&gt;&lt;img src="selenium-screenshot-21.png" width="800px"&gt;&lt;/a&gt;</msg>
<status status="PASS" starttime="20220427 11:54:29.199" endtime="20220427 11:54:29.444"/>
</kw>
<msg timestamp="20220427 11:54:29.446" level="FAIL">ElementClickInterceptedException: Message: element click intercepted: Element &lt;span class="ml-2 text-body2-strong d-none d-inline-block-md"&gt;...&lt;/span&gt; is not clickable at point (81, 409). Other element would receive the click: &lt;div class="mb-1 Seo_Seo__content__Qi07a"&gt;...&lt;/div&gt;
  (Session info: chrome=100.0.4896.127)
</msg>
<status status="FAIL" starttime="20220427 11:54:28.023" endtime="20220427 11:54:29.446"/>
</kw>
<kw name="Click Element" library="SeleniumLibrary">
<arg>${arg}</arg>
<doc>Click the element identified by ``locator``.</doc>
<msg timestamp="20220427 11:54:34.452" level="INFO">Clicking element 'xpath://span[contains(text(),'بعدی')]'.</msg>
<kw name="Capture Page Screenshot" library="SeleniumLibrary">
<doc>Takes a screenshot of the current page and embeds it into a log file.</doc>
<msg timestamp="20220427 11:54:35.881" level="INFO" html="true">&lt;/td&gt;&lt;/tr&gt;&lt;tr&gt;&lt;td colspan="3"&gt;&lt;a href="selenium-screenshot-22.png"&gt;&lt;img src="selenium-screenshot-22.png" width="800px"&gt;&lt;/a&gt;</msg>
<status status="PASS" starttime="20220427 11:54:35.620" endtime="20220427 11:54:35.881"/>
</kw>
<msg timestamp="20220427 11:54:35.882" level="FAIL">ElementClickInterceptedException: Message: element click intercepted: Element &lt;span class="ml-2 text-body2-strong d-none d-inline-block-md"&gt;...&lt;/span&gt; is not clickable at point (81, 409). Other element would receive the click: &lt;div class="mb-1 Seo_Seo__content__Qi07a"&gt;...&lt;/div&gt;
  (Session info: chrome=100.0.4896.127)
</msg>
<status status="FAIL" starttime="20220427 11:54:34.449" endtime="20220427 11:54:35.882"/>
</kw>
<kw name="Click Element" library="SeleniumLibrary">
<arg>${arg}</arg>
<doc>Click the element identified by ``locator``.</doc>
<msg timestamp="20220427 11:54:40.885" level="INFO">Clicking element 'xpath://span[contains(text(),'بعدی')]'.</msg>
<kw name="Capture Page Screenshot" library="SeleniumLibrary">
<doc>Takes a screenshot of the current page and embeds it into a log file.</doc>
<msg timestamp="20220427 11:54:42.209" level="INFO" html="true">&lt;/td&gt;&lt;/tr&gt;&lt;tr&gt;&lt;td colspan="3"&gt;&lt;a href="selenium-screenshot-23.png"&gt;&lt;img src="selenium-screenshot-23.png" width="800px"&gt;&lt;/a&gt;</msg>
<status status="PASS" starttime="20220427 11:54:41.979" endtime="20220427 11:54:42.210"/>
</kw>
<msg timestamp="20220427 11:54:42.211" level="FAIL">ElementClickInterceptedException: Message: element click intercepted: Element &lt;span class="ml-2 text-body2-strong d-none d-inline-block-md"&gt;...&lt;/span&gt; is not clickable at point (81, 409). Other element would receive the click: &lt;div class="mb-1 Seo_Seo__content__Qi07a"&gt;...&lt;/div&gt;
  (Session info: chrome=100.0.4896.127)
</msg>
<status status="FAIL" starttime="20220427 11:54:40.884" endtime="20220427 11:54:42.211"/>
</kw>
<kw name="Click Element" library="SeleniumLibrary">
<arg>${arg}</arg>
<doc>Click the element identified by ``locator``.</doc>
<msg timestamp="20220427 11:54:47.216" level="INFO">Clicking element 'xpath://span[contains(text(),'بعدی')]'.</msg>
<kw name="Capture Page Screenshot" library="SeleniumLibrary">
<doc>Takes a screenshot of the current page and embeds it into a log file.</doc>
<msg timestamp="20220427 11:54:48.647" level="INFO" html="true">&lt;/td&gt;&lt;/tr&gt;&lt;tr&gt;&lt;td colspan="3"&gt;&lt;a href="selenium-screenshot-24.png"&gt;&lt;img src="selenium-screenshot-24.png" width="800px"&gt;&lt;/a&gt;</msg>
<status status="PASS" starttime="20220427 11:54:48.349" endtime="20220427 11:54:48.647"/>
</kw>
<msg timestamp="20220427 11:54:48.649" level="FAIL">ElementClickInterceptedException: Message: element click intercepted: Element &lt;span class="ml-2 text-body2-strong d-none d-inline-block-md"&gt;...&lt;/span&gt; is not clickable at point (81, 409). Other element would receive the click: &lt;div class="mb-1 Seo_Seo__content__Qi07a"&gt;...&lt;/div&gt;
  (Session info: chrome=100.0.4896.127)
</msg>
<status status="FAIL" starttime="20220427 11:54:47.215" endtime="20220427 11:54:48.649"/>
</kw>
<kw name="Click Element" library="SeleniumLibrary">
<arg>${arg}</arg>
<doc>Click the element identified by ``locator``.</doc>
<msg timestamp="20220427 11:54:53.657" level="INFO">Clicking element 'xpath://span[contains(text(),'بعدی')]'.</msg>
<kw name="Capture Page Screenshot" library="SeleniumLibrary">
<doc>Takes a screenshot of the current page and embeds it into a log file.</doc>
<msg timestamp="20220427 11:54:55.069" level="INFO" html="true">&lt;/td&gt;&lt;/tr&gt;&lt;tr&gt;&lt;td colspan="3"&gt;&lt;a href="selenium-screenshot-25.png"&gt;&lt;img src="selenium-screenshot-25.png" width="800px"&gt;&lt;/a&gt;</msg>
<status status="PASS" starttime="20220427 11:54:54.792" endtime="20220427 11:54:55.069"/>
</kw>
<msg timestamp="20220427 11:54:55.071" level="FAIL">ElementClickInterceptedException: Message: element click intercepted: Element &lt;span class="ml-2 text-body2-strong d-none d-inline-block-md"&gt;...&lt;/span&gt; is not clickable at point (81, 409). Other element would receive the click: &lt;div class="mb-1 Seo_Seo__content__Qi07a"&gt;...&lt;/div&gt;
  (Session info: chrome=100.0.4896.127)
</msg>
<status status="FAIL" starttime="20220427 11:54:53.655" endtime="20220427 11:54:55.071"/>
</kw>
<kw name="Click Element" library="SeleniumLibrary">
<arg>${arg}</arg>
<doc>Click the element identified by ``locator``.</doc>
<msg timestamp="20220427 11:55:00.075" level="INFO">Clicking element 'xpath://span[contains(text(),'بعدی')]'.</msg>
<kw name="Capture Page Screenshot" library="SeleniumLibrary">
<doc>Takes a screenshot of the current page and embeds it into a log file.</doc>
<msg timestamp="20220427 11:55:01.429" level="INFO" html="true">&lt;/td&gt;&lt;/tr&gt;&lt;tr&gt;&lt;td colspan="3"&gt;&lt;a href="selenium-screenshot-26.png"&gt;&lt;img src="selenium-screenshot-26.png" width="800px"&gt;&lt;/a&gt;</msg>
<status status="PASS" starttime="20220427 11:55:01.184" endtime="20220427 11:55:01.430"/>
</kw>
<msg timestamp="20220427 11:55:01.431" level="FAIL">ElementClickInterceptedException: Message: element click intercepted: Element &lt;span class="ml-2 text-body2-strong d-none d-inline-block-md"&gt;...&lt;/span&gt; is not clickable at point (81, 409). Other element would receive the click: &lt;div class="mb-1 Seo_Seo__content__Qi07a"&gt;...&lt;/div&gt;
  (Session info: chrome=100.0.4896.127)
</msg>
<status status="FAIL" starttime="20220427 11:55:00.074" endtime="20220427 11:55:01.431"/>
</kw>
<kw name="Click Element" library="SeleniumLibrary">
<arg>${arg}</arg>
<doc>Click the element identified by ``locator``.</doc>
<msg timestamp="20220427 11:55:06.437" level="INFO">Clicking element 'xpath://span[contains(text(),'بعدی')]'.</msg>
<kw name="Capture Page Screenshot" library="SeleniumLibrary">
<doc>Takes a screenshot of the current page and embeds it into a log file.</doc>
<msg timestamp="20220427 11:55:07.784" level="INFO" html="true">&lt;/td&gt;&lt;/tr&gt;&lt;tr&gt;&lt;td colspan="3"&gt;&lt;a href="selenium-screenshot-27.png"&gt;&lt;img src="selenium-screenshot-27.png" width="800px"&gt;&lt;/a&gt;</msg>
<status status="PASS" starttime="20220427 11:55:07.528" endtime="20220427 11:55:07.784"/>
</kw>
<msg timestamp="20220427 11:55:07.785" level="FAIL">ElementClickInterceptedException: Message: element click intercepted: Element &lt;span class="ml-2 text-body2-strong d-none d-inline-block-md"&gt;...&lt;/span&gt; is not clickable at point (81, 409). Other element would receive the click: &lt;div class="mb-1 Seo_Seo__content__Qi07a"&gt;...&lt;/div&gt;
  (Session info: chrome=100.0.4896.127)
</msg>
<status status="FAIL" starttime="20220427 11:55:06.436" endtime="20220427 11:55:07.785"/>
</kw>
<kw name="Click Element" library="SeleniumLibrary">
<arg>${arg}</arg>
<doc>Click the element identified by ``locator``.</doc>
<msg timestamp="20220427 11:55:12.803" level="INFO">Clicking element 'xpath://span[contains(text(),'بعدی')]'.</msg>
<kw name="Capture Page Screenshot" library="SeleniumLibrary">
<doc>Takes a screenshot of the current page and embeds it into a log file.</doc>
<msg timestamp="20220427 11:55:14.233" level="INFO" html="true">&lt;/td&gt;&lt;/tr&gt;&lt;tr&gt;&lt;td colspan="3"&gt;&lt;a href="selenium-screenshot-28.png"&gt;&lt;img src="selenium-screenshot-28.png" width="800px"&gt;&lt;/a&gt;</msg>
<status status="PASS" starttime="20220427 11:55:13.966" endtime="20220427 11:55:14.233"/>
</kw>
<msg timestamp="20220427 11:55:14.235" level="FAIL">ElementClickInterceptedException: Message: element click intercepted: Element &lt;span class="ml-2 text-body2-strong d-none d-inline-block-md"&gt;...&lt;/span&gt; is not clickable at point (81, 409). Other element would receive the click: &lt;div class="mb-1 Seo_Seo__content__Qi07a"&gt;...&lt;/div&gt;
  (Session info: chrome=100.0.4896.127)
</msg>
<status status="FAIL" starttime="20220427 11:55:12.800" endtime="20220427 11:55:14.235"/>
</kw>
<kw name="Click Element" library="SeleniumLibrary">
<arg>${arg}</arg>
<doc>Click the element identified by ``locator``.</doc>
<msg timestamp="20220427 11:55:19.244" level="INFO">Clicking element 'xpath://span[contains(text(),'بعدی')]'.</msg>
<kw name="Capture Page Screenshot" library="SeleniumLibrary">
<doc>Takes a screenshot of the current page and embeds it into a log file.</doc>
<msg timestamp="20220427 11:55:20.657" level="INFO" html="true">&lt;/td&gt;&lt;/tr&gt;&lt;tr&gt;&lt;td colspan="3"&gt;&lt;a href="selenium-screenshot-29.png"&gt;&lt;img src="selenium-screenshot-29.png" width="800px"&gt;&lt;/a&gt;</msg>
<status status="PASS" starttime="20220427 11:55:20.384" endtime="20220427 11:55:20.657"/>
</kw>
<msg timestamp="20220427 11:55:20.659" level="FAIL">ElementClickInterceptedException: Message: element click intercepted: Element &lt;span class="ml-2 text-body2-strong d-none d-inline-block-md"&gt;...&lt;/span&gt; is not clickable at point (81, 409). Other element would receive the click: &lt;div class="mb-1 Seo_Seo__content__Qi07a"&gt;...&lt;/div&gt;
  (Session info: chrome=100.0.4896.127)
</msg>
<status status="FAIL" starttime="20220427 11:55:19.242" endtime="20220427 11:55:20.659"/>
</kw>
<msg timestamp="20220427 11:55:20.659" level="FAIL">Keyword 'Click Element' failed after retrying for 2 minutes. The last error was: ElementClickInterceptedException: Message: element click intercepted: Element &lt;span class="ml-2 text-body2-strong d-none d-inline-block-md"&gt;...&lt;/span&gt; is not clickable at point (81, 409). Other element would receive the click: &lt;div class="mb-1 Seo_Seo__content__Qi07a"&gt;...&lt;/div&gt;
  (Session info: chrome=100.0.4896.127)
</msg>
<status status="FAIL" starttime="20220427 11:53:17.638" endtime="20220427 11:55:20.660"/>
</kw>
<status status="FAIL" starttime="20220427 11:53:16.940" endtime="20220427 11:55:20.661"/>
</kw>
<status status="FAIL" starttime="20220427 11:53:08.681" endtime="20220427 11:55:20.662"/>
</kw>
<kw name="Find and Select Product" library="commonfunctionality">
<arg>${PProduct}</arg>
<status status="NOT RUN" starttime="20220427 11:55:20.663" endtime="20220427 11:55:20.663"/>
</kw>
<kw name="Know Me" library="Availability">
<status status="NOT RUN" starttime="20220427 11:55:20.664" endtime="20220427 11:55:20.664"/>
</kw>
<status status="FAIL" starttime="20220427 11:53:03.617" endtime="20220427 11:55:20.665">Keyword 'Click Element' failed after retrying for 2 minutes. The last error was: ElementClickInterceptedException: Message: element click intercepted: Element &lt;span class="ml-2 text-body2-strong d-none d-inline-block-md"&gt;...&lt;/span&gt; is not clickable at point (81, 409). Other element would receive the click: &lt;div class="mb-1 Seo_Seo__content__Qi07a"&gt;...&lt;/div&gt;
  (Session info: chrome=100.0.4896.127)
</status>
</test>
<kw name="Close Page" library="commonfunctionality" type="TEARDOWN">
<kw name="Close Browser" library="SeleniumLibrary">
<doc>Closes the current browser.</doc>
<status status="PASS" starttime="20220427 11:55:20.670" endtime="20220427 11:55:23.285"/>
</kw>
<status status="PASS" starttime="20220427 11:55:20.669" endtime="20220427 11:55:23.286"/>
</kw>
<doc>Availability</doc>
<status status="FAIL" starttime="20220427 11:52:37.531" endtime="20220427 11:55:23.286"/>
</suite>
<statistics>
<total>
<stat pass="0" fail="1" skip="0">All Tests</stat>
</total>
<tag>
</tag>
<suite>
<stat pass="0" fail="1" skip="0" id="s1" name="Digikala Availability">Digikala Availability</stat>
</suite>
</statistics>
<errors>
</errors>
</robot>
