<?xml version="1.0" encoding="UTF-8"?>
<robot generator="Robot 4.1.3 (Python 3.6.5 on win32)" generated="20220416 22:57:56.367" rpa="false" schemaversion="2">
<suite id="s1" name="DigiKala Delete Product" source="C:\Users\Mi Store\Desktop\DigiKala\TestCase\DigiKala_Delete_Product.robot">
<kw name="Run Keywords" library="BuiltIn" type="SETUP">
<arg>commonfunctionality.Open Page</arg>
<arg>Login.Verify Login Page Loaded</arg>
<arg>Login.click on login</arg>
<arg>Login.Enter Username and Click</arg>
<arg>Login.Enter Password and Click</arg>
<doc>Executes all the given keywords in a sequence.</doc>
<kw name="Open Page" library="commonfunctionality">
<doc>This is test to Login digikala</doc>
<kw name="Set Selenium Speed" library="SeleniumLibrary">
<arg>${Speed}</arg>
<doc>Sets the delay that is waited after each Selenium command.</doc>
<status status="PASS" starttime="20220416 22:57:56.669" endtime="20220416 22:57:56.669"/>
</kw>
<kw name="Set Selenium Timeout" library="SeleniumLibrary">
<arg>${Timeout}</arg>
<doc>Sets the timeout that is used by various keywords.</doc>
<status status="PASS" starttime="20220416 22:57:56.670" endtime="20220416 22:57:56.670"/>
</kw>
<kw name="Open Browser" library="SeleniumLibrary">
<arg>${url}</arg>
<arg>${browser}</arg>
<doc>Opens a new browser instance to the optional ``url``.</doc>
<msg timestamp="20220416 22:57:56.671" level="INFO">Opening browser 'Chrome' to base url 'https://www.digikala.com/'.</msg>
<status status="PASS" starttime="20220416 22:57:56.670" endtime="20220416 22:58:13.267"/>
</kw>
<kw name="Maximize Browser Window" library="SeleniumLibrary">
<doc>Maximizes current browser window.</doc>
<status status="PASS" starttime="20220416 22:58:13.267" endtime="20220416 22:58:13.677"/>
</kw>
<status status="PASS" starttime="20220416 22:57:56.668" endtime="20220416 22:58:13.677"/>
</kw>
<kw name="Verify Login Page Loaded" library="Login">
<kw name="Wait Until Page Contains" library="SeleniumLibrary">
<arg>${WebsiteName}</arg>
<doc>Waits until ``text`` appears on the current page.</doc>
<status status="PASS" starttime="20220416 22:58:13.679" endtime="20220416 22:58:13.809"/>
</kw>
<status status="PASS" starttime="20220416 22:58:13.678" endtime="20220416 22:58:13.809"/>
</kw>
<kw name="click on login" library="Login">
<kw name="Click Element" library="SeleniumLibrary">
<arg>${ClickOnLogin}</arg>
<doc>Click the element identified by ``locator``.</doc>
<msg timestamp="20220416 22:58:13.812" level="INFO">Clicking element 'xpath://*[contains(text(),'ورود')]'.</msg>
<status status="PASS" starttime="20220416 22:58:13.810" endtime="20220416 22:58:14.097"/>
</kw>
<status status="PASS" starttime="20220416 22:58:13.809" endtime="20220416 22:58:14.098"/>
</kw>
<kw name="Enter Username and Click" library="Login">
<kw name="assertion Text" library="commonfunctionality">
<arg>ورود</arg>
<kw name="Wait Until Page Contains" library="SeleniumLibrary">
<arg>${text}</arg>
<doc>Waits until ``text`` appears on the current page.</doc>
<status status="PASS" starttime="20220416 22:58:14.099" endtime="20220416 22:58:14.333"/>
</kw>
<kw name="Page Should Contain" library="SeleniumLibrary">
<arg>${text}</arg>
<doc>Verifies that current page contains ``text``.</doc>
<msg timestamp="20220416 22:58:14.348" level="INFO">Current page contains text 'ورود'.</msg>
<status status="PASS" starttime="20220416 22:58:14.333" endtime="20220416 22:58:14.348"/>
</kw>
<status status="PASS" starttime="20220416 22:58:14.098" endtime="20220416 22:58:14.348"/>
</kw>
<kw name="Input Text" library="SeleniumLibrary">
<arg>${UsernameInput}</arg>
<arg>${Username}</arg>
<doc>Types the given ``text`` into the text field identified by ``locator``.</doc>
<msg timestamp="20220416 22:58:14.349" level="INFO">Typing text 'najafi.nazanin@gmail.com' into text field 'xpath://input[@name="username"]'.</msg>
<status status="PASS" starttime="20220416 22:58:14.349" endtime="20220416 22:58:14.573"/>
</kw>
<kw name="Click Element" library="SeleniumLibrary">
<arg>${UsernamePressKeys}</arg>
<doc>Click the element identified by ``locator``.</doc>
<msg timestamp="20220416 22:58:14.575" level="INFO">Clicking element 'xpath://button[@data-cro-id="login-register"]'.</msg>
<status status="PASS" starttime="20220416 22:58:14.573" endtime="20220416 22:58:14.647"/>
</kw>
<status status="PASS" starttime="20220416 22:58:14.098" endtime="20220416 22:58:14.648"/>
</kw>
<kw name="Enter Password and Click" library="Login">
<kw name="assertion Text" library="commonfunctionality">
<arg>تایید</arg>
<kw name="Wait Until Page Contains" library="SeleniumLibrary">
<arg>${text}</arg>
<doc>Waits until ``text`` appears on the current page.</doc>
<status status="PASS" starttime="20220416 22:58:14.649" endtime="20220416 22:58:14.885"/>
</kw>
<kw name="Page Should Contain" library="SeleniumLibrary">
<arg>${text}</arg>
<doc>Verifies that current page contains ``text``.</doc>
<msg timestamp="20220416 22:58:14.906" level="INFO">Current page contains text 'تایید'.</msg>
<status status="PASS" starttime="20220416 22:58:14.886" endtime="20220416 22:58:14.907"/>
</kw>
<status status="PASS" starttime="20220416 22:58:14.648" endtime="20220416 22:58:14.908"/>
</kw>
<kw name="Wait Until Element Is Enabled" library="SeleniumLibrary">
<arg>${PasswordInput}</arg>
<doc>Waits until the element ``locator`` is enabled.</doc>
<status status="PASS" starttime="20220416 22:58:14.908" endtime="20220416 22:58:14.944"/>
</kw>
<kw name="Input Password" library="SeleniumLibrary">
<arg>${PasswordInput}</arg>
<arg>${Password}</arg>
<doc>Types the given password into the text field identified by ``locator``.</doc>
<msg timestamp="20220416 22:58:14.945" level="INFO">Typing password into text field 'xpath://input[@name="password"]'.</msg>
<msg timestamp="20220416 22:58:14.991" level="INFO">Temporally setting log level to: NONE</msg>
<msg timestamp="20220416 22:58:15.051" level="INFO">Log level changed from NONE to INFO.</msg>
<status status="PASS" starttime="20220416 22:58:14.944" endtime="20220416 22:58:15.051"/>
</kw>
<kw name="Click Element" library="SeleniumLibrary">
<arg>${PasswordPressKeys}</arg>
<doc>Click the element identified by ``locator``.</doc>
<msg timestamp="20220416 22:58:15.052" level="INFO">Clicking element 'xpath://button[@type="submit"]'.</msg>
<status status="PASS" starttime="20220416 22:58:15.051" endtime="20220416 22:58:15.130"/>
</kw>
<status status="PASS" starttime="20220416 22:58:14.648" endtime="20220416 22:58:15.130"/>
</kw>
<status status="PASS" starttime="20220416 22:57:56.667" endtime="20220416 22:58:15.130"/>
</kw>
<test id="s1-t1" name="This is Delete_product TestCase for digikala.com">
<kw name="Click" library="commonfunctionality">
<arg>xpath://a[@href="/best-selling/"]</arg>
<kw name="Wait Until Element Is Enabled" library="SeleniumLibrary">
<arg>${arg}</arg>
<doc>Waits until the element ``locator`` is enabled.</doc>
<status status="PASS" starttime="20220416 22:58:15.133" endtime="20220416 22:58:18.546"/>
</kw>
<kw name="Run Keyword And Ignore Error" library="BuiltIn">
<arg>Scroll Element Into View</arg>
<arg>${arg}</arg>
<doc>Runs the given keyword with the given arguments and ignores possible error.</doc>
<kw name="Scroll Element Into View" library="SeleniumLibrary">
<arg>${arg}</arg>
<doc>Scrolls the element identified by ``locator`` into view.</doc>
<status status="PASS" starttime="20220416 22:58:18.546" endtime="20220416 22:58:19.127"/>
</kw>
<status status="PASS" starttime="20220416 22:58:18.546" endtime="20220416 22:58:19.128"/>
</kw>
<kw name="Wait Until Element Is Visible" library="SeleniumLibrary">
<arg>${arg}</arg>
<doc>Waits until the element ``locator`` is visible.</doc>
<status status="PASS" starttime="20220416 22:58:19.128" endtime="20220416 22:58:19.206"/>
</kw>
<kw name="Run Keyword And Ignore Error" library="BuiltIn">
<arg>Mouse Over</arg>
<arg>${arg}</arg>
<doc>Runs the given keyword with the given arguments and ignores possible error.</doc>
<kw name="Mouse Over" library="SeleniumLibrary">
<arg>${arg}</arg>
<doc>Simulates hovering the mouse over the element ``locator``.</doc>
<msg timestamp="20220416 22:58:19.207" level="INFO">Simulating Mouse Over on element 'xpath://a[@href="/best-selling/"]'.</msg>
<status status="PASS" starttime="20220416 22:58:19.207" endtime="20220416 22:58:19.490"/>
</kw>
<status status="PASS" starttime="20220416 22:58:19.206" endtime="20220416 22:58:19.490"/>
</kw>
<kw name="Wait Until Keyword Succeeds" library="BuiltIn">
<arg>2 min</arg>
<arg>5 sec</arg>
<arg>Click Element</arg>
<arg>${arg}</arg>
<doc>Runs the specified keyword and retries if it fails.</doc>
<kw name="Click Element" library="SeleniumLibrary">
<arg>${arg}</arg>
<doc>Click the element identified by ``locator``.</doc>
<msg timestamp="20220416 22:58:19.494" level="INFO">Clicking element 'xpath://a[@href="/best-selling/"]'.</msg>
<status status="PASS" starttime="20220416 22:58:19.492" endtime="20220416 22:58:19.843"/>
</kw>
<status status="PASS" starttime="20220416 22:58:19.491" endtime="20220416 22:58:19.843"/>
</kw>
<status status="PASS" starttime="20220416 22:58:15.133" endtime="20220416 22:58:19.843"/>
</kw>
<kw name="Find and Select Product" library="commonfunctionality">
<arg>${Productt}</arg>
<kw name="Wait Until Element Is Enabled" library="SeleniumLibrary">
<arg>${select_product}</arg>
<doc>Waits until the element ``locator`` is enabled.</doc>
<status status="PASS" starttime="20220416 22:58:19.847" endtime="20220416 22:58:19.993"/>
</kw>
<kw name="Run Keyword And Ignore Error" library="BuiltIn">
<arg>Scroll Element Into View</arg>
<arg>${select_product}</arg>
<doc>Runs the given keyword with the given arguments and ignores possible error.</doc>
<kw name="Scroll Element Into View" library="SeleniumLibrary">
<arg>${select_product}</arg>
<doc>Scrolls the element identified by ``locator`` into view.</doc>
<kw name="Capture Page Screenshot" library="SeleniumLibrary">
<doc>Takes a screenshot of the current page and embeds it into a log file.</doc>
<msg timestamp="20220416 22:58:21.125" level="INFO" html="true">&lt;/td&gt;&lt;/tr&gt;&lt;tr&gt;&lt;td colspan="3"&gt;&lt;a href="selenium-screenshot-280.png"&gt;&lt;img src="selenium-screenshot-280.png" width="800px"&gt;&lt;/a&gt;</msg>
<status status="PASS" starttime="20220416 22:58:20.673" endtime="20220416 22:58:21.126"/>
</kw>
<msg timestamp="20220416 22:58:21.134" level="FAIL">StaleElementReferenceException: Message: stale element reference: element is not attached to the page document
  (Session info: chrome=100.0.4896.88)
</msg>
<status status="FAIL" starttime="20220416 22:58:19.995" endtime="20220416 22:58:21.135"/>
</kw>
<status status="PASS" starttime="20220416 22:58:19.994" endtime="20220416 22:58:21.135"/>
</kw>
<kw name="Mouse Over" library="SeleniumLibrary">
<arg>${select_product}</arg>
<doc>Simulates hovering the mouse over the element ``locator``.</doc>
<msg timestamp="20220416 22:58:21.136" level="INFO">Simulating Mouse Over on element 'xpath://div[@class='d-flex flex-wrap']/div[3]'.</msg>
<status status="PASS" starttime="20220416 22:58:21.135" endtime="20220416 22:58:21.493"/>
</kw>
<kw name="Wait Until Keyword Succeeds" library="BuiltIn">
<arg>2 min</arg>
<arg>5 sec</arg>
<arg>Click Element</arg>
<arg>${select_product}</arg>
<doc>Runs the specified keyword and retries if it fails.</doc>
<kw name="Click Element" library="SeleniumLibrary">
<arg>${select_product}</arg>
<doc>Click the element identified by ``locator``.</doc>
<msg timestamp="20220416 22:58:21.494" level="INFO">Clicking element 'xpath://div[@class='d-flex flex-wrap']/div[3]'.</msg>
<status status="PASS" starttime="20220416 22:58:21.494" endtime="20220416 22:58:21.710"/>
</kw>
<status status="PASS" starttime="20220416 22:58:21.493" endtime="20220416 22:58:21.710"/>
</kw>
<kw name="Get Window Handles" library="SeleniumLibrary">
<var>${handle}</var>
<doc>Returns all child window handles of the selected browser as a list.</doc>
<msg timestamp="20220416 22:58:21.724" level="INFO">${handle} = ['CDwindow-AC6801956107A239FAE3B380CA7C245E', 'CDwindow-1494A4FF20117D7E423D4DC7563261DB']</msg>
<status status="PASS" starttime="20220416 22:58:21.710" endtime="20220416 22:58:21.724"/>
</kw>
<kw name="Switch Window" library="SeleniumLibrary">
<arg>NEW</arg>
<doc>Switches to browser window matching ``locator``.</doc>
<status status="PASS" starttime="20220416 22:58:21.725" endtime="20220416 22:58:21.743"/>
</kw>
<status status="PASS" starttime="20220416 22:58:19.845" endtime="20220416 22:58:21.744"/>
</kw>
<kw name="Click" library="commonfunctionality">
<arg>${cartButton}</arg>
<kw name="Wait Until Element Is Enabled" library="SeleniumLibrary">
<arg>${arg}</arg>
<doc>Waits until the element ``locator`` is enabled.</doc>
<status status="PASS" starttime="20220416 22:58:21.749" endtime="20220416 22:58:27.014"/>
</kw>
<kw name="Run Keyword And Ignore Error" library="BuiltIn">
<arg>Scroll Element Into View</arg>
<arg>${arg}</arg>
<doc>Runs the given keyword with the given arguments and ignores possible error.</doc>
<kw name="Scroll Element Into View" library="SeleniumLibrary">
<arg>${arg}</arg>
<doc>Scrolls the element identified by ``locator`` into view.</doc>
<status status="PASS" starttime="20220416 22:58:27.015" endtime="20220416 22:58:27.346"/>
</kw>
<status status="PASS" starttime="20220416 22:58:27.014" endtime="20220416 22:58:27.346"/>
</kw>
<kw name="Wait Until Element Is Visible" library="SeleniumLibrary">
<arg>${arg}</arg>
<doc>Waits until the element ``locator`` is visible.</doc>
<status status="PASS" starttime="20220416 22:58:27.347" endtime="20220416 22:58:27.398"/>
</kw>
<kw name="Run Keyword And Ignore Error" library="BuiltIn">
<arg>Mouse Over</arg>
<arg>${arg}</arg>
<doc>Runs the given keyword with the given arguments and ignores possible error.</doc>
<kw name="Mouse Over" library="SeleniumLibrary">
<arg>${arg}</arg>
<doc>Simulates hovering the mouse over the element ``locator``.</doc>
<msg timestamp="20220416 22:58:27.399" level="INFO">Simulating Mouse Over on element 'xpath://a[@href="/checkout/cart/"]'.</msg>
<status status="PASS" starttime="20220416 22:58:27.398" endtime="20220416 22:58:27.694"/>
</kw>
<status status="PASS" starttime="20220416 22:58:27.398" endtime="20220416 22:58:27.694"/>
</kw>
<kw name="Wait Until Keyword Succeeds" library="BuiltIn">
<arg>2 min</arg>
<arg>5 sec</arg>
<arg>Click Element</arg>
<arg>${arg}</arg>
<doc>Runs the specified keyword and retries if it fails.</doc>
<kw name="Click Element" library="SeleniumLibrary">
<arg>${arg}</arg>
<doc>Click the element identified by ``locator``.</doc>
<msg timestamp="20220416 22:58:27.696" level="INFO">Clicking element 'xpath://a[@href="/checkout/cart/"]'.</msg>
<status status="PASS" starttime="20220416 22:58:27.695" endtime="20220416 22:58:27.944"/>
</kw>
<status status="PASS" starttime="20220416 22:58:27.694" endtime="20220416 22:58:27.944"/>
</kw>
<status status="PASS" starttime="20220416 22:58:21.745" endtime="20220416 22:58:27.945"/>
</kw>
<kw name="Remove Product" library="Delete_Product">
<kw name="Wait Until Element Is Visible" library="SeleniumLibrary">
<arg>xpath://*[contains(text(),'سبد خرید شما')]</arg>
<doc>Waits until the element ``locator`` is visible.</doc>
<status status="PASS" starttime="20220416 22:58:27.947" endtime="20220416 22:58:28.083"/>
</kw>
<kw name="Wait Until Element Is Enabled" library="SeleniumLibrary">
<arg>${Delet}</arg>
<doc>Waits until the element ``locator`` is enabled.</doc>
<status status="PASS" starttime="20220416 22:58:28.083" endtime="20220416 22:58:28.411"/>
</kw>
<kw name="Run Keyword And Ignore Error" library="BuiltIn">
<arg>Scroll Element Into View</arg>
<arg>${Delet}</arg>
<doc>Runs the given keyword with the given arguments and ignores possible error.</doc>
<kw name="Scroll Element Into View" library="SeleniumLibrary">
<arg>${Delet}</arg>
<doc>Scrolls the element identified by ``locator`` into view.</doc>
<status status="PASS" starttime="20220416 22:58:28.414" endtime="20220416 22:58:28.767"/>
</kw>
<status status="PASS" starttime="20220416 22:58:28.413" endtime="20220416 22:58:28.767"/>
</kw>
<kw name="Wait Until Element Is Visible" library="SeleniumLibrary">
<arg>${Delet}</arg>
<doc>Waits until the element ``locator`` is visible.</doc>
<status status="PASS" starttime="20220416 22:58:28.768" endtime="20220416 22:58:28.800"/>
</kw>
<kw name="Wait Until Keyword Succeeds" library="BuiltIn">
<arg>2 min</arg>
<arg>5 sec</arg>
<arg>Click Element</arg>
<arg>${Delet}</arg>
<doc>Runs the specified keyword and retries if it fails.</doc>
<kw name="Click Element" library="SeleniumLibrary">
<arg>${Delet}</arg>
<doc>Click the element identified by ``locator``.</doc>
<msg timestamp="20220416 22:58:28.801" level="INFO">Clicking element '//*[@id="__next"]/div[1]/div[3]/div[3]/div[2]/div/ul[2]/li/div/div/section/div/div/div[2]/div[2]/div[1]/div[3]/div/button[2]'.</msg>
<status status="PASS" starttime="20220416 22:58:28.801" endtime="20220416 22:58:28.953"/>
</kw>
<status status="PASS" starttime="20220416 22:58:28.800" endtime="20220416 22:58:28.953"/>
</kw>
<status status="PASS" starttime="20220416 22:58:27.945" endtime="20220416 22:58:28.954"/>
</kw>
<tag>DigiKala_Delete_Product</tag>
<status status="PASS" starttime="20220416 22:58:15.130" endtime="20220416 22:58:28.957"/>
</test>
<kw name="Close Page" library="commonfunctionality" type="TEARDOWN">
<kw name="Close Browser" library="SeleniumLibrary">
<doc>Closes the current browser.</doc>
<status status="PASS" starttime="20220416 22:58:28.963" endtime="20220416 22:58:31.606"/>
</kw>
<status status="PASS" starttime="20220416 22:58:28.962" endtime="20220416 22:58:31.607"/>
</kw>
<doc>Delete Product</doc>
<status status="PASS" starttime="20220416 22:57:56.370" endtime="20220416 22:58:31.607"/>
</suite>
<statistics>
<total>
<stat pass="1" fail="0" skip="0">All Tests</stat>
</total>
<tag>
<stat pass="1" fail="0" skip="0">DigiKala_Delete_Product</stat>
</tag>
<suite>
<stat pass="1" fail="0" skip="0" id="s1" name="DigiKala Delete Product">DigiKala Delete Product</stat>
</suite>
</statistics>
<errors>
</errors>
</robot>
